#
# There is insufficient memory for the Java Runtime Environment to continue.
# Native memory allocation (mmap) failed to map 108003328 bytes for Failed to commit area from 0x0000000093c00000 to 0x000000009a300000 of length 108003328.
# Possible reasons:
#   The system is out of physical RAM or swap space
#   The process is running with CompressedOops enabled, and the Java Heap may be blocking the growth of the native heap
# Possible solutions:
#   Reduce memory load on the system
#   Increase physical memory or swap space
#   Check if swap backing store is full
#   Decrease Java heap size (-Xmx/-Xms)
#   Decrease number of Java threads
#   Decrease Java thread stack sizes (-Xss)
#   Set larger code cache with -XX:ReservedCodeCacheSize=
#   JVM is running with Unscaled Compressed Oops mode in which the Java heap is
#     placed in the first 4GB address space. The Java Heap base address is the
#     maximum limit for the native heap growth. Please use -XX:HeapBaseMinAddress
#     to set the Java Heap base and to place the Java Heap above 4GB virtual address.
# This output file may be truncated or incomplete.
#
#  Out of Memory Error (./src/hotspot/os/windows/os_windows.cpp:3386), pid=16064, tid=16536
#
# JRE version: OpenJDK Runtime Environment Microsoft-7208460 (11.0.18+10) (build 11.0.18+10-LTS)
# Java VM: OpenJDK 64-Bit Server VM Microsoft-7208460 (11.0.18+10-LTS, mixed mode, tiered, compressed oops, g1 gc, windows-amd64)
# No core dump will be written. Minidumps are not enabled by default on client versions of Windows
#

---------------  S U M M A R Y ------------

Command Line: -XX:MaxMetaspaceSize=512m --add-opens=java.base/java.util=ALL-UNNAMED --add-opens=java.base/java.lang=ALL-UNNAMED --add-opens=java.base/java.lang.invoke=ALL-UNNAMED --add-opens=java.base/java.util=ALL-UNNAMED --add-opens=java.prefs/java.util.prefs=ALL-UNNAMED --add-opens=java.prefs/java.util.prefs=ALL-UNNAMED --add-opens=java.base/java.nio.charset=ALL-UNNAMED --add-opens=java.base/java.net=ALL-UNNAMED --add-opens=java.base/java.util.concurrent.atomic=ALL-UNNAMED -Xmx2048m -Dfile.encoding=windows-1252 -Duser.country=US -Duser.language=en -Duser.variant org.gradle.launcher.daemon.bootstrap.GradleDaemon 7.5.1

Host: Intel(R) Core(TM) i5-6300U CPU @ 2.40GHz, 4 cores, 7G,  Windows 10 , 64 bit Build 19041 (10.0.19041.2913)
Time: Mon Jun  5 12:29:18 2023 India Standard Time elapsed time: 529.776999 seconds (0d 0h 8m 49s)

---------------  T H R E A D  ---------------

Current thread (0x0000022b1ef1e800):  VMThread "VM Thread" [stack: 0x00000080baa00000,0x00000080bab00000] [id=16536]

Stack: [0x00000080baa00000,0x00000080bab00000]
[error occurred during error reporting (printing stack bounds), id 0xc0000005, EXCEPTION_ACCESS_VIOLATION (0xc0000005) at pc=0x0000022b086c112d]

Native frames: (J=compiled Java code, j=interpreted, Vv=VM code, C=native code)
V  [jvm.dll+0x62bf8a]
V  [jvm.dll+0x7b8fb9]
V  [jvm.dll+0x7ba6a8]
V  [jvm.dll+0x7bace5]
V  [jvm.dll+0x7bac9b]
V  [jvm.dll+0x62b317]
V  [jvm.dll+0x62ba28]
C  [ntdll.dll+0xa23df]
C  [ntdll.dll+0x514a4]
C  [ntdll.dll+0xa0f0e]
C  0x0000022b086c112d

VM_Operation (0x00000080bbdf3240): G1CollectForAllocation, mode: safepoint, requested by thread 0x0000022b20826000


---------------  P R O C E S S  ---------------

Threads class SMR info:
_java_thread_list=0x0000022b26295990, length=85, elements={
0x0000022b7fd33800, 0x0000022b1ef35800, 0x0000022b1ef3e800, 0x0000022b1ef86800,
0x0000022b1ef88800, 0x0000022b1ef89800, 0x0000022b1f8a3800, 0x0000022b1f8a4800,
0x0000022b1f8b7800, 0x0000022b1fa0c000, 0x0000022b21ce7800, 0x0000022b1ffff800,
0x0000022b20c22000, 0x0000022b1fd2b000, 0x0000022b20c23000, 0x0000022b2169a800,
0x0000022b20826000, 0x0000022b20462000, 0x0000022b20463000, 0x0000022b1fbdd800,
0x0000022b20ae5000, 0x0000022b20ae3800, 0x0000022b20ae6000, 0x0000022b20ae4000,
0x0000022b20ae6800, 0x0000022b20ae8800, 0x0000022b20aea000, 0x0000022b20ae7800,
0x0000022b21682000, 0x0000022b21681000, 0x0000022b21683000, 0x0000022b21683800,
0x0000022b21680800, 0x0000022b21684800, 0x0000022b21689800, 0x0000022b2168b000,
0x0000022b21688800, 0x0000022b2168b800, 0x0000022b21687000, 0x0000022b21687800,
0x0000022b21686000, 0x0000022b2168d800, 0x0000022b2168c800, 0x0000022b2168e000,
0x0000022b2168f000, 0x0000022b20ae9000, 0x0000022b21a9b000, 0x0000022b21aa1800,
0x0000022b21a9c000, 0x0000022b21aa2800, 0x0000022b21a9d000, 0x0000022b21a9e800,
0x0000022b21a9d800, 0x0000022b21aa3800, 0x0000022b21aa4000, 0x0000022b21aa5000,
0x0000022b21aa1000, 0x0000022b21a9f800, 0x0000022b21aa0000, 0x0000022b21aa6000,
0x0000022b21aa6800, 0x0000022b21aa8800, 0x0000022b21aa7800, 0x0000022b21aa9000,
0x0000022b21aaa000, 0x0000022b228b8000, 0x0000022b228ba000, 0x0000022b228ba800,
0x0000022b228be000, 0x0000022b228bd000, 0x0000022b228b9000, 0x0000022b228bf800,
0x0000022b228be800, 0x0000022b228bc800, 0x0000022b228c0800, 0x0000022b228bb800,
0x0000022b228c2000, 0x0000022b228c6000, 0x0000022b228c3000, 0x0000022b228c3800,
0x0000022b228c7000, 0x0000022b228c4800, 0x0000022b228c5800, 0x0000022b23114000,
0x0000022b2310f000
}

Java Threads: ( => current thread )
  0x0000022b7fd33800 JavaThread "main" [_thread_blocked, id=10644, stack(0x00000080ba400000,0x00000080ba500000)]
  0x0000022b1ef35800 JavaThread "Reference Handler" daemon [_thread_blocked, id=16548, stack(0x00000080bab00000,0x00000080bac00000)]
  0x0000022b1ef3e800 JavaThread "Finalizer" daemon [_thread_blocked, id=16552, stack(0x00000080bac00000,0x00000080bad00000)]
  0x0000022b1ef86800 JavaThread "Signal Dispatcher" daemon [_thread_blocked, id=16608, stack(0x00000080bad00000,0x00000080bae00000)]
  0x0000022b1ef88800 JavaThread "Attach Listener" daemon [_thread_blocked, id=16612, stack(0x00000080bae00000,0x00000080baf00000)]
  0x0000022b1ef89800 JavaThread "Service Thread" daemon [_thread_blocked, id=16616, stack(0x00000080baf00000,0x00000080bb000000)]
  0x0000022b1f8a3800 JavaThread "C2 CompilerThread0" daemon [_thread_blocked, id=16620, stack(0x00000080bb000000,0x00000080bb100000)]
  0x0000022b1f8a4800 JavaThread "C1 CompilerThread0" daemon [_thread_blocked, id=16624, stack(0x00000080bb100000,0x00000080bb200000)]
  0x0000022b1f8b7800 JavaThread "Sweeper thread" daemon [_thread_blocked, id=16628, stack(0x00000080bb200000,0x00000080bb300000)]
  0x0000022b1fa0c000 JavaThread "Common-Cleaner" daemon [_thread_blocked, id=16696, stack(0x00000080bb300000,0x00000080bb400000)]
  0x0000022b21ce7800 JavaThread "Daemon health stats" [_thread_blocked, id=16280, stack(0x00000080bb700000,0x00000080bb800000)]
  0x0000022b1ffff800 JavaThread "Incoming local TCP Connector on port 58862" [_thread_in_native, id=16252, stack(0x00000080bb800000,0x00000080bb900000)]
  0x0000022b20c22000 JavaThread "Daemon periodic checks" [_thread_blocked, id=1196, stack(0x00000080bb900000,0x00000080bba00000)]
  0x0000022b1fd2b000 JavaThread "Daemon" [_thread_blocked, id=12540, stack(0x00000080bba00000,0x00000080bbb00000)]
  0x0000022b20c23000 JavaThread "Handler for socket connection from /127.0.0.1:58862 to /127.0.0.1:58892" [_thread_in_native, id=12836, stack(0x00000080bbb00000,0x00000080bbc00000)]
  0x0000022b2169a800 JavaThread "Cancel handler" [_thread_blocked, id=4312, stack(0x00000080bbc00000,0x00000080bbd00000)]
  0x0000022b20826000 JavaThread "Daemon worker" [_thread_blocked, id=7728, stack(0x00000080bbd00000,0x00000080bbe00000)]
  0x0000022b20462000 JavaThread "Asynchronous log dispatcher for DefaultDaemonConnection: socket connection from /127.0.0.1:58862 to /127.0.0.1:58892" [_thread_blocked, id=17012, stack(0x00000080bbe00000,0x00000080bbf00000)]
  0x0000022b20463000 JavaThread "Stdin handler" [_thread_blocked, id=8224, stack(0x00000080bbf00000,0x00000080bc000000)]
  0x0000022b1fbdd800 JavaThread "Daemon client event forwarder" [_thread_blocked, id=15988, stack(0x00000080bc000000,0x00000080bc100000)]
  0x0000022b20ae5000 JavaThread "Cache worker for journal cache (C:\Users\hp\.gradle\caches\journal-1)" [_thread_blocked, id=17184, stack(0x00000080ba300000,0x00000080ba400000)]
  0x0000022b20ae3800 JavaThread "File lock request listener" [_thread_in_native, id=8924, stack(0x00000080bc300000,0x00000080bc400000)]
  0x0000022b20ae6000 JavaThread "Cache worker for file hash cache (C:\Users\hp\.gradle\caches\7.5.1\fileHashes)" [_thread_blocked, id=8100, stack(0x00000080bc500000,0x00000080bc600000)]
  0x0000022b20ae4000 JavaThread "File watcher server" daemon [_thread_in_native, id=11196, stack(0x00000080bc800000,0x00000080bc900000)]
  0x0000022b20ae6800 JavaThread "File watcher consumer" daemon [_thread_blocked, id=13192, stack(0x00000080bc900000,0x00000080bca00000)]
  0x0000022b20ae8800 JavaThread "Cache worker for checksums cache (D:\LoginSignupPage\LoginSignup\android\.gradle\7.5.1\checksums)" [_thread_blocked, id=7276, stack(0x00000080bca00000,0x00000080bcb00000)]
  0x0000022b20aea000 JavaThread "Cache worker for cache directory md-rule (C:\Users\hp\.gradle\caches\7.5.1\md-rule)" [_thread_blocked, id=556, stack(0x00000080bcb00000,0x00000080bcc00000)]
  0x0000022b20ae7800 JavaThread "Cache worker for file content cache (C:\Users\hp\.gradle\caches\7.5.1\fileContent)" [_thread_blocked, id=15940, stack(0x00000080bcc00000,0x00000080bcd00000)]
  0x0000022b21682000 JavaThread "Cache worker for file hash cache (D:\LoginSignupPage\LoginSignup\android\.gradle\7.5.1\fileHashes)" [_thread_blocked, id=9364, stack(0x00000080bcd00000,0x00000080bce00000)]
  0x0000022b21681000 JavaThread "Cache worker for cache directory md-supplier (C:\Users\hp\.gradle\caches\7.5.1\md-supplier)" [_thread_blocked, id=9844, stack(0x00000080bce00000,0x00000080bcf00000)]
  0x0000022b21683000 JavaThread "Cache worker for execution history cache (C:\Users\hp\.gradle\caches\7.5.1\executionHistory)" [_thread_blocked, id=17404, stack(0x00000080bcf00000,0x00000080bd000000)]
  0x0000022b21683800 JavaThread "jar transforms" [_thread_blocked, id=17044, stack(0x00000080ba100000,0x00000080ba200000)]
  0x0000022b21680800 JavaThread "jar transforms Thread 2" [_thread_blocked, id=16996, stack(0x00000080ba200000,0x00000080ba300000)]
  0x0000022b21684800 JavaThread "jar transforms Thread 3" [_thread_blocked, id=17028, stack(0x00000080bd000000,0x00000080bd100000)]
  0x0000022b21689800 JavaThread "jar transforms Thread 4" [_thread_blocked, id=9924, stack(0x00000080bd100000,0x00000080bd200000)]
  0x0000022b2168b000 JavaThread "Cache worker for kotlin-dsl (C:\Users\hp\.gradle\caches\7.5.1\kotlin-dsl)" [_thread_blocked, id=16248, stack(0x00000080bc400000,0x00000080bc500000)]
  0x0000022b21688800 JavaThread "Cache worker for dependencies-accessors (D:\LoginSignupPage\LoginSignup\android\.gradle\7.5.1\dependencies-accessors)" [_thread_blocked, id=9692, stack(0x00000080bc700000,0x00000080bc800000)]
  0x0000022b2168b800 JavaThread "Cache worker for Build Output Cleanup Cache (D:\LoginSignupPage\LoginSignup\node_modules\react-native-gradle-plugin\.gradle\buildOutputCleanup)" [_thread_blocked, id=16012, stack(0x00000080bd200000,0x00000080bd300000)]
  0x0000022b21687000 JavaThread "Unconstrained build operations" [_thread_blocked, id=18332, stack(0x00000080bd300000,0x00000080bd400000)]
  0x0000022b21687800 JavaThread "Unconstrained build operations Thread 2" [_thread_blocked, id=17140, stack(0x00000080bd400000,0x00000080bd500000)]
  0x0000022b21686000 JavaThread "Unconstrained build operations Thread 3" [_thread_blocked, id=16972, stack(0x00000080bd500000,0x00000080bd600000)]
  0x0000022b2168d800 JavaThread "Unconstrained build operations Thread 4" [_thread_blocked, id=8680, stack(0x00000080bd600000,0x00000080bd700000)]
  0x0000022b2168c800 JavaThread "Unconstrained build operations Thread 5" [_thread_blocked, id=14000, stack(0x00000080bd700000,0x00000080bd800000)]
  0x0000022b2168e000 JavaThread "Unconstrained build operations Thread 6" [_thread_blocked, id=17332, stack(0x00000080bd800000,0x00000080bd900000)]
  0x0000022b2168f000 JavaThread "Unconstrained build operations Thread 7" [_thread_blocked, id=17336, stack(0x00000080bd900000,0x00000080bda00000)]
  0x0000022b20ae9000 JavaThread "Unconstrained build operations Thread 8" [_thread_blocked, id=7784, stack(0x00000080bda00000,0x00000080bdb00000)]
  0x0000022b21a9b000 JavaThread "Unconstrained build operations Thread 9" [_thread_blocked, id=12204, stack(0x00000080bdb00000,0x00000080bdc00000)]
  0x0000022b21aa1800 JavaThread "Unconstrained build operations Thread 10" [_thread_blocked, id=17872, stack(0x00000080bdc00000,0x00000080bdd00000)]
  0x0000022b21a9c000 JavaThread "Unconstrained build operations Thread 11" [_thread_blocked, id=3512, stack(0x00000080bdd00000,0x00000080bde00000)]
  0x0000022b21aa2800 JavaThread "Unconstrained build operations Thread 12" [_thread_blocked, id=240, stack(0x00000080bde00000,0x00000080bdf00000)]
  0x0000022b21a9d000 JavaThread "Unconstrained build operations Thread 13" [_thread_blocked, id=12932, stack(0x00000080bdf00000,0x00000080be000000)]
  0x0000022b21a9e800 JavaThread "Unconstrained build operations Thread 14" [_thread_blocked, id=9696, stack(0x00000080be000000,0x00000080be100000)]
  0x0000022b21a9d800 JavaThread "Unconstrained build operations Thread 15" [_thread_blocked, id=5316, stack(0x00000080be100000,0x00000080be200000)]
  0x0000022b21aa3800 JavaThread "Unconstrained build operations Thread 16" [_thread_blocked, id=15324, stack(0x00000080be200000,0x00000080be300000)]
  0x0000022b21aa4000 JavaThread "Unconstrained build operations Thread 17" [_thread_blocked, id=11840, stack(0x00000080be300000,0x00000080be400000)]
  0x0000022b21aa5000 JavaThread "Unconstrained build operations Thread 18" [_thread_blocked, id=17284, stack(0x00000080be400000,0x00000080be500000)]
  0x0000022b21aa1000 JavaThread "Unconstrained build operations Thread 19" [_thread_blocked, id=2720, stack(0x00000080be500000,0x00000080be600000)]
  0x0000022b21a9f800 JavaThread "Unconstrained build operations Thread 20" [_thread_blocked, id=11480, stack(0x00000080be600000,0x00000080be700000)]
  0x0000022b21aa0000 JavaThread "Unconstrained build operations Thread 21" [_thread_blocked, id=10864, stack(0x00000080be700000,0x00000080be800000)]
  0x0000022b21aa6000 JavaThread "Unconstrained build operations Thread 22" [_thread_blocked, id=16880, stack(0x00000080be800000,0x00000080be900000)]
  0x0000022b21aa6800 JavaThread "Unconstrained build operations Thread 23" [_thread_blocked, id=9776, stack(0x00000080be900000,0x00000080bea00000)]
  0x0000022b21aa8800 JavaThread "Unconstrained build operations Thread 24" [_thread_blocked, id=18420, stack(0x00000080bea00000,0x00000080beb00000)]
  0x0000022b21aa7800 JavaThread "Unconstrained build operations Thread 25" [_thread_blocked, id=18408, stack(0x00000080beb00000,0x00000080bec00000)]
  0x0000022b21aa9000 JavaThread "Unconstrained build operations Thread 26" [_thread_blocked, id=18364, stack(0x00000080bec00000,0x00000080bed00000)]
  0x0000022b21aaa000 JavaThread "Unconstrained build operations Thread 27" [_thread_blocked, id=17192, stack(0x00000080bed00000,0x00000080bee00000)]
  0x0000022b228b8000 JavaThread "Unconstrained build operations Thread 28" [_thread_blocked, id=15968, stack(0x00000080bee00000,0x00000080bef00000)]
  0x0000022b228ba000 JavaThread "Unconstrained build operations Thread 29" [_thread_blocked, id=7016, stack(0x00000080bef00000,0x00000080bf000000)]
  0x0000022b228ba800 JavaThread "Unconstrained build operations Thread 30" [_thread_blocked, id=16840, stack(0x00000080bf000000,0x00000080bf100000)]
  0x0000022b228be000 JavaThread "Unconstrained build operations Thread 31" [_thread_blocked, id=11036, stack(0x00000080bf100000,0x00000080bf200000)]
  0x0000022b228bd000 JavaThread "Unconstrained build operations Thread 32" [_thread_blocked, id=16556, stack(0x00000080bf200000,0x00000080bf300000)]
  0x0000022b228b9000 JavaThread "Unconstrained build operations Thread 33" [_thread_blocked, id=17360, stack(0x00000080bf300000,0x00000080bf400000)]
  0x0000022b228bf800 JavaThread "build event listener" [_thread_blocked, id=17516, stack(0x00000080bf400000,0x00000080bf500000)]
  0x0000022b228be800 JavaThread "Memory manager" [_thread_blocked, id=16260, stack(0x00000080bf500000,0x00000080bf600000)]
  0x0000022b228bc800 JavaThread "Cache worker for Build Output Cleanup Cache (D:\LoginSignupPage\LoginSignup\android\.gradle\buildOutputCleanup)" [_thread_blocked, id=4512, stack(0x00000080bf700000,0x00000080bf800000)]
  0x0000022b228c0800 JavaThread "Execution worker" [_thread_blocked, id=10348, stack(0x00000080bf900000,0x00000080bfa00000)]
  0x0000022b228bb800 JavaThread "Execution worker Thread 2" [_thread_blocked, id=18396, stack(0x00000080bfa00000,0x00000080bfb00000)]
  0x0000022b228c2000 JavaThread "Execution worker Thread 3" [_thread_blocked, id=8124, stack(0x00000080bfb00000,0x00000080bfc00000)]
  0x0000022b228c6000 JavaThread "Cache worker for execution history cache (D:\LoginSignupPage\LoginSignup\node_modules\react-native-gradle-plugin\.gradle\7.5.1\executionHistory)" [_thread_blocked, id=16164, stack(0x00000080bfc00000,0x00000080bfd00000)]
  0x0000022b228c3000 JavaThread "Unconstrained build operations Thread 34" [_thread_blocked, id=1292, stack(0x00000080bfd00000,0x00000080bfe00000)]
  0x0000022b228c3800 JavaThread "Unconstrained build operations Thread 35" [_thread_blocked, id=13492, stack(0x00000080bfe00000,0x00000080bff00000)]
  0x0000022b228c7000 JavaThread "Unconstrained build operations Thread 36" [_thread_blocked, id=17368, stack(0x00000080bff00000,0x00000080c0000000)]
  0x0000022b228c4800 JavaThread "Unconstrained build operations Thread 37" [_thread_blocked, id=9376, stack(0x00000080c0000000,0x00000080c0100000)]
  0x0000022b228c5800 JavaThread "Unconstrained build operations Thread 38" [_thread_blocked, id=18260, stack(0x00000080c0100000,0x00000080c0200000)]
  0x0000022b23114000 JavaThread "Unconstrained build operations Thread 39" [_thread_blocked, id=18008, stack(0x00000080c0200000,0x00000080c0300000)]
  0x0000022b2310f000 JavaThread "Unconstrained build operations Thread 40" [_thread_blocked, id=17564, stack(0x00000080c0300000,0x00000080c0400000)]

Other Threads:
=>0x0000022b1ef1e800 VMThread "VM Thread" [stack: 0x00000080baa00000,0x00000080bab00000] [id=16536]
  0x0000022b1fa16000 WatcherThread [stack: 0x00000080bb400000,0x00000080bb500000] [id=16712]
  0x0000022b7fd4b800 GCTaskThread "GC Thread#0" [stack: 0x00000080ba500000,0x00000080ba600000] [id=9656]
  0x0000022b1fe7c800 GCTaskThread "GC Thread#1" [stack: 0x00000080bb500000,0x00000080bb600000] [id=17064]
  0x0000022b1fdb0800 GCTaskThread "GC Thread#2" [stack: 0x00000080bb600000,0x00000080bb700000] [id=17068]
  0x0000022b21193800 GCTaskThread "GC Thread#3" [stack: 0x00000080bc100000,0x00000080bc200000] [id=2404]
  0x0000022b7fd7d000 ConcurrentGCThread "G1 Main Marker" [stack: 0x00000080ba600000,0x00000080ba700000] [id=13676]
  0x0000022b7fd7f000 ConcurrentGCThread "G1 Conc#0" [stack: 0x00000080ba700000,0x00000080ba800000] [id=12600]
  0x0000022b7fe0d800 ConcurrentGCThread "G1 Refine#0" [stack: 0x00000080ba800000,0x00000080ba900000] [id=16424]
  0x0000022b200a1800 ConcurrentGCThread "G1 Refine#1" [stack: 0x00000080bc200000,0x00000080bc300000] [id=12488]
  0x0000022b222c8800 ConcurrentGCThread "G1 Refine#2" [stack: 0x00000080bc600000,0x00000080bc700000] [id=7412]
  0x0000022b7fe0e800 ConcurrentGCThread "G1 Young RemSet Sampling" [stack: 0x00000080ba900000,0x00000080baa00000] [id=16440]

Threads with active compile tasks:

VM state:at safepoint (normal execution)

VM Mutex/Monitor currently owned by a thread:  ([mutex/lock_event])
[0x0000022b7fd2f3b0] Threads_lock - owner thread: 0x0000022b1ef1e800
[0x0000022b7fd30d90] Heap_lock - owner thread: 0x0000022b20826000

Heap address: 0x0000000080000000, size: 2048 MB, Compressed Oops mode: 32-bit
Narrow klass base: 0x0000000000000000, Narrow klass shift: 3
Compressed class space size: 528482304 Address: 0x0000000100000000

Heap:
 garbage-first heap   total 429056K, used 78435K [0x0000000080000000, 0x0000000100000000)
  region size 1024K, 2 young (2048K), 2 survivors (2048K)
 Metaspace       used 84186K, capacity 86539K, committed 86664K, reserved 591872K
  class space    used 10848K, capacity 11833K, committed 11904K, reserved 516096K
Heap Regions: E=young(eden), S=young(survivor), O=old, HS=humongous(starts), HC=humongous(continues), CS=collection set, F=free, A=archive, TAMS=top-at-mark-start (previous, next)
|   0|0x0000000080000000, 0x0000000080100000, 0x0000000080100000|100%|HS|  |TAMS 0x0000000080100000, 0x0000000080000000| Complete 
|   1|0x0000000080100000, 0x0000000080200000, 0x0000000080200000|100%|HC|  |TAMS 0x0000000080200000, 0x0000000080100000| Complete 
|   2|0x0000000080200000, 0x0000000080300000, 0x0000000080300000|100%|HC|  |TAMS 0x0000000080300000, 0x0000000080200000| Complete 
|   3|0x0000000080300000, 0x0000000080400000, 0x0000000080400000|100%| O|  |TAMS 0x0000000080400000, 0x0000000080300000| Untracked 
|   4|0x0000000080400000, 0x0000000080500000, 0x0000000080500000|100%| O|  |TAMS 0x0000000080500000, 0x0000000080400000| Untracked 
|   5|0x0000000080500000, 0x0000000080600000, 0x0000000080600000|100%| O|  |TAMS 0x0000000080600000, 0x0000000080500000| Untracked 
|   6|0x0000000080600000, 0x0000000080700000, 0x0000000080700000|100%| O|  |TAMS 0x0000000080700000, 0x0000000080600000| Untracked 
|   7|0x0000000080700000, 0x0000000080800000, 0x0000000080800000|100%| O|  |TAMS 0x0000000080800000, 0x0000000080700000| Untracked 
|   8|0x0000000080800000, 0x0000000080900000, 0x0000000080900000|100%| O|  |TAMS 0x0000000080900000, 0x0000000080800000| Untracked 
|   9|0x0000000080900000, 0x0000000080a00000, 0x0000000080a00000|100%| O|  |TAMS 0x0000000080a00000, 0x0000000080900000| Untracked 
|  10|0x0000000080a00000, 0x0000000080b00000, 0x0000000080b00000|100%| O|  |TAMS 0x0000000080b00000, 0x0000000080a00000| Untracked 
|  11|0x0000000080b00000, 0x0000000080c00000, 0x0000000080c00000|100%| O|  |TAMS 0x0000000080c00000, 0x0000000080b00000| Untracked 
|  12|0x0000000080c00000, 0x0000000080d00000, 0x0000000080d00000|100%| O|  |TAMS 0x0000000080d00000, 0x0000000080c00000| Untracked 
|  13|0x0000000080d00000, 0x0000000080e00000, 0x0000000080e00000|100%| O|  |TAMS 0x0000000080e00000, 0x0000000080d00000| Untracked 
|  14|0x0000000080e00000, 0x0000000080f00000, 0x0000000080f00000|100%| O|  |TAMS 0x0000000080f00000, 0x0000000080e00000| Untracked 
|  15|0x0000000080f00000, 0x0000000081000000, 0x0000000081000000|100%| O|  |TAMS 0x0000000081000000, 0x0000000080f00000| Untracked 
|  16|0x0000000081000000, 0x0000000081100000, 0x0000000081100000|100%| O|  |TAMS 0x0000000081100000, 0x0000000081000000| Untracked 
|  17|0x0000000081100000, 0x0000000081200000, 0x0000000081200000|100%| O|  |TAMS 0x0000000081200000, 0x0000000081100000| Untracked 
|  18|0x0000000081200000, 0x0000000081300000, 0x0000000081300000|100%| O|  |TAMS 0x0000000081300000, 0x0000000081200000| Untracked 
|  19|0x0000000081300000, 0x0000000081400000, 0x0000000081400000|100%| O|  |TAMS 0x0000000081400000, 0x0000000081300000| Untracked 
|  20|0x0000000081400000, 0x0000000081500000, 0x0000000081500000|100%| O|  |TAMS 0x0000000081500000, 0x0000000081400000| Untracked 
|  21|0x0000000081500000, 0x0000000081600000, 0x0000000081600000|100%| O|  |TAMS 0x0000000081600000, 0x0000000081500000| Untracked 
|  22|0x0000000081600000, 0x0000000081700000, 0x0000000081700000|100%| O|  |TAMS 0x0000000081700000, 0x0000000081600000| Untracked 
|  23|0x0000000081700000, 0x0000000081800000, 0x0000000081800000|100%| O|  |TAMS 0x0000000081800000, 0x0000000081700000| Untracked 
|  24|0x0000000081800000, 0x0000000081900000, 0x0000000081900000|100%| O|  |TAMS 0x0000000081900000, 0x0000000081800000| Untracked 
|  25|0x0000000081900000, 0x0000000081a00000, 0x0000000081a00000|100%| O|  |TAMS 0x0000000081a00000, 0x0000000081900000| Untracked 
|  26|0x0000000081a00000, 0x0000000081b00000, 0x0000000081b00000|100%| O|  |TAMS 0x0000000081b00000, 0x0000000081a00000| Untracked 
|  27|0x0000000081b00000, 0x0000000081c00000, 0x0000000081c00000|100%| O|  |TAMS 0x0000000081c00000, 0x0000000081b00000| Untracked 
|  28|0x0000000081c00000, 0x0000000081d00000, 0x0000000081d00000|100%| O|  |TAMS 0x0000000081d00000, 0x0000000081c00000| Untracked 
|  29|0x0000000081d00000, 0x0000000081e00000, 0x0000000081e00000|100%|HS|  |TAMS 0x0000000081e00000, 0x0000000081d00000| Complete 
|  30|0x0000000081e00000, 0x0000000081f00000, 0x0000000081f00000|100%|HS|  |TAMS 0x0000000081f00000, 0x0000000081e00000| Complete 
|  31|0x0000000081f00000, 0x0000000082000000, 0x0000000082000000|100%|HC|  |TAMS 0x0000000082000000, 0x0000000081f00000| Complete 
|  32|0x0000000082000000, 0x0000000082100000, 0x0000000082100000|100%|HC|  |TAMS 0x0000000082100000, 0x0000000082000000| Complete 
|  33|0x0000000082100000, 0x0000000082200000, 0x0000000082200000|100%| O|  |TAMS 0x0000000082200000, 0x0000000082100000| Untracked 
|  34|0x0000000082200000, 0x0000000082300000, 0x0000000082300000|100%| O|  |TAMS 0x0000000082300000, 0x0000000082200000| Untracked 
|  35|0x0000000082300000, 0x0000000082400000, 0x0000000082400000|100%| O|  |TAMS 0x0000000082400000, 0x0000000082300000| Untracked 
|  36|0x0000000082400000, 0x0000000082500000, 0x0000000082500000|100%| O|  |TAMS 0x0000000082500000, 0x0000000082400000| Untracked 
|  37|0x0000000082500000, 0x0000000082600000, 0x0000000082600000|100%| O|  |TAMS 0x0000000082600000, 0x0000000082500000| Untracked 
|  38|0x0000000082600000, 0x0000000082700000, 0x0000000082700000|100%| O|  |TAMS 0x00000000826bba00, 0x0000000082600000| Untracked 
|  39|0x0000000082700000, 0x0000000082800000, 0x0000000082800000|100%| O|  |TAMS 0x0000000082700000, 0x0000000082700000| Untracked 
|  40|0x0000000082800000, 0x0000000082900000, 0x0000000082900000|100%| O|  |TAMS 0x0000000082800000, 0x0000000082800000| Untracked 
|  41|0x0000000082900000, 0x0000000082a00000, 0x0000000082a00000|100%| O|  |TAMS 0x0000000082900000, 0x0000000082900000| Untracked 
|  42|0x0000000082a00000, 0x0000000082b00000, 0x0000000082b00000|100%| O|  |TAMS 0x0000000082a00000, 0x0000000082a00000| Untracked 
|  43|0x0000000082b00000, 0x0000000082c00000, 0x0000000082c00000|100%| O|  |TAMS 0x0000000082b00000, 0x0000000082b00000| Untracked 
|  44|0x0000000082c00000, 0x0000000082d00000, 0x0000000082d00000|100%| O|  |TAMS 0x0000000082c00000, 0x0000000082c00000| Untracked 
|  45|0x0000000082d00000, 0x0000000082e00000, 0x0000000082e00000|100%| O|  |TAMS 0x0000000082d00000, 0x0000000082d00000| Untracked 
|  46|0x0000000082e00000, 0x0000000082f00000, 0x0000000082f00000|100%| O|  |TAMS 0x0000000082e00000, 0x0000000082e00000| Untracked 
|  47|0x0000000082f00000, 0x0000000083000000, 0x0000000083000000|100%| O|  |TAMS 0x0000000082f00000, 0x0000000082f00000| Untracked 
|  48|0x0000000083000000, 0x0000000083100000, 0x0000000083100000|100%| O|  |TAMS 0x0000000083000000, 0x0000000083000000| Untracked 
|  49|0x0000000083100000, 0x0000000083200000, 0x0000000083200000|100%| O|  |TAMS 0x0000000083100000, 0x0000000083100000| Untracked 
|  50|0x0000000083200000, 0x0000000083300000, 0x0000000083300000|100%|HS|  |TAMS 0x0000000083200000, 0x0000000083200000| Complete 
|  51|0x0000000083300000, 0x0000000083400000, 0x0000000083400000|100%|HS|  |TAMS 0x0000000083300000, 0x0000000083300000| Complete 
|  52|0x0000000083400000, 0x0000000083500000, 0x0000000083500000|100%| O|  |TAMS 0x0000000083400000, 0x0000000083400000| Untracked 
|  53|0x0000000083500000, 0x0000000083600000, 0x0000000083600000|100%| O|  |TAMS 0x0000000083500000, 0x0000000083500000| Untracked 
|  54|0x0000000083600000, 0x0000000083700000, 0x0000000083700000|100%| O|  |TAMS 0x0000000083600000, 0x0000000083600000| Untracked 
|  55|0x0000000083700000, 0x0000000083800000, 0x0000000083800000|100%| O|  |TAMS 0x0000000083700000, 0x0000000083700000| Untracked 
|  56|0x0000000083800000, 0x0000000083900000, 0x0000000083900000|100%| O|  |TAMS 0x0000000083800000, 0x0000000083800000| Untracked 
|  57|0x0000000083900000, 0x0000000083a00000, 0x0000000083a00000|100%|HS|  |TAMS 0x0000000083900000, 0x0000000083900000| Complete 
|  58|0x0000000083a00000, 0x0000000083b00000, 0x0000000083b00000|100%|HC|  |TAMS 0x0000000083a00000, 0x0000000083a00000| Complete 
|  59|0x0000000083b00000, 0x0000000083c00000, 0x0000000083c00000|100%| O|  |TAMS 0x0000000083b00000, 0x0000000083b00000| Untracked 
|  60|0x0000000083c00000, 0x0000000083d00000, 0x0000000083d00000|100%| O|  |TAMS 0x0000000083c00000, 0x0000000083c00000| Untracked 
|  61|0x0000000083d00000, 0x0000000083e00000, 0x0000000083e00000|100%|HS|  |TAMS 0x0000000083d00000, 0x0000000083d00000| Complete 
|  62|0x0000000083e00000, 0x0000000083f00000, 0x0000000083f00000|100%| O|  |TAMS 0x0000000083e00000, 0x0000000083e00000| Untracked 
|  63|0x0000000083f00000, 0x0000000084000000, 0x0000000084000000|100%|HS|  |TAMS 0x0000000083f00000, 0x0000000083f00000| Complete 
|  64|0x0000000084000000, 0x0000000084100000, 0x0000000084100000|100%|HS|  |TAMS 0x0000000084000000, 0x0000000084000000| Complete 
|  65|0x0000000084100000, 0x0000000084200000, 0x0000000084200000|100%|HS|  |TAMS 0x0000000084100000, 0x0000000084100000| Complete 
|  66|0x0000000084200000, 0x0000000084300000, 0x0000000084300000|100%| O|  |TAMS 0x0000000084200000, 0x0000000084200000| Untracked 
|  67|0x0000000084300000, 0x0000000084400000, 0x0000000084400000|100%| O|  |TAMS 0x0000000084300000, 0x0000000084300000| Untracked 
|  68|0x0000000084400000, 0x0000000084500000, 0x0000000084500000|100%| O|  |TAMS 0x0000000084400000, 0x0000000084400000| Untracked 
|  69|0x0000000084500000, 0x0000000084600000, 0x0000000084600000|100%| O|  |TAMS 0x0000000084500000, 0x0000000084500000| Untracked 
|  70|0x0000000084600000, 0x0000000084700000, 0x0000000084700000|100%| O|  |TAMS 0x0000000084600000, 0x0000000084600000| Untracked 
|  71|0x0000000084700000, 0x0000000084800000, 0x0000000084800000|100%| O|  |TAMS 0x0000000084700000, 0x0000000084700000| Untracked 
|  72|0x0000000084800000, 0x0000000084900000, 0x0000000084900000|100%| O|  |TAMS 0x0000000084800000, 0x0000000084800000| Untracked 
|  73|0x0000000084900000, 0x0000000084a00000, 0x0000000084a00000|100%| O|  |TAMS 0x0000000084900000, 0x0000000084900000| Untracked 
|  74|0x0000000084a00000, 0x0000000084b00000, 0x0000000084b00000|100%| O|  |TAMS 0x0000000084a00000, 0x0000000084a00000| Untracked 
|  75|0x0000000084b00000, 0x0000000084b68c00, 0x0000000084c00000| 40%| O|  |TAMS 0x0000000084b00000, 0x0000000084b00000| Untracked 
|  76|0x0000000084c00000, 0x0000000084c00000, 0x0000000084d00000|  0%| F|  |TAMS 0x0000000084c00000, 0x0000000084c00000| Untracked 
|  77|0x0000000084d00000, 0x0000000084d00000, 0x0000000084e00000|  0%| F|  |TAMS 0x0000000084d00000, 0x0000000084d00000| Untracked 
|  78|0x0000000084e00000, 0x0000000084e00000, 0x0000000084f00000|  0%| F|  |TAMS 0x0000000084e00000, 0x0000000084e00000| Untracked 
|  79|0x0000000084f00000, 0x0000000084f00000, 0x0000000085000000|  0%| F|  |TAMS 0x0000000084f00000, 0x0000000084f00000| Untracked 
|  80|0x0000000085000000, 0x0000000085000000, 0x0000000085100000|  0%| F|  |TAMS 0x0000000085000000, 0x0000000085000000| Untracked 
|  81|0x0000000085100000, 0x0000000085100000, 0x0000000085200000|  0%| F|  |TAMS 0x0000000085100000, 0x0000000085100000| Untracked 
|  82|0x0000000085200000, 0x0000000085200000, 0x0000000085300000|  0%| F|  |TAMS 0x0000000085200000, 0x0000000085200000| Untracked 
|  83|0x0000000085300000, 0x0000000085300000, 0x0000000085400000|  0%| F|  |TAMS 0x0000000085300000, 0x0000000085300000| Untracked 
|  84|0x0000000085400000, 0x0000000085400000, 0x0000000085500000|  0%| F|  |TAMS 0x0000000085400000, 0x0000000085400000| Untracked 
|  85|0x0000000085500000, 0x0000000085500000, 0x0000000085600000|  0%| F|  |TAMS 0x0000000085500000, 0x0000000085500000| Untracked 
|  86|0x0000000085600000, 0x0000000085600000, 0x0000000085700000|  0%| F|  |TAMS 0x0000000085600000, 0x0000000085600000| Untracked 
|  87|0x0000000085700000, 0x0000000085700000, 0x0000000085800000|  0%| F|  |TAMS 0x0000000085700000, 0x0000000085700000| Untracked 
|  88|0x0000000085800000, 0x0000000085800000, 0x0000000085900000|  0%| F|  |TAMS 0x0000000085800000, 0x0000000085800000| Untracked 
|  89|0x0000000085900000, 0x0000000085900000, 0x0000000085a00000|  0%| F|  |TAMS 0x0000000085900000, 0x0000000085900000| Untracked 
|  90|0x0000000085a00000, 0x0000000085a00000, 0x0000000085b00000|  0%| F|  |TAMS 0x0000000085a00000, 0x0000000085a00000| Untracked 
|  91|0x0000000085b00000, 0x0000000085b00000, 0x0000000085c00000|  0%| F|  |TAMS 0x0000000085b00000, 0x0000000085b00000| Untracked 
|  92|0x0000000085c00000, 0x0000000085c00000, 0x0000000085d00000|  0%| F|  |TAMS 0x0000000085c00000, 0x0000000085c00000| Untracked 
|  93|0x0000000085d00000, 0x0000000085d00000, 0x0000000085e00000|  0%| F|  |TAMS 0x0000000085d00000, 0x0000000085d00000| Untracked 
|  94|0x0000000085e00000, 0x0000000085e00000, 0x0000000085f00000|  0%| F|  |TAMS 0x0000000085e00000, 0x0000000085e00000| Untracked 
|  95|0x0000000085f00000, 0x0000000085f00000, 0x0000000086000000|  0%| F|  |TAMS 0x0000000085f00000, 0x0000000085f00000| Untracked 
|  96|0x0000000086000000, 0x0000000086000000, 0x0000000086100000|  0%| F|  |TAMS 0x0000000086000000, 0x0000000086000000| Untracked 
|  97|0x0000000086100000, 0x0000000086100000, 0x0000000086200000|  0%| F|  |TAMS 0x0000000086100000, 0x0000000086100000| Untracked 
|  98|0x0000000086200000, 0x0000000086200000, 0x0000000086300000|  0%| F|  |TAMS 0x0000000086200000, 0x0000000086200000| Untracked 
|  99|0x0000000086300000, 0x0000000086300000, 0x0000000086400000|  0%| F|  |TAMS 0x0000000086300000, 0x0000000086300000| Untracked 
| 100|0x0000000086400000, 0x0000000086400000, 0x0000000086500000|  0%| F|  |TAMS 0x0000000086400000, 0x0000000086400000| Untracked 
| 101|0x0000000086500000, 0x0000000086500000, 0x0000000086600000|  0%| F|  |TAMS 0x0000000086500000, 0x0000000086500000| Untracked 
| 102|0x0000000086600000, 0x0000000086600000, 0x0000000086700000|  0%| F|  |TAMS 0x0000000086600000, 0x0000000086600000| Untracked 
| 103|0x0000000086700000, 0x0000000086700000, 0x0000000086800000|  0%| F|  |TAMS 0x0000000086700000, 0x0000000086700000| Untracked 
| 104|0x0000000086800000, 0x0000000086800000, 0x0000000086900000|  0%| F|  |TAMS 0x0000000086800000, 0x0000000086800000| Untracked 
| 105|0x0000000086900000, 0x0000000086900000, 0x0000000086a00000|  0%| F|  |TAMS 0x0000000086900000, 0x0000000086900000| Untracked 
| 106|0x0000000086a00000, 0x0000000086a00000, 0x0000000086b00000|  0%| F|  |TAMS 0x0000000086a00000, 0x0000000086a00000| Untracked 
| 107|0x0000000086b00000, 0x0000000086b00000, 0x0000000086c00000|  0%| F|  |TAMS 0x0000000086b00000, 0x0000000086b00000| Untracked 
| 108|0x0000000086c00000, 0x0000000086c00000, 0x0000000086d00000|  0%| F|  |TAMS 0x0000000086c00000, 0x0000000086c00000| Untracked 
| 109|0x0000000086d00000, 0x0000000086d00000, 0x0000000086e00000|  0%| F|  |TAMS 0x0000000086d00000, 0x0000000086d00000| Untracked 
| 110|0x0000000086e00000, 0x0000000086e00000, 0x0000000086f00000|  0%| F|  |TAMS 0x0000000086e00000, 0x0000000086e00000| Untracked 
| 111|0x0000000086f00000, 0x0000000086f00000, 0x0000000087000000|  0%| F|  |TAMS 0x0000000086f00000, 0x0000000086f00000| Untracked 
| 112|0x0000000087000000, 0x0000000087000000, 0x0000000087100000|  0%| F|  |TAMS 0x0000000087000000, 0x0000000087000000| Untracked 
| 113|0x0000000087100000, 0x0000000087100000, 0x0000000087200000|  0%| F|  |TAMS 0x0000000087100000, 0x0000000087100000| Untracked 
| 114|0x0000000087200000, 0x0000000087200000, 0x0000000087300000|  0%| F|  |TAMS 0x0000000087200000, 0x0000000087200000| Untracked 
| 115|0x0000000087300000, 0x0000000087300000, 0x0000000087400000|  0%| F|  |TAMS 0x0000000087300000, 0x0000000087300000| Untracked 
| 116|0x0000000087400000, 0x0000000087400000, 0x0000000087500000|  0%| F|  |TAMS 0x0000000087400000, 0x0000000087400000| Untracked 
| 117|0x0000000087500000, 0x0000000087500000, 0x0000000087600000|  0%| F|  |TAMS 0x0000000087500000, 0x0000000087500000| Untracked 
| 118|0x0000000087600000, 0x0000000087600000, 0x0000000087700000|  0%| F|  |TAMS 0x0000000087600000, 0x0000000087600000| Untracked 
| 119|0x0000000087700000, 0x0000000087700000, 0x0000000087800000|  0%| F|  |TAMS 0x0000000087700000, 0x0000000087700000| Untracked 
| 120|0x0000000087800000, 0x0000000087800000, 0x0000000087900000|  0%| F|  |TAMS 0x0000000087800000, 0x0000000087800000| Untracked 
| 121|0x0000000087900000, 0x0000000087900000, 0x0000000087a00000|  0%| F|  |TAMS 0x0000000087900000, 0x0000000087900000| Untracked 
| 122|0x0000000087a00000, 0x0000000087a00000, 0x0000000087b00000|  0%| F|  |TAMS 0x0000000087a00000, 0x0000000087a00000| Untracked 
| 123|0x0000000087b00000, 0x0000000087b00000, 0x0000000087c00000|  0%| F|  |TAMS 0x0000000087b00000, 0x0000000087b00000| Untracked 
| 124|0x0000000087c00000, 0x0000000087c00000, 0x0000000087d00000|  0%| F|  |TAMS 0x0000000087c00000, 0x0000000087c00000| Untracked 
| 125|0x0000000087d00000, 0x0000000087d00000, 0x0000000087e00000|  0%| F|  |TAMS 0x0000000087d00000, 0x0000000087d00000| Untracked 
| 126|0x0000000087e00000, 0x0000000087e00000, 0x0000000087f00000|  0%| F|  |TAMS 0x0000000087e00000, 0x0000000087e00000| Untracked 
| 127|0x0000000087f00000, 0x0000000087f00000, 0x0000000088000000|  0%| F|  |TAMS 0x0000000087f00000, 0x0000000087f00000| Untracked 
| 128|0x0000000088000000, 0x0000000088000000, 0x0000000088100000|  0%| F|  |TAMS 0x0000000088000000, 0x0000000088000000| Untracked 
| 129|0x0000000088100000, 0x0000000088100000, 0x0000000088200000|  0%| F|  |TAMS 0x0000000088100000, 0x0000000088100000| Untracked 
| 130|0x0000000088200000, 0x0000000088200000, 0x0000000088300000|  0%| F|  |TAMS 0x0000000088200000, 0x0000000088200000| Untracked 
| 131|0x0000000088300000, 0x0000000088300000, 0x0000000088400000|  0%| F|  |TAMS 0x0000000088300000, 0x0000000088300000| Untracked 
| 132|0x0000000088400000, 0x0000000088400000, 0x0000000088500000|  0%| F|  |TAMS 0x0000000088400000, 0x0000000088400000| Untracked 
| 133|0x0000000088500000, 0x0000000088500000, 0x0000000088600000|  0%| F|  |TAMS 0x0000000088500000, 0x0000000088500000| Untracked 
| 134|0x0000000088600000, 0x0000000088600000, 0x0000000088700000|  0%| F|  |TAMS 0x0000000088600000, 0x0000000088600000| Untracked 
| 135|0x0000000088700000, 0x0000000088700000, 0x0000000088800000|  0%| F|  |TAMS 0x0000000088700000, 0x0000000088700000| Untracked 
| 136|0x0000000088800000, 0x0000000088800000, 0x0000000088900000|  0%| F|  |TAMS 0x0000000088800000, 0x0000000088800000| Untracked 
| 137|0x0000000088900000, 0x0000000088900000, 0x0000000088a00000|  0%| F|  |TAMS 0x0000000088900000, 0x0000000088900000| Untracked 
| 138|0x0000000088a00000, 0x0000000088a00000, 0x0000000088b00000|  0%| F|  |TAMS 0x0000000088a00000, 0x0000000088a00000| Untracked 
| 139|0x0000000088b00000, 0x0000000088b00000, 0x0000000088c00000|  0%| F|  |TAMS 0x0000000088b00000, 0x0000000088b00000| Untracked 
| 140|0x0000000088c00000, 0x0000000088c00000, 0x0000000088d00000|  0%| F|  |TAMS 0x0000000088c00000, 0x0000000088c00000| Untracked 
| 141|0x0000000088d00000, 0x0000000088d00000, 0x0000000088e00000|  0%| F|  |TAMS 0x0000000088d00000, 0x0000000088d00000| Untracked 
| 142|0x0000000088e00000, 0x0000000088e00000, 0x0000000088f00000|  0%| F|  |TAMS 0x0000000088e00000, 0x0000000088e00000| Untracked 
| 143|0x0000000088f00000, 0x0000000088f00000, 0x0000000089000000|  0%| F|  |TAMS 0x0000000088f00000, 0x0000000088f00000| Untracked 
| 144|0x0000000089000000, 0x0000000089000000, 0x0000000089100000|  0%| F|  |TAMS 0x0000000089000000, 0x0000000089000000| Untracked 
| 145|0x0000000089100000, 0x0000000089100000, 0x0000000089200000|  0%| F|  |TAMS 0x0000000089100000, 0x0000000089100000| Untracked 
| 146|0x0000000089200000, 0x0000000089200000, 0x0000000089300000|  0%| F|  |TAMS 0x0000000089200000, 0x0000000089200000| Untracked 
| 147|0x0000000089300000, 0x0000000089300000, 0x0000000089400000|  0%| F|  |TAMS 0x0000000089300000, 0x0000000089300000| Untracked 
| 148|0x0000000089400000, 0x0000000089400000, 0x0000000089500000|  0%| F|  |TAMS 0x0000000089400000, 0x0000000089400000| Untracked 
| 149|0x0000000089500000, 0x0000000089500000, 0x0000000089600000|  0%| F|  |TAMS 0x0000000089500000, 0x0000000089500000| Untracked 
| 150|0x0000000089600000, 0x0000000089600000, 0x0000000089700000|  0%| F|  |TAMS 0x0000000089600000, 0x0000000089600000| Untracked 
| 151|0x0000000089700000, 0x0000000089700000, 0x0000000089800000|  0%| F|  |TAMS 0x0000000089700000, 0x0000000089700000| Untracked 
| 152|0x0000000089800000, 0x0000000089800000, 0x0000000089900000|  0%| F|  |TAMS 0x0000000089800000, 0x0000000089800000| Untracked 
| 153|0x0000000089900000, 0x0000000089900000, 0x0000000089a00000|  0%| F|  |TAMS 0x0000000089900000, 0x0000000089900000| Untracked 
| 154|0x0000000089a00000, 0x0000000089a00000, 0x0000000089b00000|  0%| F|  |TAMS 0x0000000089a00000, 0x0000000089a00000| Untracked 
| 155|0x0000000089b00000, 0x0000000089b00000, 0x0000000089c00000|  0%| F|  |TAMS 0x0000000089b00000, 0x0000000089b00000| Untracked 
| 156|0x0000000089c00000, 0x0000000089c00000, 0x0000000089d00000|  0%| F|  |TAMS 0x0000000089c00000, 0x0000000089c00000| Untracked 
| 157|0x0000000089d00000, 0x0000000089d00000, 0x0000000089e00000|  0%| F|  |TAMS 0x0000000089d00000, 0x0000000089d00000| Untracked 
| 158|0x0000000089e00000, 0x0000000089e00000, 0x0000000089f00000|  0%| F|  |TAMS 0x0000000089e00000, 0x0000000089e00000| Untracked 
| 159|0x0000000089f00000, 0x0000000089f00000, 0x000000008a000000|  0%| F|  |TAMS 0x0000000089f00000, 0x0000000089f00000| Untracked 
| 160|0x000000008a000000, 0x000000008a000000, 0x000000008a100000|  0%| F|  |TAMS 0x000000008a000000, 0x000000008a000000| Untracked 
| 161|0x000000008a100000, 0x000000008a100000, 0x000000008a200000|  0%| F|  |TAMS 0x000000008a100000, 0x000000008a100000| Untracked 
| 162|0x000000008a200000, 0x000000008a200000, 0x000000008a300000|  0%| F|  |TAMS 0x000000008a200000, 0x000000008a200000| Untracked 
| 163|0x000000008a300000, 0x000000008a300000, 0x000000008a400000|  0%| F|  |TAMS 0x000000008a300000, 0x000000008a300000| Untracked 
| 164|0x000000008a400000, 0x000000008a400000, 0x000000008a500000|  0%| F|  |TAMS 0x000000008a400000, 0x000000008a400000| Untracked 
| 165|0x000000008a500000, 0x000000008a500000, 0x000000008a600000|  0%| F|  |TAMS 0x000000008a500000, 0x000000008a500000| Untracked 
| 166|0x000000008a600000, 0x000000008a600000, 0x000000008a700000|  0%| F|  |TAMS 0x000000008a600000, 0x000000008a600000| Untracked 
| 167|0x000000008a700000, 0x000000008a700000, 0x000000008a800000|  0%| F|  |TAMS 0x000000008a700000, 0x000000008a700000| Untracked 
| 168|0x000000008a800000, 0x000000008a800000, 0x000000008a900000|  0%| F|  |TAMS 0x000000008a800000, 0x000000008a800000| Untracked 
| 169|0x000000008a900000, 0x000000008a900000, 0x000000008aa00000|  0%| F|  |TAMS 0x000000008a900000, 0x000000008a900000| Untracked 
| 170|0x000000008aa00000, 0x000000008aa00000, 0x000000008ab00000|  0%| F|  |TAMS 0x000000008aa00000, 0x000000008aa00000| Untracked 
| 171|0x000000008ab00000, 0x000000008ab00000, 0x000000008ac00000|  0%| F|  |TAMS 0x000000008ab00000, 0x000000008ab00000| Untracked 
| 172|0x000000008ac00000, 0x000000008ac00000, 0x000000008ad00000|  0%| F|  |TAMS 0x000000008ac00000, 0x000000008ac00000| Untracked 
| 173|0x000000008ad00000, 0x000000008ad00000, 0x000000008ae00000|  0%| F|  |TAMS 0x000000008ad00000, 0x000000008ad00000| Untracked 
| 174|0x000000008ae00000, 0x000000008ae00000, 0x000000008af00000|  0%| F|  |TAMS 0x000000008ae00000, 0x000000008ae00000| Untracked 
| 175|0x000000008af00000, 0x000000008af00000, 0x000000008b000000|  0%| F|  |TAMS 0x000000008af00000, 0x000000008af00000| Untracked 
| 176|0x000000008b000000, 0x000000008b000000, 0x000000008b100000|  0%| F|  |TAMS 0x000000008b000000, 0x000000008b000000| Untracked 
| 177|0x000000008b100000, 0x000000008b100000, 0x000000008b200000|  0%| F|  |TAMS 0x000000008b100000, 0x000000008b100000| Untracked 
| 178|0x000000008b200000, 0x000000008b200000, 0x000000008b300000|  0%| F|  |TAMS 0x000000008b200000, 0x000000008b200000| Untracked 
| 179|0x000000008b300000, 0x000000008b300000, 0x000000008b400000|  0%| F|  |TAMS 0x000000008b300000, 0x000000008b300000| Untracked 
| 180|0x000000008b400000, 0x000000008b400000, 0x000000008b500000|  0%| F|  |TAMS 0x000000008b400000, 0x000000008b400000| Untracked 
| 181|0x000000008b500000, 0x000000008b500000, 0x000000008b600000|  0%| F|  |TAMS 0x000000008b500000, 0x000000008b500000| Untracked 
| 182|0x000000008b600000, 0x000000008b600000, 0x000000008b700000|  0%| F|  |TAMS 0x000000008b600000, 0x000000008b600000| Untracked 
| 183|0x000000008b700000, 0x000000008b700000, 0x000000008b800000|  0%| F|  |TAMS 0x000000008b700000, 0x000000008b700000| Untracked 
| 184|0x000000008b800000, 0x000000008b800000, 0x000000008b900000|  0%| F|  |TAMS 0x000000008b800000, 0x000000008b800000| Untracked 
| 185|0x000000008b900000, 0x000000008b900000, 0x000000008ba00000|  0%| F|  |TAMS 0x000000008b900000, 0x000000008b900000| Untracked 
| 186|0x000000008ba00000, 0x000000008ba00000, 0x000000008bb00000|  0%| F|  |TAMS 0x000000008ba00000, 0x000000008ba00000| Untracked 
| 187|0x000000008bb00000, 0x000000008bb00000, 0x000000008bc00000|  0%| F|  |TAMS 0x000000008bb00000, 0x000000008bb00000| Untracked 
| 188|0x000000008bc00000, 0x000000008bc00000, 0x000000008bd00000|  0%| F|  |TAMS 0x000000008bc00000, 0x000000008bc00000| Untracked 
| 189|0x000000008bd00000, 0x000000008bd00000, 0x000000008be00000|  0%| F|  |TAMS 0x000000008bd00000, 0x000000008bd00000| Untracked 
| 190|0x000000008be00000, 0x000000008be00000, 0x000000008bf00000|  0%| F|  |TAMS 0x000000008be00000, 0x000000008be00000| Untracked 
| 191|0x000000008bf00000, 0x000000008bf00000, 0x000000008c000000|  0%| F|  |TAMS 0x000000008bf00000, 0x000000008bf00000| Untracked 
| 192|0x000000008c000000, 0x000000008c000000, 0x000000008c100000|  0%| F|  |TAMS 0x000000008c000000, 0x000000008c000000| Untracked 
| 193|0x000000008c100000, 0x000000008c100000, 0x000000008c200000|  0%| F|  |TAMS 0x000000008c100000, 0x000000008c100000| Untracked 
| 194|0x000000008c200000, 0x000000008c200000, 0x000000008c300000|  0%| F|  |TAMS 0x000000008c200000, 0x000000008c200000| Untracked 
| 195|0x000000008c300000, 0x000000008c300000, 0x000000008c400000|  0%| F|  |TAMS 0x000000008c300000, 0x000000008c300000| Untracked 
| 196|0x000000008c400000, 0x000000008c400000, 0x000000008c500000|  0%| F|  |TAMS 0x000000008c400000, 0x000000008c400000| Untracked 
| 197|0x000000008c500000, 0x000000008c500000, 0x000000008c600000|  0%| F|  |TAMS 0x000000008c500000, 0x000000008c500000| Untracked 
| 198|0x000000008c600000, 0x000000008c600000, 0x000000008c700000|  0%| F|  |TAMS 0x000000008c600000, 0x000000008c600000| Untracked 
| 199|0x000000008c700000, 0x000000008c700000, 0x000000008c800000|  0%| F|  |TAMS 0x000000008c700000, 0x000000008c700000| Untracked 
| 200|0x000000008c800000, 0x000000008c800000, 0x000000008c900000|  0%| F|  |TAMS 0x000000008c800000, 0x000000008c800000| Untracked 
| 201|0x000000008c900000, 0x000000008c900000, 0x000000008ca00000|  0%| F|  |TAMS 0x000000008c900000, 0x000000008c900000| Untracked 
| 202|0x000000008ca00000, 0x000000008ca00000, 0x000000008cb00000|  0%| F|  |TAMS 0x000000008ca00000, 0x000000008ca00000| Untracked 
| 203|0x000000008cb00000, 0x000000008cb00000, 0x000000008cc00000|  0%| F|  |TAMS 0x000000008cb00000, 0x000000008cb00000| Untracked 
| 204|0x000000008cc00000, 0x000000008cc00000, 0x000000008cd00000|  0%| F|  |TAMS 0x000000008cc00000, 0x000000008cc00000| Untracked 
| 205|0x000000008cd00000, 0x000000008cd00000, 0x000000008ce00000|  0%| F|  |TAMS 0x000000008cd00000, 0x000000008cd00000| Untracked 
| 206|0x000000008ce00000, 0x000000008ce00000, 0x000000008cf00000|  0%| F|  |TAMS 0x000000008ce00000, 0x000000008ce00000| Untracked 
| 207|0x000000008cf00000, 0x000000008cf00000, 0x000000008d000000|  0%| F|  |TAMS 0x000000008cf00000, 0x000000008cf00000| Untracked 
| 208|0x000000008d000000, 0x000000008d000000, 0x000000008d100000|  0%| F|  |TAMS 0x000000008d000000, 0x000000008d000000| Untracked 
| 209|0x000000008d100000, 0x000000008d100000, 0x000000008d200000|  0%| F|  |TAMS 0x000000008d100000, 0x000000008d100000| Untracked 
| 210|0x000000008d200000, 0x000000008d200000, 0x000000008d300000|  0%| F|  |TAMS 0x000000008d200000, 0x000000008d200000| Untracked 
| 211|0x000000008d300000, 0x000000008d300000, 0x000000008d400000|  0%| F|  |TAMS 0x000000008d300000, 0x000000008d300000| Untracked 
| 212|0x000000008d400000, 0x000000008d400000, 0x000000008d500000|  0%| F|  |TAMS 0x000000008d400000, 0x000000008d400000| Untracked 
| 213|0x000000008d500000, 0x000000008d500000, 0x000000008d600000|  0%| F|  |TAMS 0x000000008d500000, 0x000000008d500000| Untracked 
| 214|0x000000008d600000, 0x000000008d600000, 0x000000008d700000|  0%| F|  |TAMS 0x000000008d600000, 0x000000008d600000| Untracked 
| 215|0x000000008d700000, 0x000000008d700000, 0x000000008d800000|  0%| F|  |TAMS 0x000000008d700000, 0x000000008d700000| Untracked 
| 216|0x000000008d800000, 0x000000008d800000, 0x000000008d900000|  0%| F|  |TAMS 0x000000008d800000, 0x000000008d800000| Untracked 
| 217|0x000000008d900000, 0x000000008d900000, 0x000000008da00000|  0%| F|  |TAMS 0x000000008d900000, 0x000000008d900000| Untracked 
| 218|0x000000008da00000, 0x000000008da00000, 0x000000008db00000|  0%| F|  |TAMS 0x000000008da00000, 0x000000008da00000| Untracked 
| 219|0x000000008db00000, 0x000000008db00000, 0x000000008dc00000|  0%| F|  |TAMS 0x000000008db00000, 0x000000008db00000| Untracked 
| 220|0x000000008dc00000, 0x000000008dc00000, 0x000000008dd00000|  0%| F|  |TAMS 0x000000008dc00000, 0x000000008dc00000| Untracked 
| 221|0x000000008dd00000, 0x000000008dd00000, 0x000000008de00000|  0%| F|  |TAMS 0x000000008dd00000, 0x000000008dd00000| Untracked 
| 222|0x000000008de00000, 0x000000008de00000, 0x000000008df00000|  0%| F|  |TAMS 0x000000008de00000, 0x000000008de00000| Untracked 
| 223|0x000000008df00000, 0x000000008df00000, 0x000000008e000000|  0%| F|  |TAMS 0x000000008df00000, 0x000000008df00000| Untracked 
| 224|0x000000008e000000, 0x000000008e000000, 0x000000008e100000|  0%| F|  |TAMS 0x000000008e000000, 0x000000008e000000| Untracked 
| 225|0x000000008e100000, 0x000000008e100000, 0x000000008e200000|  0%| F|  |TAMS 0x000000008e100000, 0x000000008e100000| Untracked 
| 226|0x000000008e200000, 0x000000008e200000, 0x000000008e300000|  0%| F|  |TAMS 0x000000008e200000, 0x000000008e200000| Untracked 
| 227|0x000000008e300000, 0x000000008e300000, 0x000000008e400000|  0%| F|  |TAMS 0x000000008e300000, 0x000000008e300000| Untracked 
| 228|0x000000008e400000, 0x000000008e400000, 0x000000008e500000|  0%| F|  |TAMS 0x000000008e400000, 0x000000008e400000| Untracked 
| 229|0x000000008e500000, 0x000000008e500000, 0x000000008e600000|  0%| F|  |TAMS 0x000000008e500000, 0x000000008e500000| Untracked 
| 230|0x000000008e600000, 0x000000008e600000, 0x000000008e700000|  0%| F|  |TAMS 0x000000008e600000, 0x000000008e600000| Untracked 
| 231|0x000000008e700000, 0x000000008e700000, 0x000000008e800000|  0%| F|  |TAMS 0x000000008e700000, 0x000000008e700000| Untracked 
| 232|0x000000008e800000, 0x000000008e800000, 0x000000008e900000|  0%| F|  |TAMS 0x000000008e800000, 0x000000008e800000| Untracked 
| 233|0x000000008e900000, 0x000000008e900000, 0x000000008ea00000|  0%| F|  |TAMS 0x000000008e900000, 0x000000008e900000| Untracked 
| 234|0x000000008ea00000, 0x000000008ea00000, 0x000000008eb00000|  0%| F|  |TAMS 0x000000008ea00000, 0x000000008ea00000| Untracked 
| 235|0x000000008eb00000, 0x000000008eb00000, 0x000000008ec00000|  0%| F|  |TAMS 0x000000008eb00000, 0x000000008eb00000| Untracked 
| 236|0x000000008ec00000, 0x000000008ec00000, 0x000000008ed00000|  0%| F|  |TAMS 0x000000008ec00000, 0x000000008ec00000| Untracked 
| 237|0x000000008ed00000, 0x000000008ed00000, 0x000000008ee00000|  0%| F|  |TAMS 0x000000008ed00000, 0x000000008ed00000| Untracked 
| 238|0x000000008ee00000, 0x000000008ee00000, 0x000000008ef00000|  0%| F|  |TAMS 0x000000008ee00000, 0x000000008ee00000| Untracked 
| 239|0x000000008ef00000, 0x000000008ef00000, 0x000000008f000000|  0%| F|  |TAMS 0x000000008ef00000, 0x000000008ef00000| Untracked 
| 240|0x000000008f000000, 0x000000008f000000, 0x000000008f100000|  0%| F|  |TAMS 0x000000008f000000, 0x000000008f000000| Untracked 
| 241|0x000000008f100000, 0x000000008f100000, 0x000000008f200000|  0%| F|  |TAMS 0x000000008f100000, 0x000000008f100000| Untracked 
| 242|0x000000008f200000, 0x000000008f200000, 0x000000008f300000|  0%| F|  |TAMS 0x000000008f200000, 0x000000008f200000| Untracked 
| 243|0x000000008f300000, 0x000000008f300000, 0x000000008f400000|  0%| F|  |TAMS 0x000000008f300000, 0x000000008f300000| Untracked 
| 244|0x000000008f400000, 0x000000008f400000, 0x000000008f500000|  0%| F|  |TAMS 0x000000008f400000, 0x000000008f400000| Untracked 
| 245|0x000000008f500000, 0x000000008f500000, 0x000000008f600000|  0%| F|  |TAMS 0x000000008f500000, 0x000000008f500000| Untracked 
| 246|0x000000008f600000, 0x000000008f600000, 0x000000008f700000|  0%| F|  |TAMS 0x000000008f600000, 0x000000008f600000| Untracked 
| 247|0x000000008f700000, 0x000000008f700000, 0x000000008f800000|  0%| F|  |TAMS 0x000000008f700000, 0x000000008f700000| Untracked 
| 248|0x000000008f800000, 0x000000008f800000, 0x000000008f900000|  0%| F|  |TAMS 0x000000008f800000, 0x000000008f800000| Untracked 
| 249|0x000000008f900000, 0x000000008f900000, 0x000000008fa00000|  0%| F|  |TAMS 0x000000008f900000, 0x000000008f900000| Untracked 
| 250|0x000000008fa00000, 0x000000008fa00000, 0x000000008fb00000|  0%| F|  |TAMS 0x000000008fa00000, 0x000000008fa00000| Untracked 
| 251|0x000000008fb00000, 0x000000008fb00000, 0x000000008fc00000|  0%| F|  |TAMS 0x000000008fb00000, 0x000000008fb00000| Untracked 
| 252|0x000000008fc00000, 0x000000008fc00000, 0x000000008fd00000|  0%| F|  |TAMS 0x000000008fc00000, 0x000000008fc00000| Untracked 
| 253|0x000000008fd00000, 0x000000008fd00000, 0x000000008fe00000|  0%| F|  |TAMS 0x000000008fd00000, 0x000000008fd00000| Untracked 
| 254|0x000000008fe00000, 0x000000008fe00000, 0x000000008ff00000|  0%| F|  |TAMS 0x000000008fe00000, 0x000000008fe00000| Untracked 
| 255|0x000000008ff00000, 0x000000008ff00000, 0x0000000090000000|  0%| F|  |TAMS 0x000000008ff00000, 0x000000008ff00000| Untracked 
| 256|0x0000000090000000, 0x0000000090000000, 0x0000000090100000|  0%| F|  |TAMS 0x0000000090000000, 0x0000000090000000| Untracked 
| 257|0x0000000090100000, 0x0000000090100000, 0x0000000090200000|  0%| F|  |TAMS 0x0000000090100000, 0x0000000090100000| Untracked 
| 258|0x0000000090200000, 0x0000000090200000, 0x0000000090300000|  0%| F|  |TAMS 0x0000000090200000, 0x0000000090200000| Untracked 
| 259|0x0000000090300000, 0x0000000090300000, 0x0000000090400000|  0%| F|  |TAMS 0x0000000090300000, 0x0000000090300000| Untracked 
| 260|0x0000000090400000, 0x0000000090400000, 0x0000000090500000|  0%| F|  |TAMS 0x0000000090400000, 0x0000000090400000| Untracked 
| 261|0x0000000090500000, 0x0000000090500000, 0x0000000090600000|  0%| F|  |TAMS 0x0000000090500000, 0x0000000090500000| Untracked 
| 262|0x0000000090600000, 0x0000000090600000, 0x0000000090700000|  0%| F|  |TAMS 0x0000000090600000, 0x0000000090600000| Untracked 
| 263|0x0000000090700000, 0x0000000090700000, 0x0000000090800000|  0%| F|  |TAMS 0x0000000090700000, 0x0000000090700000| Untracked 
| 264|0x0000000090800000, 0x0000000090800000, 0x0000000090900000|  0%| F|  |TAMS 0x0000000090800000, 0x0000000090800000| Untracked 
| 265|0x0000000090900000, 0x0000000090900000, 0x0000000090a00000|  0%| F|  |TAMS 0x0000000090900000, 0x0000000090900000| Untracked 
| 266|0x0000000090a00000, 0x0000000090a00000, 0x0000000090b00000|  0%| F|  |TAMS 0x0000000090a00000, 0x0000000090a00000| Untracked 
| 267|0x0000000090b00000, 0x0000000090b00000, 0x0000000090c00000|  0%| F|  |TAMS 0x0000000090b00000, 0x0000000090b00000| Untracked 
| 268|0x0000000090c00000, 0x0000000090c00000, 0x0000000090d00000|  0%| F|  |TAMS 0x0000000090c00000, 0x0000000090c00000| Untracked 
| 269|0x0000000090d00000, 0x0000000090d00000, 0x0000000090e00000|  0%| F|  |TAMS 0x0000000090d00000, 0x0000000090d00000| Untracked 
| 270|0x0000000090e00000, 0x0000000090e00000, 0x0000000090f00000|  0%| F|  |TAMS 0x0000000090e00000, 0x0000000090e00000| Untracked 
| 271|0x0000000090f00000, 0x0000000090f00000, 0x0000000091000000|  0%| F|  |TAMS 0x0000000090f00000, 0x0000000090f00000| Untracked 
| 272|0x0000000091000000, 0x0000000091000000, 0x0000000091100000|  0%| F|  |TAMS 0x0000000091000000, 0x0000000091000000| Untracked 
| 273|0x0000000091100000, 0x0000000091100000, 0x0000000091200000|  0%| F|  |TAMS 0x0000000091100000, 0x0000000091100000| Untracked 
| 274|0x0000000091200000, 0x0000000091200000, 0x0000000091300000|  0%| F|  |TAMS 0x0000000091200000, 0x0000000091200000| Untracked 
| 275|0x0000000091300000, 0x0000000091300000, 0x0000000091400000|  0%| F|  |TAMS 0x0000000091300000, 0x0000000091300000| Untracked 
| 276|0x0000000091400000, 0x0000000091400000, 0x0000000091500000|  0%| F|  |TAMS 0x0000000091400000, 0x0000000091400000| Untracked 
| 277|0x0000000091500000, 0x0000000091500000, 0x0000000091600000|  0%| F|  |TAMS 0x0000000091500000, 0x0000000091500000| Untracked 
| 278|0x0000000091600000, 0x0000000091600000, 0x0000000091700000|  0%| F|  |TAMS 0x0000000091600000, 0x0000000091600000| Untracked 
| 279|0x0000000091700000, 0x0000000091700000, 0x0000000091800000|  0%| F|  |TAMS 0x0000000091700000, 0x0000000091700000| Untracked 
| 280|0x0000000091800000, 0x0000000091800000, 0x0000000091900000|  0%| F|  |TAMS 0x0000000091800000, 0x0000000091800000| Untracked 
| 281|0x0000000091900000, 0x0000000091900000, 0x0000000091a00000|  0%| F|  |TAMS 0x0000000091900000, 0x0000000091900000| Untracked 
| 282|0x0000000091a00000, 0x0000000091a00000, 0x0000000091b00000|  0%| F|  |TAMS 0x0000000091a00000, 0x0000000091a00000| Untracked 
| 283|0x0000000091b00000, 0x0000000091b00000, 0x0000000091c00000|  0%| F|  |TAMS 0x0000000091b00000, 0x0000000091b00000| Untracked 
| 284|0x0000000091c00000, 0x0000000091c00000, 0x0000000091d00000|  0%| F|  |TAMS 0x0000000091c00000, 0x0000000091c00000| Untracked 
| 285|0x0000000091d00000, 0x0000000091d00000, 0x0000000091e00000|  0%| F|  |TAMS 0x0000000091d00000, 0x0000000091d00000| Untracked 
| 286|0x0000000091e00000, 0x0000000091e00000, 0x0000000091f00000|  0%| F|  |TAMS 0x0000000091e00000, 0x0000000091e00000| Untracked 
| 287|0x0000000091f00000, 0x0000000091f00000, 0x0000000092000000|  0%| F|  |TAMS 0x0000000091f00000, 0x0000000091f00000| Untracked 
| 288|0x0000000092000000, 0x0000000092000000, 0x0000000092100000|  0%| F|  |TAMS 0x0000000092000000, 0x0000000092000000| Untracked 
| 289|0x0000000092100000, 0x0000000092100000, 0x0000000092200000|  0%| F|  |TAMS 0x0000000092100000, 0x0000000092100000| Untracked 
| 290|0x0000000092200000, 0x0000000092200000, 0x0000000092300000|  0%| F|  |TAMS 0x0000000092200000, 0x0000000092200000| Untracked 
| 291|0x0000000092300000, 0x0000000092300000, 0x0000000092400000|  0%| F|  |TAMS 0x0000000092300000, 0x0000000092300000| Untracked 
| 292|0x0000000092400000, 0x0000000092400000, 0x0000000092500000|  0%| F|  |TAMS 0x0000000092400000, 0x0000000092400000| Untracked 
| 293|0x0000000092500000, 0x0000000092500000, 0x0000000092600000|  0%| F|  |TAMS 0x0000000092500000, 0x0000000092500000| Untracked 
| 294|0x0000000092600000, 0x0000000092600000, 0x0000000092700000|  0%| F|  |TAMS 0x0000000092600000, 0x0000000092600000| Untracked 
| 295|0x0000000092700000, 0x0000000092700000, 0x0000000092800000|  0%| F|  |TAMS 0x0000000092700000, 0x0000000092700000| Untracked 
| 296|0x0000000092800000, 0x0000000092800000, 0x0000000092900000|  0%| F|  |TAMS 0x0000000092800000, 0x0000000092800000| Untracked 
| 297|0x0000000092900000, 0x0000000092900000, 0x0000000092a00000|  0%| F|  |TAMS 0x0000000092900000, 0x0000000092900000| Untracked 
| 298|0x0000000092a00000, 0x0000000092a00000, 0x0000000092b00000|  0%| F|  |TAMS 0x0000000092a00000, 0x0000000092a00000| Untracked 
| 299|0x0000000092b00000, 0x0000000092b30010, 0x0000000092c00000| 18%| S|CS|TAMS 0x0000000092b00000, 0x0000000092b00000| Complete 
| 300|0x0000000092c00000, 0x0000000092d00000, 0x0000000092d00000|100%| S|CS|TAMS 0x0000000092c00000, 0x0000000092c00000| Complete 
| 301|0x0000000092d00000, 0x0000000092d00000, 0x0000000092e00000|  0%| F|  |TAMS 0x0000000092d00000, 0x0000000092d00000| Untracked 
| 302|0x0000000092e00000, 0x0000000092e00000, 0x0000000092f00000|  0%| F|  |TAMS 0x0000000092e00000, 0x0000000092e00000| Untracked 
| 303|0x0000000092f00000, 0x0000000092f00000, 0x0000000093000000|  0%| F|  |TAMS 0x0000000092f00000, 0x0000000092f00000| Untracked 
| 304|0x0000000093000000, 0x0000000093000000, 0x0000000093100000|  0%| F|  |TAMS 0x0000000093000000, 0x0000000093000000| Untracked 
| 305|0x0000000093100000, 0x0000000093100000, 0x0000000093200000|  0%| F|  |TAMS 0x0000000093100000, 0x0000000093100000| Untracked 
| 306|0x0000000093200000, 0x0000000093200000, 0x0000000093300000|  0%| F|  |TAMS 0x0000000093200000, 0x0000000093200000| Untracked 
| 307|0x0000000093300000, 0x0000000093300000, 0x0000000093400000|  0%| F|  |TAMS 0x0000000093300000, 0x0000000093300000| Untracked 
| 308|0x0000000093400000, 0x0000000093400000, 0x0000000093500000|  0%| F|  |TAMS 0x0000000093400000, 0x0000000093400000| Untracked 
| 309|0x0000000093500000, 0x0000000093500000, 0x0000000093600000|  0%| F|  |TAMS 0x0000000093500000, 0x0000000093500000| Untracked 
| 310|0x0000000093600000, 0x0000000093600000, 0x0000000093700000|  0%| F|  |TAMS 0x0000000093600000, 0x0000000093600000| Untracked 
| 311|0x0000000093700000, 0x0000000093700000, 0x0000000093800000|  0%| F|  |TAMS 0x0000000093700000, 0x0000000093700000| Untracked 
| 312|0x0000000093800000, 0x0000000093800000, 0x0000000093900000|  0%| F|  |TAMS 0x0000000093800000, 0x0000000093800000| Untracked 
| 313|0x0000000093900000, 0x0000000093900000, 0x0000000093a00000|  0%| F|  |TAMS 0x0000000093900000, 0x0000000093900000| Untracked 
| 314|0x0000000093a00000, 0x0000000093a00000, 0x0000000093b00000|  0%| F|  |TAMS 0x0000000093a00000, 0x0000000093a00000| Untracked 
| 315|0x0000000093b00000, 0x0000000093b00000, 0x0000000093c00000|  0%| F|  |TAMS 0x0000000093b00000, 0x0000000093b00000| Untracked 

Card table byte_map: [0x0000022b180f0000,0x0000022b184f0000] _byte_map_base: 0x0000022b17cf0000

Marking Bits (Prev, Next): (CMBitMap*) 0x0000022b7fd74400, (CMBitMap*) 0x0000022b7fd743c8
 Prev Bits: [0x0000022b1a8f0000, 0x0000022b1c8f0000)
 Next Bits: [0x0000022b188f0000, 0x0000022b1a8f0000)

Polling page: 0x0000022b00000000

Metaspace:

Usage:
  Non-class:     72.96 MB capacity,    71.62 MB ( 98%) used,     1.10 MB (  2%) free+waste,   246.56 KB ( <1%) overhead. 
      Class:     11.56 MB capacity,    10.59 MB ( 92%) used,   867.91 KB (  7%) free+waste,   116.25 KB ( <1%) overhead. 
       Both:     84.51 MB capacity,    82.21 MB ( 97%) used,     1.94 MB (  2%) free+waste,   362.81 KB ( <1%) overhead. 

Virtual space:
  Non-class space:       74.00 MB reserved,      73.01 MB ( 99%) committed 
      Class space:      504.00 MB reserved,      11.63 MB (  2%) committed 
             Both:      578.00 MB reserved,      84.63 MB ( 15%) committed 

Chunk freelists:
   Non-Class:  54.00 KB
       Class:  7.00 KB
        Both:  61.00 KB

MaxMetaspaceSize: 512.00 MB
CompressedClassSpaceSize: 504.00 MB
Initial GC threshold: 20.80 MB
Current GC threshold: 98.55 MB
CDS: off

CodeHeap 'non-profiled nmethods': size=120064Kb used=6156Kb max_used=6156Kb free=113907Kb
 bounds [0x0000022b10180000, 0x0000022b10790000, 0x0000022b176c0000]
CodeHeap 'profiled nmethods': size=120000Kb used=21113Kb max_used=21113Kb free=98886Kb
 bounds [0x0000022b08c50000, 0x0000022b0a0f0000, 0x0000022b10180000]
CodeHeap 'non-nmethods': size=5696Kb used=2379Kb max_used=2429Kb free=3316Kb
 bounds [0x0000022b086c0000, 0x0000022b08930000, 0x0000022b08c50000]
 total_blobs=10449 nmethods=9543 adapters=818
 compilation: enabled
              stopped_count=0, restarted_count=0
 full_count=0

Compilation events (20 events):
Event: 525.007 Thread 0x0000022b1f8a4800 nmethod 9610 0x0000022b0a0e0c90 code [0x0000022b0a0e0f00, 0x0000022b0a0e1948]
Event: 525.083 Thread 0x0000022b1f8a3800 nmethod 9596 0x0000022b10765b10 code [0x0000022b10765fa0, 0x0000022b1076a0b8]
Event: 525.084 Thread 0x0000022b1f8a3800 9603  s!   4       java.beans.PropertyDescriptor::getReadMethod (149 bytes)
Event: 525.085 Thread 0x0000022b1f8a4800 9611       1       org.codehaus.groovy.runtime.metaclass.NewStaticMetaMethod::isStatic (2 bytes)
Event: 525.085 Thread 0x0000022b1f8a4800 nmethod 9611 0x0000022b1076c610 code [0x0000022b1076c7c0, 0x0000022b1076c878]
Event: 525.092 Thread 0x0000022b1f8a3800 nmethod 9603 0x0000022b1076c910 code [0x0000022b1076cac0, 0x0000022b1076cfb8]
Event: 525.092 Thread 0x0000022b1f8a3800 9605       4       java.lang.reflect.Modifier::isPublic (12 bytes)
Event: 525.093 Thread 0x0000022b1f8a3800 nmethod 9605 0x0000022b1076d290 code [0x0000022b1076d420, 0x0000022b1076d478]
Event: 525.093 Thread 0x0000022b1f8a3800 9600       4       groovy.lang.MetaMethod::isStatic (16 bytes)
Event: 525.093 Thread 0x0000022b1f8a3800 nmethod 9600 0x0000022b1076d590 code [0x0000022b1076d720, 0x0000022b1076d798]
Event: 525.093 Thread 0x0000022b1f8a3800 9612       4       groovy.lang.MetaClassImpl::inheritInterfaceNewMetaMethods (195 bytes)
Event: 525.247 Thread 0x0000022b1f8a4800 9613       3       com.sun.beans.introspect.PropertyInfo::get (495 bytes)
Event: 525.273 Thread 0x0000022b1f8a4800 nmethod 9613 0x0000022b0a0e1e10 code [0x0000022b0a0e2ae0, 0x0000022b0a0eb9c8]
Event: 525.500 Thread 0x0000022b1f8a3800 nmethod 9612 0x0000022b1076d890 code [0x0000022b1076de40, 0x0000022b107734e0]
Event: 525.501 Thread 0x0000022b1f8a3800 9582       4       java.beans.MethodRef::set (58 bytes)
Event: 526.245 Thread 0x0000022b1f8a3800 nmethod 9582 0x0000022b10775510 code [0x0000022b10775e80, 0x0000022b1077e4b8]
Event: 526.977 Thread 0x0000022b1f8a3800 9614       4       java.lang.ClassValue::get (31 bytes)
Event: 526.993 Thread 0x0000022b1f8a3800 nmethod 9614 0x0000022b10782490 code [0x0000022b10782640, 0x0000022b10782818]
Event: 529.198 Thread 0x0000022b1f8a3800 9615       4       java.util.HashMap$HashIterator::<init> (79 bytes)
Event: 529.209 Thread 0x0000022b1f8a3800 nmethod 9615 0x0000022b10782a90 code [0x0000022b10782c20, 0x0000022b10782f98]

GC Heap History (20 events):
Event: 452.641 GC heap after
{Heap after GC invocations=44 (full 0):
 garbage-first heap   total 269312K, used 62108K [0x0000000080000000, 0x0000000100000000)
  region size 1024K, 1 young (1024K), 1 survivors (1024K)
 Metaspace       used 75975K, capacity 78272K, committed 78472K, reserved 585728K
  class space    used 9819K, capacity 10755K, committed 10880K, reserved 516096K
}
Event: 460.090 GC heap before
{Heap before GC invocations=44 (full 0):
 garbage-first heap   total 269312K, used 74396K [0x0000000080000000, 0x0000000100000000)
  region size 1024K, 13 young (13312K), 1 survivors (1024K)
 Metaspace       used 77517K, capacity 79796K, committed 80136K, reserved 585728K
  class space    used 9988K, capacity 10920K, committed 11008K, reserved 516096K
}
Event: 460.224 GC heap after
{Heap after GC invocations=45 (full 0):
 garbage-first heap   total 269312K, used 62257K [0x0000000080000000, 0x0000000100000000)
  region size 1024K, 1 young (1024K), 1 survivors (1024K)
 Metaspace       used 77517K, capacity 79796K, committed 80136K, reserved 585728K
  class space    used 9988K, capacity 10920K, committed 11008K, reserved 516096K
}
Event: 471.210 GC heap before
{Heap before GC invocations=45 (full 0):
 garbage-first heap   total 269312K, used 82737K [0x0000000080000000, 0x0000000100000000)
  region size 1024K, 16 young (16384K), 1 survivors (1024K)
 Metaspace       used 79343K, capacity 81591K, committed 81800K, reserved 587776K
  class space    used 10187K, capacity 11113K, committed 11136K, reserved 516096K
}
Event: 471.555 GC heap after
{Heap after GC invocations=46 (full 0):
 garbage-first heap   total 269312K, used 69609K [0x0000000080000000, 0x0000000100000000)
  region size 1024K, 2 young (2048K), 2 survivors (2048K)
 Metaspace       used 79343K, capacity 81591K, committed 81800K, reserved 587776K
  class space    used 10187K, capacity 11113K, committed 11136K, reserved 516096K
}
Event: 475.777 GC heap before
{Heap before GC invocations=46 (full 0):
 garbage-first heap   total 269312K, used 82921K [0x0000000080000000, 0x0000000100000000)
  region size 1024K, 13 young (13312K), 2 survivors (2048K)
 Metaspace       used 79894K, capacity 82159K, committed 82440K, reserved 587776K
  class space    used 10279K, capacity 11213K, committed 11264K, reserved 516096K
}
Event: 475.963 GC heap after
{Heap after GC invocations=47 (full 0):
 garbage-first heap   total 269312K, used 72003K [0x0000000080000000, 0x0000000100000000)
  region size 1024K, 1 young (1024K), 1 survivors (1024K)
 Metaspace       used 79894K, capacity 82159K, committed 82440K, reserved 587776K
  class space    used 10279K, capacity 11213K, committed 11264K, reserved 516096K
}
Event: 482.187 GC heap before
{Heap before GC invocations=47 (full 0):
 garbage-first heap   total 269312K, used 83267K [0x0000000080000000, 0x0000000100000000)
  region size 1024K, 13 young (13312K), 1 survivors (1024K)
 Metaspace       used 81104K, capacity 83382K, committed 83592K, reserved 589824K
  class space    used 10415K, capacity 11342K, committed 11392K, reserved 516096K
}
Event: 482.250 GC heap after
{Heap after GC invocations=48 (full 0):
 garbage-first heap   total 323584K, used 72906K [0x0000000080000000, 0x0000000100000000)
  region size 1024K, 2 young (2048K), 2 survivors (2048K)
 Metaspace       used 81104K, capacity 83382K, committed 83592K, reserved 589824K
  class space    used 10415K, capacity 11342K, committed 11392K, reserved 516096K
}
Event: 484.851 GC heap before
{Heap before GC invocations=48 (full 0):
 garbage-first heap   total 323584K, used 86218K [0x0000000080000000, 0x0000000100000000)
  region size 1024K, 15 young (15360K), 2 survivors (2048K)
 Metaspace       used 82126K, capacity 84419K, committed 84488K, reserved 589824K
  class space    used 10533K, capacity 11473K, committed 11520K, reserved 516096K
}
Event: 485.071 GC heap after
{Heap after GC invocations=49 (full 0):
 garbage-first heap   total 323584K, used 73656K [0x0000000080000000, 0x0000000100000000)
  region size 1024K, 2 young (2048K), 2 survivors (2048K)
 Metaspace       used 82126K, capacity 84419K, committed 84488K, reserved 589824K
  class space    used 10533K, capacity 11473K, committed 11520K, reserved 516096K
}
Event: 494.191 GC heap before
{Heap before GC invocations=49 (full 0):
 garbage-first heap   total 323584K, used 87992K [0x0000000080000000, 0x0000000100000000)
  region size 1024K, 15 young (15360K), 2 survivors (2048K)
 Metaspace       used 83176K, capacity 85475K, committed 85640K, reserved 591872K
  class space    used 10671K, capacity 11607K, committed 11648K, reserved 516096K
}
Event: 494.415 GC heap after
{Heap after GC invocations=50 (full 0):
 garbage-first heap   total 323584K, used 74980K [0x0000000080000000, 0x0000000100000000)
  region size 1024K, 2 young (2048K), 2 survivors (2048K)
 Metaspace       used 83176K, capacity 85475K, committed 85640K, reserved 591872K
  class space    used 10671K, capacity 11607K, committed 11648K, reserved 516096K
}
Event: 515.912 GC heap before
{Heap before GC invocations=50 (full 0):
 garbage-first heap   total 323584K, used 88292K [0x0000000080000000, 0x0000000100000000)
  region size 1024K, 15 young (15360K), 2 survivors (2048K)
 Metaspace       used 84003K, capacity 86351K, committed 86664K, reserved 591872K
  class space    used 10825K, capacity 11790K, committed 11904K, reserved 516096K
}
Event: 516.960 GC heap after
{Heap after GC invocations=51 (full 0):
 garbage-first heap   total 323584K, used 75252K [0x0000000080000000, 0x0000000100000000)
  region size 1024K, 1 young (1024K), 1 survivors (1024K)
 Metaspace       used 84003K, capacity 86351K, committed 86664K, reserved 591872K
  class space    used 10825K, capacity 11790K, committed 11904K, reserved 516096K
}
Event: 518.866 GC heap before
{Heap before GC invocations=51 (full 0):
 garbage-first heap   total 323584K, used 89588K [0x0000000080000000, 0x0000000100000000)
  region size 1024K, 15 young (15360K), 1 survivors (1024K)
 Metaspace       used 84021K, capacity 86353K, committed 86664K, reserved 591872K
  class space    used 10827K, capacity 11792K, committed 11904K, reserved 516096K
}
Event: 518.907 GC heap after
{Heap after GC invocations=52 (full 0):
 garbage-first heap   total 323584K, used 76243K [0x0000000080000000, 0x0000000100000000)
  region size 1024K, 2 young (2048K), 2 survivors (2048K)
 Metaspace       used 84021K, capacity 86353K, committed 86664K, reserved 591872K
  class space    used 10827K, capacity 11792K, committed 11904K, reserved 516096K
}
Event: 524.455 GC heap before
{Heap before GC invocations=52 (full 0):
 garbage-first heap   total 323584K, used 89555K [0x0000000080000000, 0x0000000100000000)
  region size 1024K, 15 young (15360K), 2 survivors (2048K)
 Metaspace       used 84134K, capacity 86463K, committed 86664K, reserved 591872K
  class space    used 10842K, capacity 11830K, committed 11904K, reserved 516096K
}
Event: 524.675 GC heap after
{Heap after GC invocations=53 (full 0):
 garbage-first heap   total 323584K, used 77309K [0x0000000080000000, 0x0000000100000000)
  region size 1024K, 2 young (2048K), 2 survivors (2048K)
 Metaspace       used 84134K, capacity 86463K, committed 86664K, reserved 591872K
  class space    used 10842K, capacity 11830K, committed 11904K, reserved 516096K
}
Event: 529.235 GC heap before
{Heap before GC invocations=53 (full 0):
 garbage-first heap   total 323584K, used 90621K [0x0000000080000000, 0x0000000100000000)
  region size 1024K, 15 young (15360K), 2 survivors (2048K)
 Metaspace       used 84186K, capacity 86539K, committed 86664K, reserved 591872K
  class space    used 10848K, capacity 11833K, committed 11904K, reserved 516096K
}

Deoptimization events (20 events):
Event: 505.155 Thread 0x0000022b20826000 DEOPT PACKING pc=0x0000022b104c4a94 sp=0x00000080bbdf7530
Event: 505.155 Thread 0x0000022b20826000 DEOPT UNPACKING pc=0x0000022b0870a1af sp=0x00000080bbdf74f8 mode 2
Event: 515.188 Thread 0x0000022b20826000 Uncommon trap: trap_request=0xffffff4d fr.pc=0x0000022b103349ec relative=0x000000000000032c
Event: 515.188 Thread 0x0000022b20826000 Uncommon trap: reason=unstable_if action=reinterpret pc=0x0000022b103349ec method=java.util.StringJoiner.add(Ljava/lang/CharSequence;)Ljava/util/StringJoiner; @ 33 c2
Event: 515.199 Thread 0x0000022b20826000 DEOPT PACKING pc=0x0000022b103349ec sp=0x00000080bbdf56e0
Event: 515.209 Thread 0x0000022b20826000 DEOPT UNPACKING pc=0x0000022b0870a1af sp=0x00000080bbdf5690 mode 2
Event: 518.794 Thread 0x0000022b20826000 Uncommon trap: trap_request=0xfffffff4 fr.pc=0x0000022b10488b8c relative=0x000000000000096c
Event: 518.804 Thread 0x0000022b20826000 Uncommon trap: reason=null_check action=make_not_entrant pc=0x0000022b10488b8c method=com.sun.beans.introspect.MethodInfo$MethodOrder.compare(Ljava/lang/reflect/Method;Ljava/lang/reflect/Method;)I @ 133 c2
Event: 518.804 Thread 0x0000022b20826000 DEOPT PACKING pc=0x0000022b10488b8c sp=0x00000080bbdf30e0
Event: 518.817 Thread 0x0000022b20826000 DEOPT UNPACKING pc=0x0000022b0870a1af sp=0x00000080bbdf3080 mode 2
Event: 524.444 Thread 0x0000022b20826000 Uncommon trap: trap_request=0xfffffff4 fr.pc=0x0000022b1073454c relative=0x000000000000296c
Event: 524.450 Thread 0x0000022b20826000 Uncommon trap: reason=null_check action=make_not_entrant pc=0x0000022b1073454c method=java.lang.PublicMethods$MethodList.getMostSpecific()Ljava/lang/reflect/Method; @ 41 c2
Event: 524.450 Thread 0x0000022b20826000 DEOPT PACKING pc=0x0000022b1073454c sp=0x00000080bbdf31b0
Event: 524.450 Thread 0x0000022b20826000 DEOPT UNPACKING pc=0x0000022b0870a1af sp=0x00000080bbdf30b0 mode 2
Event: 524.793 Thread 0x0000022b20826000 Uncommon trap: trap_request=0xfffffff4 fr.pc=0x0000022b107644d0 relative=0x0000000000000ab0
Event: 524.793 Thread 0x0000022b20826000 Uncommon trap: reason=null_check action=make_not_entrant pc=0x0000022b107644d0 method=com.sun.beans.introspect.MethodInfo$MethodOrder.compare(Ljava/lang/reflect/Method;Ljava/lang/reflect/Method;)I @ 145 c2
Event: 524.793 Thread 0x0000022b20826000 DEOPT PACKING pc=0x0000022b107644d0 sp=0x00000080bbdf2060
Event: 524.793 Thread 0x0000022b20826000 DEOPT UNPACKING pc=0x0000022b0870a1af sp=0x00000080bbdf2000 mode 2
Event: 525.099 Thread 0x0000022b20826000 DEOPT PACKING pc=0x0000022b099a4af0 sp=0x00000080bbdf8030
Event: 525.099 Thread 0x0000022b20826000 DEOPT UNPACKING pc=0x0000022b0870a95e sp=0x00000080bbdf7510 mode 0

Classes redefined (0 events):
No events

Internal exceptions (20 events):
Event: 524.767 Thread 0x0000022b20826000 Exception <a 'java/lang/ClassNotFoundException'{0x0000000093635cd0}: com/android/build/gradle/internal/dsl/BuildTypeBeanInfo> (0x0000000093635cd0) thrown at [./src/hotspot/share/classfile/systemDictionary.cpp, line 230]
Event: 524.775 Thread 0x0000022b20826000 Exception <a 'java/lang/ClassNotFoundException'{0x000000009364f5c8}: com/android/builder/core/AbstractBuildTypeBeanInfo> (0x000000009364f5c8) thrown at [./src/hotspot/share/classfile/systemDictionary.cpp, line 230]
Event: 524.793 Thread 0x0000022b20826000 Exception <a 'java/lang/ClassNotFoundException'{0x0000000093669430}: com/android/builder/core/AbstractBuildTypeCustomizer> (0x0000000093669430) thrown at [./src/hotspot/share/classfile/systemDictionary.cpp, line 230]
Event: 524.793 Thread 0x0000022b20826000 Implicit null exception at 0x0000022b1076408b to 0x0000022b107644bc
Event: 524.795 Thread 0x0000022b20826000 Exception <a 'java/lang/ClassNotFoundException'{0x000000009369ffc8}: com/android/build/gradle/internal/dsl/BuildTypeCustomizer> (0x000000009369ffc8) thrown at [./src/hotspot/share/classfile/systemDictionary.cpp, line 230]
Event: 524.861 Thread 0x0000022b20826000 Exception <a 'java/lang/ClassNotFoundException'{0x0000000093534f08}: com/android/build/gradle/internal/dsl/BuildType$AgpDecoratedCustomizer> (0x0000000093534f08) thrown at [./src/hotspot/share/classfile/systemDictionary.cpp, line 230]
Event: 524.864 Thread 0x0000022b20826000 Exception <a 'java/lang/ClassNotFoundException'{0x0000000093593860}: com/android/build/gradle/internal/dsl/BuildType$AgpDecorated_DecoratedCustomizer> (0x0000000093593860) thrown at [./src/hotspot/share/classfile/systemDictionary.cpp, line 230]
Event: 524.962 Thread 0x0000022b20826000 Exception <a 'java/lang/ClassNotFoundException'{0x0000000093483d48}: build_7el43iefri8i6kwjxgzbxt96t$_run_closure2$_closure7BeanInfo> (0x0000000093483d48) thrown at [./src/hotspot/share/classfile/systemDictionary.cpp, line 230]
Event: 524.962 Thread 0x0000022b20826000 Exception <a 'java/lang/ClassNotFoundException'{0x0000000093494a70}: build_7el43iefri8i6kwjxgzbxt96t$_run_closure2$_closure7Customizer> (0x0000000093494a70) thrown at [./src/hotspot/share/classfile/systemDictionary.cpp, line 230]
Event: 525.102 Thread 0x0000022b20826000 Exception <a 'java/lang/ClassNotFoundException'{0x0000000093237df0}: org/gradle/api/internal/DefaultDomainObjectSet_DecoratedBeanInfo> (0x0000000093237df0) thrown at [./src/hotspot/share/classfile/systemDictionary.cpp, line 230]
Event: 525.118 Thread 0x0000022b20826000 Exception <a 'java/lang/ClassNotFoundException'{0x00000000932669f8}: org/gradle/api/internal/DefaultDomainObjectSetBeanInfo> (0x00000000932669f8) thrown at [./src/hotspot/share/classfile/systemDictionary.cpp, line 230]
Event: 525.184 Thread 0x0000022b20826000 Exception <a 'java/lang/ClassNotFoundException'{0x0000000093295518}: org/gradle/api/internal/DefaultDomainObjectSetCustomizer> (0x0000000093295518) thrown at [./src/hotspot/share/classfile/systemDictionary.cpp, line 230]
Event: 525.247 Thread 0x0000022b20826000 Exception <a 'java/lang/ClassNotFoundException'{0x00000000932d4638}: org/gradle/api/internal/DefaultDomainObjectSet_DecoratedCustomizer> (0x00000000932d4638) thrown at [./src/hotspot/share/classfile/systemDictionary.cpp, line 230]
Event: 527.565 Thread 0x0000022b20826000 Exception <a 'java/lang/ClassNotFoundException'{0x000000009302f510}: org/gradle/api/internal/artifacts/dependencies/DefaultExternalModuleDependency_DecoratedBeanInfo> (0x000000009302f510) thrown at [./src/hotspot/share/classfile/systemDictionary.cpp, line 230]
Event: 527.576 Thread 0x0000022b20826000 Exception <a 'java/lang/ClassNotFoundException'{0x000000009307abe8}: org/gradle/api/internal/artifacts/dependencies/DefaultExternalModuleDependencyBeanInfo> (0x000000009307abe8) thrown at [./src/hotspot/share/classfile/systemDictionary.cpp, line 230]
Event: 529.182 Thread 0x0000022b20826000 Exception <a 'java/lang/ClassNotFoundException'{0x00000000930fd3e8}: org/gradle/api/internal/artifacts/dependencies/AbstractExternalModuleDependencyBeanInfo> (0x00000000930fd3e8) thrown at [./src/hotspot/share/classfile/systemDictionary.cpp, line 230]
Event: 529.183 Thread 0x0000022b20826000 Exception <a 'java/lang/ClassNotFoundException'{0x0000000092f37960}: org/gradle/api/internal/artifacts/dependencies/AbstractModuleDependencyBeanInfo> (0x0000000092f37960) thrown at [./src/hotspot/share/classfile/systemDictionary.cpp, line 230]
Event: 529.196 Thread 0x0000022b20826000 Exception <a 'java/lang/ClassNotFoundException'{0x0000000092f6f130}: org/gradle/api/internal/artifacts/dependencies/AbstractDependencyBeanInfo> (0x0000000092f6f130) thrown at [./src/hotspot/share/classfile/systemDictionary.cpp, line 230]
Event: 529.197 Thread 0x0000022b20826000 Exception <a 'java/lang/ClassNotFoundException'{0x0000000092fa8b68}: org/gradle/api/internal/artifacts/dependencies/AbstractDependencyCustomizer> (0x0000000092fa8b68) thrown at [./src/hotspot/share/classfile/systemDictionary.cpp, line 230]
Event: 529.200 Thread 0x0000022b20826000 Exception <a 'java/lang/ClassNotFoundException'{0x0000000092fe6338}: org/gradle/api/internal/artifacts/dependencies/AbstractModuleDependencyCustomizer> (0x0000000092fe6338) thrown at [./src/hotspot/share/classfile/systemDictionary.cpp, line 230]

Events (20 events):
Event: 529.195 loading class org/gradle/api/internal/artifacts/dependencies/AbstractDependencyBeanInfo done
Event: 529.196 loading class org/gradle/api/internal/artifacts/dependencies/AbstractDependencyBeanInfo
Event: 529.196 loading class org/gradle/api/internal/artifacts/dependencies/AbstractDependencyBeanInfo done
Event: 529.196 loading class org/gradle/api/internal/artifacts/dependencies/AbstractDependencyCustomizer
Event: 529.196 loading class org/gradle/api/internal/artifacts/dependencies/AbstractDependencyCustomizer done
Event: 529.196 loading class org/gradle/api/internal/artifacts/dependencies/AbstractDependencyCustomizer
Event: 529.196 loading class org/gradle/api/internal/artifacts/dependencies/AbstractDependencyCustomizer done
Event: 529.196 loading class org/gradle/api/internal/artifacts/dependencies/AbstractDependencyCustomizer
Event: 529.196 loading class org/gradle/api/internal/artifacts/dependencies/AbstractDependencyCustomizer done
Event: 529.197 loading class org/gradle/api/internal/artifacts/dependencies/AbstractDependencyCustomizer
Event: 529.197 loading class org/gradle/api/internal/artifacts/dependencies/AbstractDependencyCustomizer done
Event: 529.198 loading class org/gradle/api/internal/artifacts/dependencies/AbstractModuleDependencyCustomizer
Event: 529.198 loading class org/gradle/api/internal/artifacts/dependencies/AbstractModuleDependencyCustomizer done
Event: 529.199 loading class org/gradle/api/internal/artifacts/dependencies/AbstractModuleDependencyCustomizer
Event: 529.199 loading class org/gradle/api/internal/artifacts/dependencies/AbstractModuleDependencyCustomizer done
Event: 529.199 loading class org/gradle/api/internal/artifacts/dependencies/AbstractModuleDependencyCustomizer
Event: 529.199 loading class org/gradle/api/internal/artifacts/dependencies/AbstractModuleDependencyCustomizer done
Event: 529.200 loading class org/gradle/api/internal/artifacts/dependencies/AbstractModuleDependencyCustomizer
Event: 529.200 loading class org/gradle/api/internal/artifacts/dependencies/AbstractModuleDependencyCustomizer done
Event: 529.218 Executing VM operation: G1CollectForAllocation


Dynamic libraries:
0x00007ff68b490000 - 0x00007ff68b49d000 	C:\Program Files\Microsoft\jdk-11.0.18.10-hotspot\bin\java.exe
0x00007ff991830000 - 0x00007ff991a28000 	C:\WINDOWS\SYSTEM32\ntdll.dll
0x00007ff991210000 - 0x00007ff9912cf000 	C:\WINDOWS\System32\KERNEL32.DLL
0x00007ff98f3f0000 - 0x00007ff98f6e6000 	C:\WINDOWS\System32\KERNELBASE.dll
0x00007ff98f160000 - 0x00007ff98f260000 	C:\WINDOWS\System32\ucrtbase.dll
0x00007ff985880000 - 0x00007ff985897000 	C:\Program Files\Microsoft\jdk-11.0.18.10-hotspot\bin\jli.dll
0x00007ff9902e0000 - 0x00007ff99047d000 	C:\WINDOWS\System32\USER32.dll
0x00007ff98f810000 - 0x00007ff98f832000 	C:\WINDOWS\System32\win32u.dll
0x00007ff990490000 - 0x00007ff9904bc000 	C:\WINDOWS\System32\GDI32.dll
0x00007ff98f040000 - 0x00007ff98f155000 	C:\WINDOWS\System32\gdi32full.dll
0x00007ff98efa0000 - 0x00007ff98f03d000 	C:\WINDOWS\System32\msvcp_win.dll
0x00007ff970490000 - 0x00007ff97072a000 	C:\WINDOWS\WinSxS\amd64_microsoft.windows.common-controls_6595b64144ccf1df_6.0.19041.1110_none_60b5254171f9507e\COMCTL32.dll
0x00007ff990570000 - 0x00007ff99060e000 	C:\WINDOWS\System32\msvcrt.dll
0x00007ff9854f0000 - 0x00007ff985505000 	C:\Program Files\Microsoft\jdk-11.0.18.10-hotspot\bin\VCRUNTIME140.dll
0x00007ff990610000 - 0x00007ff990640000 	C:\WINDOWS\System32\IMM32.DLL
0x00007ff9545e0000 - 0x00007ff95467b000 	C:\Program Files\Microsoft\jdk-11.0.18.10-hotspot\bin\msvcp140.dll
0x00007ff91aa60000 - 0x00007ff91b5f2000 	C:\Program Files\Microsoft\jdk-11.0.18.10-hotspot\bin\server\jvm.dll
0x00007ff9912d0000 - 0x00007ff99137f000 	C:\WINDOWS\System32\ADVAPI32.dll
0x00007ff990f00000 - 0x00007ff990f9c000 	C:\WINDOWS\System32\sechost.dll
0x00007ff98faf0000 - 0x00007ff98fc16000 	C:\WINDOWS\System32\RPCRT4.dll
0x00007ff991050000 - 0x00007ff991058000 	C:\WINDOWS\System32\PSAPI.DLL
0x00007ff9838d0000 - 0x00007ff9838f7000 	C:\WINDOWS\SYSTEM32\WINMM.dll
0x00007ff984270000 - 0x00007ff98427a000 	C:\WINDOWS\SYSTEM32\VERSION.dll
0x00007ff9724c0000 - 0x00007ff9724c9000 	C:\WINDOWS\SYSTEM32\WSOCK32.dll
0x00007ff990140000 - 0x00007ff9901ab000 	C:\WINDOWS\System32\WS2_32.dll
0x00007ff98d990000 - 0x00007ff98d9a2000 	C:\WINDOWS\SYSTEM32\kernel.appcore.dll
0x00007ff986740000 - 0x00007ff986750000 	C:\Program Files\Microsoft\jdk-11.0.18.10-hotspot\bin\verify.dll
0x00007ff986880000 - 0x00007ff986a64000 	C:\WINDOWS\SYSTEM32\DBGHELP.DLL
0x00007ff972480000 - 0x00007ff9724b4000 	C:\WINDOWS\SYSTEM32\dbgcore.DLL
0x00007ff98ef10000 - 0x00007ff98ef92000 	C:\WINDOWS\System32\bcryptPrimitives.dll
0x00007ff976e10000 - 0x00007ff976e38000 	C:\Program Files\Microsoft\jdk-11.0.18.10-hotspot\bin\java.dll
0x00007ff985d70000 - 0x00007ff985d7a000 	C:\Program Files\Microsoft\jdk-11.0.18.10-hotspot\bin\jimage.dll
0x00007ff976df0000 - 0x00007ff976e08000 	C:\Program Files\Microsoft\jdk-11.0.18.10-hotspot\bin\zip.dll
0x00007ff9907b0000 - 0x00007ff990ef4000 	C:\WINDOWS\System32\SHELL32.dll
0x00007ff98c9e0000 - 0x00007ff98d173000 	C:\WINDOWS\SYSTEM32\windows.storage.dll
0x00007ff98fcb0000 - 0x00007ff990004000 	C:\WINDOWS\System32\combase.dll
0x00007ff98e890000 - 0x00007ff98e8be000 	C:\WINDOWS\SYSTEM32\Wldp.dll
0x00007ff990fa0000 - 0x00007ff99104d000 	C:\WINDOWS\System32\SHCORE.dll
0x00007ff98f8f0000 - 0x00007ff98f945000 	C:\WINDOWS\System32\shlwapi.dll
0x00007ff98ee50000 - 0x00007ff98ee6f000 	C:\WINDOWS\SYSTEM32\profapi.dll
0x00007ff96ae10000 - 0x00007ff96ae29000 	C:\Program Files\Microsoft\jdk-11.0.18.10-hotspot\bin\net.dll
0x00007ff982c30000 - 0x00007ff982d3a000 	C:\WINDOWS\SYSTEM32\WINHTTP.dll
0x00007ff98e5f0000 - 0x00007ff98e65a000 	C:\WINDOWS\system32\mswsock.dll
0x00007ff95c860000 - 0x00007ff95c873000 	C:\Program Files\Microsoft\jdk-11.0.18.10-hotspot\bin\nio.dll
0x00007ff9593b0000 - 0x00007ff9593d7000 	C:\Users\hp\.gradle\native\e1d6ef7f7dcc3fd88c89a11ec53ec762bb8ba0a96d01ffa2cd45eb1d1d8dd5c5\windows-amd64\native-platform.dll
0x00007ff9540c0000 - 0x00007ff954204000 	C:\Users\hp\.gradle\native\0d407fdbe67a94daf76414ababcb853783967236a71b16ec16e742cd7a986fd3\windows-amd64\native-platform-file-events.dll
0x00007ff97eec0000 - 0x00007ff97eec9000 	C:\Program Files\Microsoft\jdk-11.0.18.10-hotspot\bin\management.dll
0x00007ff97dd10000 - 0x00007ff97dd1b000 	C:\Program Files\Microsoft\jdk-11.0.18.10-hotspot\bin\management_ext.dll
0x00007ff98e7f0000 - 0x00007ff98e808000 	C:\WINDOWS\SYSTEM32\CRYPTSP.dll
0x00007ff98df10000 - 0x00007ff98df44000 	C:\WINDOWS\system32\rsaenh.dll
0x00007ff98f3c0000 - 0x00007ff98f3e7000 	C:\WINDOWS\System32\bcrypt.dll
0x00007ff98ee10000 - 0x00007ff98ee3e000 	C:\WINDOWS\SYSTEM32\USERENV.dll
0x00007ff98e7e0000 - 0x00007ff98e7ec000 	C:\WINDOWS\SYSTEM32\CRYPTBASE.dll
0x00007ff98e2e0000 - 0x00007ff98e31c000 	C:\WINDOWS\SYSTEM32\IPHLPAPI.DLL
0x00007ff990480000 - 0x00007ff990488000 	C:\WINDOWS\System32\NSI.dll
0x00007ff9831e0000 - 0x00007ff9831f7000 	C:\WINDOWS\SYSTEM32\dhcpcsvc6.DLL
0x00007ff984280000 - 0x00007ff98429d000 	C:\WINDOWS\SYSTEM32\dhcpcsvc.DLL
0x00007ff98e320000 - 0x00007ff98e3eb000 	C:\WINDOWS\SYSTEM32\DNSAPI.dll

dbghelp: loaded successfully - version: 4.0.5 - missing functions: none
symbol engine: initialized successfully - sym options: 0x614 - pdb path: .;C:\Program Files\Microsoft\jdk-11.0.18.10-hotspot\bin;C:\WINDOWS\SYSTEM32;C:\WINDOWS\WinSxS\amd64_microsoft.windows.common-controls_6595b64144ccf1df_6.0.19041.1110_none_60b5254171f9507e;C:\Program Files\Microsoft\jdk-11.0.18.10-hotspot\bin\server;C:\Users\hp\.gradle\native\e1d6ef7f7dcc3fd88c89a11ec53ec762bb8ba0a96d01ffa2cd45eb1d1d8dd5c5\windows-amd64;C:\Users\hp\.gradle\native\0d407fdbe67a94daf76414ababcb853783967236a71b16ec16e742cd7a986fd3\windows-amd64

VM Arguments:
jvm_args: -XX:MaxMetaspaceSize=512m --add-opens=java.base/java.util=ALL-UNNAMED --add-opens=java.base/java.lang=ALL-UNNAMED --add-opens=java.base/java.lang.invoke=ALL-UNNAMED --add-opens=java.base/java.util=ALL-UNNAMED --add-opens=java.prefs/java.util.prefs=ALL-UNNAMED --add-opens=java.prefs/java.util.prefs=ALL-UNNAMED --add-opens=java.base/java.nio.charset=ALL-UNNAMED --add-opens=java.base/java.net=ALL-UNNAMED --add-opens=java.base/java.util.concurrent.atomic=ALL-UNNAMED -Xmx2048m -Dfile.encoding=windows-1252 -Duser.country=US -Duser.language=en -Duser.variant 
java_command: org.gradle.launcher.daemon.bootstrap.GradleDaemon 7.5.1
java_class_path (initial): C:\Users\hp\.gradle\wrapper\dists\gradle-7.5.1-all\1ehga6e77gqps5uk2kc5kf1vc\gradle-7.5.1\lib\gradle-launcher-7.5.1.jar
Launcher Type: SUN_STANDARD

[Global flags]
     intx CICompilerCount                          = 3                                         {product} {ergonomic}
   size_t CompressedClassSpaceSize                 = 528482304                                 {product} {ergonomic}
     uint ConcGCThreads                            = 1                                         {product} {ergonomic}
     uint G1ConcRefinementThreads                  = 4                                         {product} {ergonomic}
   size_t G1HeapRegionSize                         = 1048576                                   {product} {ergonomic}
    uintx GCDrainStackTargetSize                   = 64                                        {product} {ergonomic}
   size_t InitialHeapSize                          = 134217728                                 {product} {ergonomic}
   size_t MarkStackSize                            = 4194304                                   {product} {ergonomic}
   size_t MaxHeapSize                              = 2147483648                                {product} {command line}
   size_t MaxMetaspaceSize                         = 536870912                                 {product} {command line}
   size_t MaxNewSize                               = 1287651328                                {product} {ergonomic}
   size_t MinHeapDeltaBytes                        = 1048576                                   {product} {ergonomic}
    uintx NonNMethodCodeHeapSize                   = 5830732                                {pd product} {ergonomic}
    uintx NonProfiledCodeHeapSize                  = 122913754                              {pd product} {ergonomic}
    uintx ProfiledCodeHeapSize                     = 122913754                              {pd product} {ergonomic}
    uintx ReservedCodeCacheSize                    = 251658240                              {pd product} {ergonomic}
     bool SegmentedCodeCache                       = true                                      {product} {ergonomic}
     bool UseCompressedClassPointers               = true                                 {lp64_product} {ergonomic}
     bool UseCompressedOops                        = true                                 {lp64_product} {ergonomic}
     bool UseG1GC                                  = true                                      {product} {ergonomic}
     bool UseLargePagesIndividualAllocation        = false                                  {pd product} {ergonomic}

Logging:
Log output configuration:
 #0: stdout all=warning uptime,level,tags
 #1: stderr all=off uptime,level,tags

Environment Variables:
JAVA_HOME=C:\Program Files\Microsoft\jdk-11.0.18.10-hotspot
CLASSPATH=D:\LoginSignupPage\LoginSignup\android\\gradle\wrapper\gradle-wrapper.jar
PATH=D:\LoginSignupPage\LoginSignup\android\node_modules\.bin;D:\LoginSignupPage\LoginSignup\node_modules\.bin;D:\LoginSignupPage\node_modules\.bin;D:\node_modules\.bin;C:\Program Files\nodejs;D:\LoginSignupPage\LoginSignup\node_modules\.bin;D:\LoginSignupPage\LoginSignup\node_modules\.bin;D:\LoginSignupPage\node_modules\.bin;D:\node_modules\.bin;C:\Program Files\nodejs\node_modules\npm\node_modules\@npmcli\run-script\lib\node-gyp-bin;D:\LoginSignupPage\LoginSignup\node_modules\.bin;D:\LoginSignupPage\node_modules\.bin;D:\node_modules\.bin;C:\Program Files\nodejs;D:\LoginSignupPage\LoginSignup\node_modules\.bin;D:\LoginSignupPage\node_modules\.bin;D:\node_modules\.bin;C:\Program Files\nodejs\node_modules\npm\node_modules\@npmcli\run-script\lib\node-gyp-bin;C:\Program Files\Microsoft\jdk-11.0.18.10-hotspot\bin;C:\WINDOWS\system32;C:\WINDOWS;C:\WINDOWS\System32\Wbem;C:\WINDOWS\System32\WindowsPowerShell\v1.0\;C:\WINDOWS\System32\OpenSSH\;C:\Program Files\Git\cmd;C:\Program Files\Git\mingw64\bin;C:\Program Files\Git\usr\bin;C:\Users\hp\Downloads\jre-8u192-windows-x64\jre1.8.0_192\bin;C:\Users\hp\Downloads\gradle-7.6-bin\gradle-7.6\bin;C:\Users\hp\Downloads\jre-8u192-windows-x64\jre1.8.0_192\bin;C:\Program Files\nodejs\;C:\ProgramData\chocolatey\bin;C:\Users\hp\AppData\Local\Microsoft\WindowsApps;C:\Users\hp\AppData\Local\Programs\Microsoft VS Code\bin;C:\Program Files\JetBrains\IntelliJ IDEA Community Edition 2022.3.1\bin;;C:\Users\hp\AppData\Roaming\npm;C:\Users\hp\AppData\Local\Android\Sdk\platform-tools;
USERNAME=hp
LANG=en_US.UTF-8
OS=Windows_NT
PROCESSOR_IDENTIFIER=Intel64 Family 6 Model 78 Stepping 3, GenuineIntel
TMP=C:\Users\hp\AppData\Local\Temp
TEMP=C:\Users\hp\AppData\Local\Temp



---------------  S Y S T E M  ---------------

OS: Windows 10 , 64 bit Build 19041 (10.0.19041.2913)
OS uptime: 2 days 18:43 hours

CPU:total 4 (initial active 4) (2 cores per cpu, 2 threads per core) family 6 model 78 stepping 3 microcode 0xea, cmov, cx8, fxsr, mmx, sse, sse2, sse3, ssse3, sse4.1, sse4.2, popcnt, avx, avx2, aes, clmul, erms, rtm, 3dnowpref, lzcnt, ht, tsc, tscinvbit, bmi1, bmi2, adx, fma

Memory: 4k page, system-wide physical 8071M (100M free)
TotalPageFile size 20399M (AvailPageFile size 89M)
current process WorkingSet (physical memory assigned to process): 122M, peak: 189M
current process commit charge ("private bytes"): 575M, peak: 678M

vm_info: OpenJDK 64-Bit Server VM (11.0.18+10-LTS) for windows-amd64 JRE (11.0.18+10-LTS), built on Jan 18 2023 15:56:47 by "MicrosoftCorporation" with MS VC++ 15.9 (VS2017)

END.
