#
# There is insufficient memory for the Java Runtime Environment to continue.
# Native memory allocation (mmap) failed to map 273678336 bytes for Failed to commit area from 0x0000000090500000 to 0x00000000a0a00000 of length 273678336.
# Possible reasons:
#   The system is out of physical RAM or swap space
#   The process is running with CompressedOops enabled, and the Java Heap may be blocking the growth of the native heap
# Possible solutions:
#   Reduce memory load on the system
#   Increase physical memory or swap space
#   Check if swap backing store is full
#   Decrease Java heap size (-Xmx/-Xms)
#   Decrease number of Java threads
#   Decrease Java thread stack sizes (-Xss)
#   Set larger code cache with -XX:ReservedCodeCacheSize=
#   JVM is running with Unscaled Compressed Oops mode in which the Java heap is
#     placed in the first 4GB address space. The Java Heap base address is the
#     maximum limit for the native heap growth. Please use -XX:HeapBaseMinAddress
#     to set the Java Heap base and to place the Java Heap above 4GB virtual address.
# This output file may be truncated or incomplete.
#
#  Out of Memory Error (./src/hotspot/os/windows/os_windows.cpp:3386), pid=13164, tid=5140
#
# JRE version: OpenJDK Runtime Environment Microsoft-7208460 (11.0.18+10) (build 11.0.18+10-LTS)
# Java VM: OpenJDK 64-Bit Server VM Microsoft-7208460 (11.0.18+10-LTS, mixed mode, tiered, compressed oops, g1 gc, windows-amd64)
# No core dump will be written. Minidumps are not enabled by default on client versions of Windows
#

---------------  S U M M A R Y ------------

Command Line: -XX:MaxMetaspaceSize=512m --add-opens=java.base/java.util=ALL-UNNAMED --add-opens=java.base/java.lang=ALL-UNNAMED --add-opens=java.base/java.lang.invoke=ALL-UNNAMED --add-opens=java.base/java.util=ALL-UNNAMED --add-opens=java.prefs/java.util.prefs=ALL-UNNAMED --add-opens=java.prefs/java.util.prefs=ALL-UNNAMED --add-opens=java.base/java.nio.charset=ALL-UNNAMED --add-opens=java.base/java.net=ALL-UNNAMED --add-opens=java.base/java.util.concurrent.atomic=ALL-UNNAMED -Xmx2048m -Dfile.encoding=windows-1252 -Duser.country=US -Duser.language=en -Duser.variant org.gradle.launcher.daemon.bootstrap.GradleDaemon 7.5.1

Host: Intel(R) Core(TM) i5-6300U CPU @ 2.40GHz, 4 cores, 7G,  Windows 10 , 64 bit Build 19041 (10.0.19041.2913)
Time: Mon Jun  5 12:28:52 2023 India Standard Time elapsed time: 503.045613 seconds (0d 0h 8m 23s)

---------------  T H R E A D  ---------------

Current thread (0x000001b8003ac000):  VMThread "VM Thread" [stack: 0x00000041b3900000,0x00000041b3a00000] [id=5140]

Stack: [0x00000041b3900000,0x00000041b3a00000]
[error occurred during error reporting (printing stack bounds), id 0xc0000005, EXCEPTION_ACCESS_VIOLATION (0xc0000005) at pc=0x000001b86a23112d]

Native frames: (J=compiled Java code, j=interpreted, Vv=VM code, C=native code)
V  [jvm.dll+0x62bf8a]
V  [jvm.dll+0x7b8fb9]
V  [jvm.dll+0x7ba6a8]
V  [jvm.dll+0x7bace5]
V  [jvm.dll+0x7bac9b]
V  [jvm.dll+0x62b317]
V  [jvm.dll+0x62ba28]
C  [ntdll.dll+0xa23df]
C  [ntdll.dll+0x514a4]
C  [ntdll.dll+0xa0f0e]
C  0x000001b86a23112d

VM_Operation (0x00000041b4cf5a30): G1CollectForAllocation, mode: safepoint, requested by thread 0x000001b802542000


---------------  P R O C E S S  ---------------

Threads class SMR info:
_java_thread_list=0x000001b807cb0dc0, length=85, elements={
0x000001b861ab2800, 0x000001b8003c1000, 0x000001b8003b0000, 0x000001b800412000,
0x000001b800413000, 0x000001b800415000, 0x000001b800d25000, 0x000001b800d2a800,
0x000001b800d8e800, 0x000001b800e87000, 0x000001b802634800, 0x000001b802225800,
0x000001b802090800, 0x000001b801b8b800, 0x000001b8023b7800, 0x000001b802541800,
0x000001b802542000, 0x000001b8018ba800, 0x000001b8018bb800, 0x000001b80140c000,
0x000001b801942800, 0x000001b801944000, 0x000001b801949000, 0x000001b801943000,
0x000001b801945800, 0x000001b801948000, 0x000001b801946800, 0x000001b801947000,
0x000001b803296000, 0x000001b803292000, 0x000001b803298800, 0x000001b803297000,
0x000001b803294800, 0x000001b803298000, 0x000001b803293000, 0x000001b803299800,
0x000001b803295800, 0x000001b80329c800, 0x000001b80329c000, 0x000001b80329d800,
0x000001b8032a1000, 0x000001b80329e800, 0x000001b80329f000, 0x000001b8032a0000,
0x000001b801944800, 0x000001b805922000, 0x000001b805921800, 0x000001b805924800,
0x000001b805925800, 0x000001b805928000, 0x000001b805927000, 0x000001b805928800,
0x000001b805923000, 0x000001b805926000, 0x000001b805929800, 0x000001b805924000,
0x000001b80592f000, 0x000001b80592d000, 0x000001b805930000, 0x000001b80592e800,
0x000001b80592a800, 0x000001b80592b000, 0x000001b80592c000, 0x000001b80592d800,
0x000001b803641800, 0x000001b803644000, 0x000001b803643800, 0x000001b803642800,
0x000001b803646000, 0x000001b803645000, 0x000001b803640000, 0x000001b803646800,
0x000001b803641000, 0x000001b80364c800, 0x000001b80364a800, 0x000001b80364a000,
0x000001b80364f000, 0x000001b80364d000, 0x000001b803649000, 0x000001b80364b800,
0x000001b80364e000, 0x000001b80329a800, 0x000001b80329b000, 0x000001b803973800,
0x000001b803971800
}

Java Threads: ( => current thread )
  0x000001b861ab2800 JavaThread "main" [_thread_blocked, id=3780, stack(0x00000041b3300000,0x00000041b3400000)]
  0x000001b8003c1000 JavaThread "Reference Handler" daemon [_thread_blocked, id=11500, stack(0x00000041b3a00000,0x00000041b3b00000)]
  0x000001b8003b0000 JavaThread "Finalizer" daemon [_thread_blocked, id=1384, stack(0x00000041b3b00000,0x00000041b3c00000)]
  0x000001b800412000 JavaThread "Signal Dispatcher" daemon [_thread_blocked, id=16468, stack(0x00000041b3c00000,0x00000041b3d00000)]
  0x000001b800413000 JavaThread "Attach Listener" daemon [_thread_blocked, id=16476, stack(0x00000041b3d00000,0x00000041b3e00000)]
  0x000001b800415000 JavaThread "Service Thread" daemon [_thread_blocked, id=16480, stack(0x00000041b3e00000,0x00000041b3f00000)]
  0x000001b800d25000 JavaThread "C2 CompilerThread0" daemon [_thread_blocked, id=16492, stack(0x00000041b3f00000,0x00000041b4000000)]
  0x000001b800d2a800 JavaThread "C1 CompilerThread0" daemon [_thread_blocked, id=16496, stack(0x00000041b4000000,0x00000041b4100000)]
  0x000001b800d8e800 JavaThread "Sweeper thread" daemon [_thread_blocked, id=16500, stack(0x00000041b4100000,0x00000041b4200000)]
  0x000001b800e87000 JavaThread "Common-Cleaner" daemon [_thread_blocked, id=16660, stack(0x00000041b4200000,0x00000041b4300000)]
  0x000001b802634800 JavaThread "Daemon health stats" [_thread_blocked, id=16288, stack(0x00000041b4600000,0x00000041b4700000)]
  0x000001b802225800 JavaThread "Incoming local TCP Connector on port 58859" [_thread_in_native, id=10704, stack(0x00000041b4700000,0x00000041b4800000)]
  0x000001b802090800 JavaThread "Daemon periodic checks" [_thread_blocked, id=2592, stack(0x00000041b4800000,0x00000041b4900000)]
  0x000001b801b8b800 JavaThread "Daemon" [_thread_blocked, id=16724, stack(0x00000041b4900000,0x00000041b4a00000)]
  0x000001b8023b7800 JavaThread "Handler for socket connection from /127.0.0.1:58859 to /127.0.0.1:58887" [_thread_in_native, id=13080, stack(0x00000041b4a00000,0x00000041b4b00000)]
  0x000001b802541800 JavaThread "Cancel handler" [_thread_blocked, id=5012, stack(0x00000041b4b00000,0x00000041b4c00000)]
  0x000001b802542000 JavaThread "Daemon worker" [_thread_blocked, id=11920, stack(0x00000041b4c00000,0x00000041b4d00000)]
  0x000001b8018ba800 JavaThread "Asynchronous log dispatcher for DefaultDaemonConnection: socket connection from /127.0.0.1:58859 to /127.0.0.1:58887" [_thread_blocked, id=3820, stack(0x00000041b4d00000,0x00000041b4e00000)]
  0x000001b8018bb800 JavaThread "Stdin handler" [_thread_blocked, id=14172, stack(0x00000041b4e00000,0x00000041b4f00000)]
  0x000001b80140c000 JavaThread "Daemon client event forwarder" [_thread_blocked, id=14332, stack(0x00000041b4f00000,0x00000041b5000000)]
  0x000001b801942800 JavaThread "Cache worker for journal cache (C:\Users\hp\.gradle\caches\journal-1)" [_thread_blocked, id=14200, stack(0x00000041b5100000,0x00000041b5200000)]
  0x000001b801944000 JavaThread "File lock request listener" [_thread_in_native, id=3732, stack(0x00000041b5200000,0x00000041b5300000)]
  0x000001b801949000 JavaThread "Cache worker for file hash cache (C:\Users\hp\.gradle\caches\7.5.1\fileHashes)" [_thread_blocked, id=17352, stack(0x00000041b3100000,0x00000041b3200000)]
  0x000001b801943000 JavaThread "File watcher server" daemon [_thread_in_native, id=3264, stack(0x00000041b5500000,0x00000041b5600000)]
  0x000001b801945800 JavaThread "File watcher consumer" daemon [_thread_blocked, id=12636, stack(0x00000041b5600000,0x00000041b5700000)]
  0x000001b801948000 JavaThread "Cache worker for checksums cache (D:\LoginSignupPage\LoginSignup\android\.gradle\7.5.1\checksums)" [_thread_blocked, id=6264, stack(0x00000041b5700000,0x00000041b5800000)]
  0x000001b801946800 JavaThread "Cache worker for cache directory md-rule (C:\Users\hp\.gradle\caches\7.5.1\md-rule)" [_thread_blocked, id=10692, stack(0x00000041b5800000,0x00000041b5900000)]
  0x000001b801947000 JavaThread "Cache worker for file content cache (C:\Users\hp\.gradle\caches\7.5.1\fileContent)" [_thread_blocked, id=14828, stack(0x00000041b5900000,0x00000041b5a00000)]
  0x000001b803296000 JavaThread "Cache worker for file hash cache (D:\LoginSignupPage\LoginSignup\android\.gradle\7.5.1\fileHashes)" [_thread_blocked, id=13972, stack(0x00000041b5a00000,0x00000041b5b00000)]
  0x000001b803292000 JavaThread "Cache worker for cache directory md-supplier (C:\Users\hp\.gradle\caches\7.5.1\md-supplier)" [_thread_blocked, id=984, stack(0x00000041b5b00000,0x00000041b5c00000)]
  0x000001b803298800 JavaThread "Cache worker for execution history cache (C:\Users\hp\.gradle\caches\7.5.1\executionHistory)" [_thread_blocked, id=17400, stack(0x00000041b5c00000,0x00000041b5d00000)]
  0x000001b803297000 JavaThread "jar transforms" [_thread_blocked, id=5684, stack(0x00000041b3200000,0x00000041b3300000)]
  0x000001b803294800 JavaThread "jar transforms Thread 2" [_thread_blocked, id=8668, stack(0x00000041b5d00000,0x00000041b5e00000)]
  0x000001b803298000 JavaThread "jar transforms Thread 3" [_thread_blocked, id=17356, stack(0x00000041b5e00000,0x00000041b5f00000)]
  0x000001b803293000 JavaThread "jar transforms Thread 4" [_thread_blocked, id=8952, stack(0x00000041b5f00000,0x00000041b6000000)]
  0x000001b803299800 JavaThread "Cache worker for kotlin-dsl (C:\Users\hp\.gradle\caches\7.5.1\kotlin-dsl)" [_thread_blocked, id=14084, stack(0x00000041b3000000,0x00000041b3100000)]
  0x000001b803295800 JavaThread "Cache worker for dependencies-accessors (D:\LoginSignupPage\LoginSignup\android\.gradle\7.5.1\dependencies-accessors)" [_thread_blocked, id=18248, stack(0x00000041b6000000,0x00000041b6100000)]
  0x000001b80329c800 JavaThread "Cache worker for Build Output Cleanup Cache (D:\LoginSignupPage\LoginSignup\node_modules\react-native-gradle-plugin\.gradle\buildOutputCleanup)" [_thread_blocked, id=18152, stack(0x00000041b6100000,0x00000041b6200000)]
  0x000001b80329c000 JavaThread "Unconstrained build operations" [_thread_blocked, id=18208, stack(0x00000041b6200000,0x00000041b6300000)]
  0x000001b80329d800 JavaThread "Unconstrained build operations Thread 2" [_thread_blocked, id=17768, stack(0x00000041b6300000,0x00000041b6400000)]
  0x000001b8032a1000 JavaThread "Unconstrained build operations Thread 3" [_thread_blocked, id=10020, stack(0x00000041b6400000,0x00000041b6500000)]
  0x000001b80329e800 JavaThread "Unconstrained build operations Thread 4" [_thread_blocked, id=16268, stack(0x00000041b6500000,0x00000041b6600000)]
  0x000001b80329f000 JavaThread "Unconstrained build operations Thread 5" [_thread_blocked, id=17772, stack(0x00000041b6600000,0x00000041b6700000)]
  0x000001b8032a0000 JavaThread "Unconstrained build operations Thread 6" [_thread_blocked, id=17432, stack(0x00000041b6700000,0x00000041b6800000)]
  0x000001b801944800 JavaThread "Unconstrained build operations Thread 7" [_thread_blocked, id=3116, stack(0x00000041b6800000,0x00000041b6900000)]
  0x000001b805922000 JavaThread "Unconstrained build operations Thread 8" [_thread_blocked, id=13996, stack(0x00000041b6900000,0x00000041b6a00000)]
  0x000001b805921800 JavaThread "Unconstrained build operations Thread 9" [_thread_blocked, id=17176, stack(0x00000041b6a00000,0x00000041b6b00000)]
  0x000001b805924800 JavaThread "Unconstrained build operations Thread 10" [_thread_blocked, id=9996, stack(0x00000041b6b00000,0x00000041b6c00000)]
  0x000001b805925800 JavaThread "Unconstrained build operations Thread 11" [_thread_blocked, id=7792, stack(0x00000041b6c00000,0x00000041b6d00000)]
  0x000001b805928000 JavaThread "Unconstrained build operations Thread 12" [_thread_blocked, id=15140, stack(0x00000041b6d00000,0x00000041b6e00000)]
  0x000001b805927000 JavaThread "Unconstrained build operations Thread 13" [_thread_blocked, id=2216, stack(0x00000041b6e00000,0x00000041b6f00000)]
  0x000001b805928800 JavaThread "Unconstrained build operations Thread 14" [_thread_blocked, id=10916, stack(0x00000041b6f00000,0x00000041b7000000)]
  0x000001b805923000 JavaThread "Unconstrained build operations Thread 15" [_thread_blocked, id=10436, stack(0x00000041b7000000,0x00000041b7100000)]
  0x000001b805926000 JavaThread "Unconstrained build operations Thread 16" [_thread_blocked, id=11740, stack(0x00000041b7100000,0x00000041b7200000)]
  0x000001b805929800 JavaThread "Unconstrained build operations Thread 17" [_thread_blocked, id=14740, stack(0x00000041b7200000,0x00000041b7300000)]
  0x000001b805924000 JavaThread "Unconstrained build operations Thread 18" [_thread_blocked, id=17108, stack(0x00000041b7300000,0x00000041b7400000)]
  0x000001b80592f000 JavaThread "Unconstrained build operations Thread 19" [_thread_blocked, id=8928, stack(0x00000041b7400000,0x00000041b7500000)]
  0x000001b80592d000 JavaThread "Unconstrained build operations Thread 20" [_thread_blocked, id=17532, stack(0x00000041b7500000,0x00000041b7600000)]
  0x000001b805930000 JavaThread "Unconstrained build operations Thread 21" [_thread_blocked, id=11888, stack(0x00000041b7600000,0x00000041b7700000)]
  0x000001b80592e800 JavaThread "Unconstrained build operations Thread 22" [_thread_blocked, id=15792, stack(0x00000041b7700000,0x00000041b7800000)]
  0x000001b80592a800 JavaThread "Unconstrained build operations Thread 23" [_thread_blocked, id=2632, stack(0x00000041b7800000,0x00000041b7900000)]
  0x000001b80592b000 JavaThread "Unconstrained build operations Thread 24" [_thread_blocked, id=12588, stack(0x00000041b7900000,0x00000041b7a00000)]
  0x000001b80592c000 JavaThread "Unconstrained build operations Thread 25" [_thread_blocked, id=15712, stack(0x00000041b7a00000,0x00000041b7b00000)]
  0x000001b80592d800 JavaThread "Unconstrained build operations Thread 26" [_thread_blocked, id=14720, stack(0x00000041b7b00000,0x00000041b7c00000)]
  0x000001b803641800 JavaThread "Unconstrained build operations Thread 27" [_thread_blocked, id=14240, stack(0x00000041b7c00000,0x00000041b7d00000)]
  0x000001b803644000 JavaThread "Unconstrained build operations Thread 28" [_thread_blocked, id=14808, stack(0x00000041b7d00000,0x00000041b7e00000)]
  0x000001b803643800 JavaThread "Unconstrained build operations Thread 29" [_thread_blocked, id=10800, stack(0x00000041b7e00000,0x00000041b7f00000)]
  0x000001b803642800 JavaThread "Unconstrained build operations Thread 30" [_thread_blocked, id=10184, stack(0x00000041b7f00000,0x00000041b8000000)]
  0x000001b803646000 JavaThread "Unconstrained build operations Thread 31" [_thread_blocked, id=14236, stack(0x00000041b8000000,0x00000041b8100000)]
  0x000001b803645000 JavaThread "Unconstrained build operations Thread 32" [_thread_blocked, id=10484, stack(0x00000041b8100000,0x00000041b8200000)]
  0x000001b803640000 JavaThread "Unconstrained build operations Thread 33" [_thread_blocked, id=15024, stack(0x00000041b8200000,0x00000041b8300000)]
  0x000001b803646800 JavaThread "build event listener" [_thread_blocked, id=9676, stack(0x00000041b8300000,0x00000041b8400000)]
  0x000001b803641000 JavaThread "Memory manager" [_thread_blocked, id=18124, stack(0x00000041b8400000,0x00000041b8500000)]
  0x000001b80364c800 JavaThread "Cache worker for Build Output Cleanup Cache (D:\LoginSignupPage\LoginSignup\android\.gradle\buildOutputCleanup)" [_thread_blocked, id=17124, stack(0x00000041b5300000,0x00000041b5400000)]
  0x000001b80364a800 JavaThread "Execution worker" [_thread_blocked, id=17296, stack(0x00000041b8700000,0x00000041b8800000)]
  0x000001b80364a000 JavaThread "Execution worker Thread 2" [_thread_blocked, id=18168, stack(0x00000041b8800000,0x00000041b8900000)]
  0x000001b80364f000 JavaThread "Execution worker Thread 3" [_thread_blocked, id=13344, stack(0x00000041b8900000,0x00000041b8a00000)]
  0x000001b80364d000 JavaThread "Cache worker for execution history cache (D:\LoginSignupPage\LoginSignup\node_modules\react-native-gradle-plugin\.gradle\7.5.1\executionHistory)" [_thread_blocked, id=18192, stack(0x00000041b8a00000,0x00000041b8b00000)]
  0x000001b803649000 JavaThread "Unconstrained build operations Thread 34" [_thread_blocked, id=18036, stack(0x00000041b8b00000,0x00000041b8c00000)]
  0x000001b80364b800 JavaThread "Unconstrained build operations Thread 35" [_thread_blocked, id=8880, stack(0x00000041b8c00000,0x00000041b8d00000)]
  0x000001b80364e000 JavaThread "Unconstrained build operations Thread 36" [_thread_blocked, id=13336, stack(0x00000041b8d00000,0x00000041b8e00000)]
  0x000001b80329a800 JavaThread "Unconstrained build operations Thread 37" [_thread_blocked, id=17616, stack(0x00000041b8e00000,0x00000041b8f00000)]
  0x000001b80329b000 JavaThread "Unconstrained build operations Thread 38" [_thread_blocked, id=13652, stack(0x00000041b8f00000,0x00000041b9000000)]
  0x000001b803973800 JavaThread "Unconstrained build operations Thread 39" [_thread_blocked, id=4152, stack(0x00000041b9000000,0x00000041b9100000)]
  0x000001b803971800 JavaThread "Unconstrained build operations Thread 40" [_thread_blocked, id=16060, stack(0x00000041b9100000,0x00000041b9200000)]

Other Threads:
=>0x000001b8003ac000 VMThread "VM Thread" [stack: 0x00000041b3900000,0x00000041b3a00000] [id=5140]
  0x000001b800eac800 WatcherThread [stack: 0x00000041b4300000,0x00000041b4400000] [id=16672]
  0x000001b861acb000 GCTaskThread "GC Thread#0" [stack: 0x00000041b3400000,0x00000041b3500000] [id=16152]
  0x000001b801045000 GCTaskThread "GC Thread#1" [stack: 0x00000041b4400000,0x00000041b4500000] [id=17072]
  0x000001b801045800 GCTaskThread "GC Thread#2" [stack: 0x00000041b4500000,0x00000041b4600000] [id=17076]
  0x000001b8021d4800 GCTaskThread "GC Thread#3" [stack: 0x00000041b5000000,0x00000041b5100000] [id=9560]
  0x000001b861afc000 ConcurrentGCThread "G1 Main Marker" [stack: 0x00000041b3500000,0x00000041b3600000] [id=8736]
  0x000001b861afe000 ConcurrentGCThread "G1 Conc#0" [stack: 0x00000041b3600000,0x00000041b3700000] [id=4064]
  0x000001b861b8c000 ConcurrentGCThread "G1 Refine#0" [stack: 0x00000041b3700000,0x00000041b3800000] [id=644]
  0x000001b861b8d000 ConcurrentGCThread "G1 Young RemSet Sampling" [stack: 0x00000041b3800000,0x00000041b3900000] [id=7736]

Threads with active compile tasks:

VM state:at safepoint (normal execution)

VM Mutex/Monitor currently owned by a thread:  ([mutex/lock_event])
[0x000001b861aaf700] Threads_lock - owner thread: 0x000001b8003ac000
[0x000001b861aaf9d0] Heap_lock - owner thread: 0x000001b802542000

Heap address: 0x0000000080000000, size: 2048 MB, Compressed Oops mode: 32-bit
Narrow klass base: 0x0000000000000000, Narrow klass shift: 3
Compressed class space size: 528482304 Address: 0x0000000100000000

Heap:
 garbage-first heap   total 534528K, used 67182K [0x0000000080000000, 0x0000000100000000)
  region size 1024K, 1 young (1024K), 1 survivors (1024K)
 Metaspace       used 79851K, capacity 82086K, committed 82260K, reserved 587776K
  class space    used 10268K, capacity 11210K, committed 11340K, reserved 516096K
Heap Regions: E=young(eden), S=young(survivor), O=old, HS=humongous(starts), HC=humongous(continues), CS=collection set, F=free, A=archive, TAMS=top-at-mark-start (previous, next)
|   0|0x0000000080000000, 0x0000000080100000, 0x0000000080100000|100%|HS|  |TAMS 0x0000000080100000, 0x0000000080000000| Complete 
|   1|0x0000000080100000, 0x0000000080200000, 0x0000000080200000|100%|HC|  |TAMS 0x0000000080200000, 0x0000000080100000| Complete 
|   2|0x0000000080200000, 0x0000000080300000, 0x0000000080300000|100%|HC|  |TAMS 0x0000000080300000, 0x0000000080200000| Complete 
|   3|0x0000000080300000, 0x0000000080400000, 0x0000000080400000|100%| O|  |TAMS 0x0000000080400000, 0x0000000080300000| Untracked 
|   4|0x0000000080400000, 0x0000000080500000, 0x0000000080500000|100%| O|  |TAMS 0x0000000080500000, 0x0000000080400000| Untracked 
|   5|0x0000000080500000, 0x0000000080600000, 0x0000000080600000|100%| O|  |TAMS 0x0000000080600000, 0x0000000080500000| Untracked 
|   6|0x0000000080600000, 0x0000000080700000, 0x0000000080700000|100%| O|  |TAMS 0x0000000080700000, 0x0000000080600000| Untracked 
|   7|0x0000000080700000, 0x0000000080800000, 0x0000000080800000|100%| O|  |TAMS 0x0000000080800000, 0x0000000080700000| Untracked 
|   8|0x0000000080800000, 0x0000000080900000, 0x0000000080900000|100%| O|  |TAMS 0x0000000080900000, 0x0000000080800000| Untracked 
|   9|0x0000000080900000, 0x0000000080a00000, 0x0000000080a00000|100%| O|  |TAMS 0x0000000080a00000, 0x0000000080900000| Untracked 
|  10|0x0000000080a00000, 0x0000000080b00000, 0x0000000080b00000|100%| O|  |TAMS 0x0000000080b00000, 0x0000000080a00000| Untracked 
|  11|0x0000000080b00000, 0x0000000080c00000, 0x0000000080c00000|100%| O|  |TAMS 0x0000000080c00000, 0x0000000080b00000| Untracked 
|  12|0x0000000080c00000, 0x0000000080d00000, 0x0000000080d00000|100%| O|  |TAMS 0x0000000080d00000, 0x0000000080c00000| Untracked 
|  13|0x0000000080d00000, 0x0000000080e00000, 0x0000000080e00000|100%| O|  |TAMS 0x0000000080e00000, 0x0000000080d00000| Untracked 
|  14|0x0000000080e00000, 0x0000000080f00000, 0x0000000080f00000|100%| O|  |TAMS 0x0000000080f00000, 0x0000000080e00000| Untracked 
|  15|0x0000000080f00000, 0x0000000081000000, 0x0000000081000000|100%| O|  |TAMS 0x0000000081000000, 0x0000000080f00000| Untracked 
|  16|0x0000000081000000, 0x0000000081100000, 0x0000000081100000|100%| O|  |TAMS 0x0000000081100000, 0x0000000081000000| Untracked 
|  17|0x0000000081100000, 0x0000000081200000, 0x0000000081200000|100%| O|  |TAMS 0x0000000081200000, 0x0000000081100000| Untracked 
|  18|0x0000000081200000, 0x0000000081300000, 0x0000000081300000|100%| O|  |TAMS 0x0000000081300000, 0x0000000081200000| Untracked 
|  19|0x0000000081300000, 0x0000000081400000, 0x0000000081400000|100%| O|  |TAMS 0x0000000081400000, 0x0000000081300000| Untracked 
|  20|0x0000000081400000, 0x0000000081500000, 0x0000000081500000|100%| O|  |TAMS 0x0000000081500000, 0x0000000081400000| Untracked 
|  21|0x0000000081500000, 0x0000000081600000, 0x0000000081600000|100%| O|  |TAMS 0x0000000081600000, 0x0000000081500000| Untracked 
|  22|0x0000000081600000, 0x0000000081700000, 0x0000000081700000|100%| O|  |TAMS 0x0000000081700000, 0x0000000081600000| Untracked 
|  23|0x0000000081700000, 0x0000000081800000, 0x0000000081800000|100%| O|  |TAMS 0x0000000081800000, 0x0000000081700000| Untracked 
|  24|0x0000000081800000, 0x0000000081900000, 0x0000000081900000|100%| O|  |TAMS 0x0000000081900000, 0x0000000081800000| Untracked 
|  25|0x0000000081900000, 0x0000000081a00000, 0x0000000081a00000|100%| O|  |TAMS 0x0000000081a00000, 0x0000000081900000| Untracked 
|  26|0x0000000081a00000, 0x0000000081b00000, 0x0000000081b00000|100%| O|  |TAMS 0x0000000081b00000, 0x0000000081a00000| Untracked 
|  27|0x0000000081b00000, 0x0000000081c00000, 0x0000000081c00000|100%| O|  |TAMS 0x0000000081c00000, 0x0000000081b00000| Untracked 
|  28|0x0000000081c00000, 0x0000000081d00000, 0x0000000081d00000|100%| O|  |TAMS 0x0000000081d00000, 0x0000000081c00000| Untracked 
|  29|0x0000000081d00000, 0x0000000081e00000, 0x0000000081e00000|100%| O|  |TAMS 0x0000000081e00000, 0x0000000081d00000| Untracked 
|  30|0x0000000081e00000, 0x0000000081f00000, 0x0000000081f00000|100%|HS|  |TAMS 0x0000000081f00000, 0x0000000081e00000| Complete 
|  31|0x0000000081f00000, 0x0000000082000000, 0x0000000082000000|100%|HS|  |TAMS 0x0000000082000000, 0x0000000081f00000| Complete 
|  32|0x0000000082000000, 0x0000000082100000, 0x0000000082100000|100%|HC|  |TAMS 0x0000000082100000, 0x0000000082000000| Complete 
|  33|0x0000000082100000, 0x0000000082200000, 0x0000000082200000|100%|HC|  |TAMS 0x0000000082200000, 0x0000000082100000| Complete 
|  34|0x0000000082200000, 0x0000000082300000, 0x0000000082300000|100%| O|  |TAMS 0x0000000082300000, 0x0000000082200000| Untracked 
|  35|0x0000000082300000, 0x0000000082400000, 0x0000000082400000|100%| O|  |TAMS 0x0000000082400000, 0x0000000082300000| Untracked 
|  36|0x0000000082400000, 0x0000000082500000, 0x0000000082500000|100%| O|  |TAMS 0x0000000082500000, 0x0000000082400000| Untracked 
|  37|0x0000000082500000, 0x0000000082600000, 0x0000000082600000|100%| O|  |TAMS 0x0000000082600000, 0x0000000082500000| Untracked 
|  38|0x0000000082600000, 0x0000000082700000, 0x0000000082700000|100%| O|  |TAMS 0x0000000082628000, 0x0000000082600000| Untracked 
|  39|0x0000000082700000, 0x0000000082800000, 0x0000000082800000|100%| O|  |TAMS 0x0000000082700000, 0x0000000082700000| Untracked 
|  40|0x0000000082800000, 0x0000000082900000, 0x0000000082900000|100%| O|  |TAMS 0x0000000082800000, 0x0000000082800000| Untracked 
|  41|0x0000000082900000, 0x0000000082a00000, 0x0000000082a00000|100%| O|  |TAMS 0x0000000082900000, 0x0000000082900000| Untracked 
|  42|0x0000000082a00000, 0x0000000082b00000, 0x0000000082b00000|100%| O|  |TAMS 0x0000000082a00000, 0x0000000082a00000| Untracked 
|  43|0x0000000082b00000, 0x0000000082c00000, 0x0000000082c00000|100%| O|  |TAMS 0x0000000082b00000, 0x0000000082b00000| Untracked 
|  44|0x0000000082c00000, 0x0000000082d00000, 0x0000000082d00000|100%| O|  |TAMS 0x0000000082c00000, 0x0000000082c00000| Untracked 
|  45|0x0000000082d00000, 0x0000000082e00000, 0x0000000082e00000|100%| O|  |TAMS 0x0000000082d00000, 0x0000000082d00000| Untracked 
|  46|0x0000000082e00000, 0x0000000082f00000, 0x0000000082f00000|100%| O|  |TAMS 0x0000000082e00000, 0x0000000082e00000| Untracked 
|  47|0x0000000082f00000, 0x0000000083000000, 0x0000000083000000|100%| O|  |TAMS 0x0000000082f00000, 0x0000000082f00000| Untracked 
|  48|0x0000000083000000, 0x0000000083100000, 0x0000000083100000|100%| O|  |TAMS 0x0000000083000000, 0x0000000083000000| Untracked 
|  49|0x0000000083100000, 0x0000000083200000, 0x0000000083200000|100%|HS|  |TAMS 0x0000000083100000, 0x0000000083100000| Complete 
|  50|0x0000000083200000, 0x0000000083300000, 0x0000000083300000|100%|HS|  |TAMS 0x0000000083200000, 0x0000000083200000| Complete 
|  51|0x0000000083300000, 0x0000000083400000, 0x0000000083400000|100%| O|  |TAMS 0x0000000083300000, 0x0000000083300000| Untracked 
|  52|0x0000000083400000, 0x0000000083500000, 0x0000000083500000|100%| O|  |TAMS 0x0000000083400000, 0x0000000083400000| Untracked 
|  53|0x0000000083500000, 0x0000000083600000, 0x0000000083600000|100%| O|  |TAMS 0x0000000083500000, 0x0000000083500000| Untracked 
|  54|0x0000000083600000, 0x0000000083700000, 0x0000000083700000|100%| O|  |TAMS 0x0000000083600000, 0x0000000083600000| Untracked 
|  55|0x0000000083700000, 0x0000000083800000, 0x0000000083800000|100%| O|  |TAMS 0x0000000083700000, 0x0000000083700000| Untracked 
|  56|0x0000000083800000, 0x0000000083900000, 0x0000000083900000|100%|HS|  |TAMS 0x0000000083800000, 0x0000000083800000| Complete 
|  57|0x0000000083900000, 0x0000000083a00000, 0x0000000083a00000|100%|HC|  |TAMS 0x0000000083900000, 0x0000000083900000| Complete 
|  58|0x0000000083a00000, 0x0000000083b00000, 0x0000000083b00000|100%| O|  |TAMS 0x0000000083a00000, 0x0000000083a00000| Untracked 
|  59|0x0000000083b00000, 0x0000000083c00000, 0x0000000083c00000|100%| O|  |TAMS 0x0000000083b00000, 0x0000000083b00000| Untracked 
|  60|0x0000000083c00000, 0x0000000083d00000, 0x0000000083d00000|100%|HS|  |TAMS 0x0000000083c00000, 0x0000000083c00000| Complete 
|  61|0x0000000083d00000, 0x0000000083d00000, 0x0000000083e00000|  0%| F|  |TAMS 0x0000000083d00000, 0x0000000083d00000| Untracked 
|  62|0x0000000083e00000, 0x0000000083e00000, 0x0000000083f00000|  0%| F|  |TAMS 0x0000000083e00000, 0x0000000083e00000| Untracked 
|  63|0x0000000083f00000, 0x0000000083f00000, 0x0000000084000000|  0%| F|  |TAMS 0x0000000083f00000, 0x0000000083f00000| Untracked 
|  64|0x0000000084000000, 0x0000000084000000, 0x0000000084100000|  0%| F|  |TAMS 0x0000000084000000, 0x0000000084000000| Untracked 
|  65|0x0000000084100000, 0x0000000084200000, 0x0000000084200000|100%| O|  |TAMS 0x0000000084100000, 0x0000000084100000| Untracked 
|  66|0x0000000084200000, 0x0000000084300000, 0x0000000084300000|100%| O|  |TAMS 0x0000000084200000, 0x0000000084200000| Untracked 
|  67|0x0000000084300000, 0x0000000084400000, 0x0000000084400000|100%| O|  |TAMS 0x0000000084300000, 0x0000000084300000| Untracked 
|  68|0x0000000084400000, 0x00000000844b0e00, 0x0000000084500000| 69%| O|  |TAMS 0x0000000084400000, 0x0000000084400000| Untracked 
|  69|0x0000000084500000, 0x0000000084500000, 0x0000000084600000|  0%| F|  |TAMS 0x0000000084500000, 0x0000000084500000| Untracked 
|  70|0x0000000084600000, 0x0000000084600000, 0x0000000084700000|  0%| F|  |TAMS 0x0000000084600000, 0x0000000084600000| Untracked 
|  71|0x0000000084700000, 0x0000000084700000, 0x0000000084800000|  0%| F|  |TAMS 0x0000000084700000, 0x0000000084700000| Untracked 
|  72|0x0000000084800000, 0x0000000084800000, 0x0000000084900000|  0%| F|  |TAMS 0x0000000084800000, 0x0000000084800000| Untracked 
|  73|0x0000000084900000, 0x0000000084900000, 0x0000000084a00000|  0%| F|  |TAMS 0x0000000084900000, 0x0000000084900000| Untracked 
|  74|0x0000000084a00000, 0x0000000084a00000, 0x0000000084b00000|  0%| F|  |TAMS 0x0000000084a00000, 0x0000000084a00000| Untracked 
|  75|0x0000000084b00000, 0x0000000084b00000, 0x0000000084c00000|  0%| F|  |TAMS 0x0000000084b00000, 0x0000000084b00000| Untracked 
|  76|0x0000000084c00000, 0x0000000084c00000, 0x0000000084d00000|  0%| F|  |TAMS 0x0000000084c00000, 0x0000000084c00000| Untracked 
|  77|0x0000000084d00000, 0x0000000084d00000, 0x0000000084e00000|  0%| F|  |TAMS 0x0000000084d00000, 0x0000000084d00000| Untracked 
|  78|0x0000000084e00000, 0x0000000084e00000, 0x0000000084f00000|  0%| F|  |TAMS 0x0000000084e00000, 0x0000000084e00000| Untracked 
|  79|0x0000000084f00000, 0x0000000084f00000, 0x0000000085000000|  0%| F|  |TAMS 0x0000000084f00000, 0x0000000084f00000| Untracked 
|  80|0x0000000085000000, 0x0000000085000000, 0x0000000085100000|  0%| F|  |TAMS 0x0000000085000000, 0x0000000085000000| Untracked 
|  81|0x0000000085100000, 0x0000000085100000, 0x0000000085200000|  0%| F|  |TAMS 0x0000000085100000, 0x0000000085100000| Untracked 
|  82|0x0000000085200000, 0x0000000085200000, 0x0000000085300000|  0%| F|  |TAMS 0x0000000085200000, 0x0000000085200000| Untracked 
|  83|0x0000000085300000, 0x0000000085300000, 0x0000000085400000|  0%| F|  |TAMS 0x0000000085300000, 0x0000000085300000| Untracked 
|  84|0x0000000085400000, 0x0000000085400000, 0x0000000085500000|  0%| F|  |TAMS 0x0000000085400000, 0x0000000085400000| Untracked 
|  85|0x0000000085500000, 0x0000000085500000, 0x0000000085600000|  0%| F|  |TAMS 0x0000000085500000, 0x0000000085500000| Untracked 
|  86|0x0000000085600000, 0x0000000085600000, 0x0000000085700000|  0%| F|  |TAMS 0x0000000085600000, 0x0000000085600000| Untracked 
|  87|0x0000000085700000, 0x0000000085700000, 0x0000000085800000|  0%| F|  |TAMS 0x0000000085700000, 0x0000000085700000| Untracked 
|  88|0x0000000085800000, 0x0000000085800000, 0x0000000085900000|  0%| F|  |TAMS 0x0000000085800000, 0x0000000085800000| Untracked 
|  89|0x0000000085900000, 0x0000000085900000, 0x0000000085a00000|  0%| F|  |TAMS 0x0000000085900000, 0x0000000085900000| Untracked 
|  90|0x0000000085a00000, 0x0000000085a00000, 0x0000000085b00000|  0%| F|  |TAMS 0x0000000085a00000, 0x0000000085a00000| Untracked 
|  91|0x0000000085b00000, 0x0000000085b00000, 0x0000000085c00000|  0%| F|  |TAMS 0x0000000085b00000, 0x0000000085b00000| Untracked 
|  92|0x0000000085c00000, 0x0000000085c00000, 0x0000000085d00000|  0%| F|  |TAMS 0x0000000085c00000, 0x0000000085c00000| Untracked 
|  93|0x0000000085d00000, 0x0000000085d00000, 0x0000000085e00000|  0%| F|  |TAMS 0x0000000085d00000, 0x0000000085d00000| Untracked 
|  94|0x0000000085e00000, 0x0000000085e00000, 0x0000000085f00000|  0%| F|  |TAMS 0x0000000085e00000, 0x0000000085e00000| Untracked 
|  95|0x0000000085f00000, 0x0000000085f00000, 0x0000000086000000|  0%| F|  |TAMS 0x0000000085f00000, 0x0000000085f00000| Untracked 
|  96|0x0000000086000000, 0x0000000086000000, 0x0000000086100000|  0%| F|  |TAMS 0x0000000086000000, 0x0000000086000000| Untracked 
|  97|0x0000000086100000, 0x0000000086100000, 0x0000000086200000|  0%| F|  |TAMS 0x0000000086100000, 0x0000000086100000| Untracked 
|  98|0x0000000086200000, 0x0000000086200000, 0x0000000086300000|  0%| F|  |TAMS 0x0000000086200000, 0x0000000086200000| Untracked 
|  99|0x0000000086300000, 0x0000000086300000, 0x0000000086400000|  0%| F|  |TAMS 0x0000000086300000, 0x0000000086300000| Untracked 
| 100|0x0000000086400000, 0x0000000086400000, 0x0000000086500000|  0%| F|  |TAMS 0x0000000086400000, 0x0000000086400000| Untracked 
| 101|0x0000000086500000, 0x0000000086500000, 0x0000000086600000|  0%| F|  |TAMS 0x0000000086500000, 0x0000000086500000| Untracked 
| 102|0x0000000086600000, 0x0000000086600000, 0x0000000086700000|  0%| F|  |TAMS 0x0000000086600000, 0x0000000086600000| Untracked 
| 103|0x0000000086700000, 0x0000000086700000, 0x0000000086800000|  0%| F|  |TAMS 0x0000000086700000, 0x0000000086700000| Untracked 
| 104|0x0000000086800000, 0x0000000086800000, 0x0000000086900000|  0%| F|  |TAMS 0x0000000086800000, 0x0000000086800000| Untracked 
| 105|0x0000000086900000, 0x0000000086900000, 0x0000000086a00000|  0%| F|  |TAMS 0x0000000086900000, 0x0000000086900000| Untracked 
| 106|0x0000000086a00000, 0x0000000086a00000, 0x0000000086b00000|  0%| F|  |TAMS 0x0000000086a00000, 0x0000000086a00000| Untracked 
| 107|0x0000000086b00000, 0x0000000086b00000, 0x0000000086c00000|  0%| F|  |TAMS 0x0000000086b00000, 0x0000000086b00000| Untracked 
| 108|0x0000000086c00000, 0x0000000086c00000, 0x0000000086d00000|  0%| F|  |TAMS 0x0000000086c00000, 0x0000000086c00000| Untracked 
| 109|0x0000000086d00000, 0x0000000086d00000, 0x0000000086e00000|  0%| F|  |TAMS 0x0000000086d00000, 0x0000000086d00000| Untracked 
| 110|0x0000000086e00000, 0x0000000086e00000, 0x0000000086f00000|  0%| F|  |TAMS 0x0000000086e00000, 0x0000000086e00000| Untracked 
| 111|0x0000000086f00000, 0x0000000086f00000, 0x0000000087000000|  0%| F|  |TAMS 0x0000000086f00000, 0x0000000086f00000| Untracked 
| 112|0x0000000087000000, 0x0000000087000000, 0x0000000087100000|  0%| F|  |TAMS 0x0000000087000000, 0x0000000087000000| Untracked 
| 113|0x0000000087100000, 0x0000000087100000, 0x0000000087200000|  0%| F|  |TAMS 0x0000000087100000, 0x0000000087100000| Untracked 
| 114|0x0000000087200000, 0x0000000087200000, 0x0000000087300000|  0%| F|  |TAMS 0x0000000087200000, 0x0000000087200000| Untracked 
| 115|0x0000000087300000, 0x0000000087300000, 0x0000000087400000|  0%| F|  |TAMS 0x0000000087300000, 0x0000000087300000| Untracked 
| 116|0x0000000087400000, 0x0000000087400000, 0x0000000087500000|  0%| F|  |TAMS 0x0000000087400000, 0x0000000087400000| Untracked 
| 117|0x0000000087500000, 0x0000000087500000, 0x0000000087600000|  0%| F|  |TAMS 0x0000000087500000, 0x0000000087500000| Untracked 
| 118|0x0000000087600000, 0x0000000087600000, 0x0000000087700000|  0%| F|  |TAMS 0x0000000087600000, 0x0000000087600000| Untracked 
| 119|0x0000000087700000, 0x0000000087700000, 0x0000000087800000|  0%| F|  |TAMS 0x0000000087700000, 0x0000000087700000| Untracked 
| 120|0x0000000087800000, 0x0000000087800000, 0x0000000087900000|  0%| F|  |TAMS 0x0000000087800000, 0x0000000087800000| Untracked 
| 121|0x0000000087900000, 0x0000000087900000, 0x0000000087a00000|  0%| F|  |TAMS 0x0000000087900000, 0x0000000087900000| Untracked 
| 122|0x0000000087a00000, 0x0000000087a00000, 0x0000000087b00000|  0%| F|  |TAMS 0x0000000087a00000, 0x0000000087a00000| Untracked 
| 123|0x0000000087b00000, 0x0000000087b00000, 0x0000000087c00000|  0%| F|  |TAMS 0x0000000087b00000, 0x0000000087b00000| Untracked 
| 124|0x0000000087c00000, 0x0000000087c00000, 0x0000000087d00000|  0%| F|  |TAMS 0x0000000087c00000, 0x0000000087c00000| Untracked 
| 125|0x0000000087d00000, 0x0000000087d00000, 0x0000000087e00000|  0%| F|  |TAMS 0x0000000087d00000, 0x0000000087d00000| Untracked 
| 126|0x0000000087e00000, 0x0000000087e00000, 0x0000000087f00000|  0%| F|  |TAMS 0x0000000087e00000, 0x0000000087e00000| Untracked 
| 127|0x0000000087f00000, 0x0000000087f00000, 0x0000000088000000|  0%| F|  |TAMS 0x0000000087f00000, 0x0000000087f00000| Untracked 
| 128|0x0000000088000000, 0x0000000088000000, 0x0000000088100000|  0%| F|  |TAMS 0x0000000088000000, 0x0000000088000000| Untracked 
| 129|0x0000000088100000, 0x0000000088100000, 0x0000000088200000|  0%| F|  |TAMS 0x0000000088100000, 0x0000000088100000| Untracked 
| 130|0x0000000088200000, 0x0000000088200000, 0x0000000088300000|  0%| F|  |TAMS 0x0000000088200000, 0x0000000088200000| Untracked 
| 131|0x0000000088300000, 0x0000000088300000, 0x0000000088400000|  0%| F|  |TAMS 0x0000000088300000, 0x0000000088300000| Untracked 
| 132|0x0000000088400000, 0x0000000088400000, 0x0000000088500000|  0%| F|  |TAMS 0x0000000088400000, 0x0000000088400000| Untracked 
| 133|0x0000000088500000, 0x0000000088500000, 0x0000000088600000|  0%| F|  |TAMS 0x0000000088500000, 0x0000000088500000| Untracked 
| 134|0x0000000088600000, 0x0000000088600000, 0x0000000088700000|  0%| F|  |TAMS 0x0000000088600000, 0x0000000088600000| Untracked 
| 135|0x0000000088700000, 0x0000000088700000, 0x0000000088800000|  0%| F|  |TAMS 0x0000000088700000, 0x0000000088700000| Untracked 
| 136|0x0000000088800000, 0x0000000088800000, 0x0000000088900000|  0%| F|  |TAMS 0x0000000088800000, 0x0000000088800000| Untracked 
| 137|0x0000000088900000, 0x0000000088900000, 0x0000000088a00000|  0%| F|  |TAMS 0x0000000088900000, 0x0000000088900000| Untracked 
| 138|0x0000000088a00000, 0x0000000088a00000, 0x0000000088b00000|  0%| F|  |TAMS 0x0000000088a00000, 0x0000000088a00000| Untracked 
| 139|0x0000000088b00000, 0x0000000088b00000, 0x0000000088c00000|  0%| F|  |TAMS 0x0000000088b00000, 0x0000000088b00000| Untracked 
| 140|0x0000000088c00000, 0x0000000088c00000, 0x0000000088d00000|  0%| F|  |TAMS 0x0000000088c00000, 0x0000000088c00000| Untracked 
| 141|0x0000000088d00000, 0x0000000088d00000, 0x0000000088e00000|  0%| F|  |TAMS 0x0000000088d00000, 0x0000000088d00000| Untracked 
| 142|0x0000000088e00000, 0x0000000088e00000, 0x0000000088f00000|  0%| F|  |TAMS 0x0000000088e00000, 0x0000000088e00000| Untracked 
| 143|0x0000000088f00000, 0x0000000088f00000, 0x0000000089000000|  0%| F|  |TAMS 0x0000000088f00000, 0x0000000088f00000| Untracked 
| 144|0x0000000089000000, 0x0000000089000000, 0x0000000089100000|  0%| F|  |TAMS 0x0000000089000000, 0x0000000089000000| Untracked 
| 145|0x0000000089100000, 0x0000000089100000, 0x0000000089200000|  0%| F|  |TAMS 0x0000000089100000, 0x0000000089100000| Untracked 
| 146|0x0000000089200000, 0x0000000089200000, 0x0000000089300000|  0%| F|  |TAMS 0x0000000089200000, 0x0000000089200000| Untracked 
| 147|0x0000000089300000, 0x0000000089300000, 0x0000000089400000|  0%| F|  |TAMS 0x0000000089300000, 0x0000000089300000| Untracked 
| 148|0x0000000089400000, 0x0000000089400000, 0x0000000089500000|  0%| F|  |TAMS 0x0000000089400000, 0x0000000089400000| Untracked 
| 149|0x0000000089500000, 0x0000000089500000, 0x0000000089600000|  0%| F|  |TAMS 0x0000000089500000, 0x0000000089500000| Untracked 
| 150|0x0000000089600000, 0x0000000089600000, 0x0000000089700000|  0%| F|  |TAMS 0x0000000089600000, 0x0000000089600000| Untracked 
| 151|0x0000000089700000, 0x0000000089700000, 0x0000000089800000|  0%| F|  |TAMS 0x0000000089700000, 0x0000000089700000| Untracked 
| 152|0x0000000089800000, 0x0000000089800000, 0x0000000089900000|  0%| F|  |TAMS 0x0000000089800000, 0x0000000089800000| Untracked 
| 153|0x0000000089900000, 0x0000000089900000, 0x0000000089a00000|  0%| F|  |TAMS 0x0000000089900000, 0x0000000089900000| Untracked 
| 154|0x0000000089a00000, 0x0000000089a00000, 0x0000000089b00000|  0%| F|  |TAMS 0x0000000089a00000, 0x0000000089a00000| Untracked 
| 155|0x0000000089b00000, 0x0000000089b00000, 0x0000000089c00000|  0%| F|  |TAMS 0x0000000089b00000, 0x0000000089b00000| Untracked 
| 156|0x0000000089c00000, 0x0000000089c00000, 0x0000000089d00000|  0%| F|  |TAMS 0x0000000089c00000, 0x0000000089c00000| Untracked 
| 157|0x0000000089d00000, 0x0000000089d00000, 0x0000000089e00000|  0%| F|  |TAMS 0x0000000089d00000, 0x0000000089d00000| Untracked 
| 158|0x0000000089e00000, 0x0000000089e00000, 0x0000000089f00000|  0%| F|  |TAMS 0x0000000089e00000, 0x0000000089e00000| Untracked 
| 159|0x0000000089f00000, 0x0000000089f00000, 0x000000008a000000|  0%| F|  |TAMS 0x0000000089f00000, 0x0000000089f00000| Untracked 
| 160|0x000000008a000000, 0x000000008a000000, 0x000000008a100000|  0%| F|  |TAMS 0x000000008a000000, 0x000000008a000000| Untracked 
| 161|0x000000008a100000, 0x000000008a100000, 0x000000008a200000|  0%| F|  |TAMS 0x000000008a100000, 0x000000008a100000| Untracked 
| 162|0x000000008a200000, 0x000000008a200000, 0x000000008a300000|  0%| F|  |TAMS 0x000000008a200000, 0x000000008a200000| Untracked 
| 163|0x000000008a300000, 0x000000008a300000, 0x000000008a400000|  0%| F|  |TAMS 0x000000008a300000, 0x000000008a300000| Untracked 
| 164|0x000000008a400000, 0x000000008a400000, 0x000000008a500000|  0%| F|  |TAMS 0x000000008a400000, 0x000000008a400000| Untracked 
| 165|0x000000008a500000, 0x000000008a500000, 0x000000008a600000|  0%| F|  |TAMS 0x000000008a500000, 0x000000008a500000| Untracked 
| 166|0x000000008a600000, 0x000000008a600000, 0x000000008a700000|  0%| F|  |TAMS 0x000000008a600000, 0x000000008a600000| Untracked 
| 167|0x000000008a700000, 0x000000008a700000, 0x000000008a800000|  0%| F|  |TAMS 0x000000008a700000, 0x000000008a700000| Untracked 
| 168|0x000000008a800000, 0x000000008a800000, 0x000000008a900000|  0%| F|  |TAMS 0x000000008a800000, 0x000000008a800000| Untracked 
| 169|0x000000008a900000, 0x000000008a900000, 0x000000008aa00000|  0%| F|  |TAMS 0x000000008a900000, 0x000000008a900000| Untracked 
| 170|0x000000008aa00000, 0x000000008aa00000, 0x000000008ab00000|  0%| F|  |TAMS 0x000000008aa00000, 0x000000008aa00000| Untracked 
| 171|0x000000008ab00000, 0x000000008ab00000, 0x000000008ac00000|  0%| F|  |TAMS 0x000000008ab00000, 0x000000008ab00000| Untracked 
| 172|0x000000008ac00000, 0x000000008ac00000, 0x000000008ad00000|  0%| F|  |TAMS 0x000000008ac00000, 0x000000008ac00000| Untracked 
| 173|0x000000008ad00000, 0x000000008ad00000, 0x000000008ae00000|  0%| F|  |TAMS 0x000000008ad00000, 0x000000008ad00000| Untracked 
| 174|0x000000008ae00000, 0x000000008ae00000, 0x000000008af00000|  0%| F|  |TAMS 0x000000008ae00000, 0x000000008ae00000| Untracked 
| 175|0x000000008af00000, 0x000000008af00000, 0x000000008b000000|  0%| F|  |TAMS 0x000000008af00000, 0x000000008af00000| Untracked 
| 176|0x000000008b000000, 0x000000008b000000, 0x000000008b100000|  0%| F|  |TAMS 0x000000008b000000, 0x000000008b000000| Untracked 
| 177|0x000000008b100000, 0x000000008b100000, 0x000000008b200000|  0%| F|  |TAMS 0x000000008b100000, 0x000000008b100000| Untracked 
| 178|0x000000008b200000, 0x000000008b200000, 0x000000008b300000|  0%| F|  |TAMS 0x000000008b200000, 0x000000008b200000| Untracked 
| 179|0x000000008b300000, 0x000000008b300000, 0x000000008b400000|  0%| F|  |TAMS 0x000000008b300000, 0x000000008b300000| Untracked 
| 180|0x000000008b400000, 0x000000008b400000, 0x000000008b500000|  0%| F|  |TAMS 0x000000008b400000, 0x000000008b400000| Untracked 
| 181|0x000000008b500000, 0x000000008b500000, 0x000000008b600000|  0%| F|  |TAMS 0x000000008b500000, 0x000000008b500000| Untracked 
| 182|0x000000008b600000, 0x000000008b600000, 0x000000008b700000|  0%| F|  |TAMS 0x000000008b600000, 0x000000008b600000| Untracked 
| 183|0x000000008b700000, 0x000000008b700000, 0x000000008b800000|  0%| F|  |TAMS 0x000000008b700000, 0x000000008b700000| Untracked 
| 184|0x000000008b800000, 0x000000008b800000, 0x000000008b900000|  0%| F|  |TAMS 0x000000008b800000, 0x000000008b800000| Untracked 
| 185|0x000000008b900000, 0x000000008b900000, 0x000000008ba00000|  0%| F|  |TAMS 0x000000008b900000, 0x000000008b900000| Untracked 
| 186|0x000000008ba00000, 0x000000008ba00000, 0x000000008bb00000|  0%| F|  |TAMS 0x000000008ba00000, 0x000000008ba00000| Untracked 
| 187|0x000000008bb00000, 0x000000008bb00000, 0x000000008bc00000|  0%| F|  |TAMS 0x000000008bb00000, 0x000000008bb00000| Untracked 
| 188|0x000000008bc00000, 0x000000008bc00000, 0x000000008bd00000|  0%| F|  |TAMS 0x000000008bc00000, 0x000000008bc00000| Untracked 
| 189|0x000000008bd00000, 0x000000008bd00000, 0x000000008be00000|  0%| F|  |TAMS 0x000000008bd00000, 0x000000008bd00000| Untracked 
| 190|0x000000008be00000, 0x000000008be00000, 0x000000008bf00000|  0%| F|  |TAMS 0x000000008be00000, 0x000000008be00000| Untracked 
| 191|0x000000008bf00000, 0x000000008bf00000, 0x000000008c000000|  0%| F|  |TAMS 0x000000008bf00000, 0x000000008bf00000| Untracked 
| 192|0x000000008c000000, 0x000000008c000000, 0x000000008c100000|  0%| F|  |TAMS 0x000000008c000000, 0x000000008c000000| Untracked 
| 193|0x000000008c100000, 0x000000008c100000, 0x000000008c200000|  0%| F|  |TAMS 0x000000008c100000, 0x000000008c100000| Untracked 
| 194|0x000000008c200000, 0x000000008c200000, 0x000000008c300000|  0%| F|  |TAMS 0x000000008c200000, 0x000000008c200000| Untracked 
| 195|0x000000008c300000, 0x000000008c300000, 0x000000008c400000|  0%| F|  |TAMS 0x000000008c300000, 0x000000008c300000| Untracked 
| 196|0x000000008c400000, 0x000000008c400000, 0x000000008c500000|  0%| F|  |TAMS 0x000000008c400000, 0x000000008c400000| Untracked 
| 197|0x000000008c500000, 0x000000008c500000, 0x000000008c600000|  0%| F|  |TAMS 0x000000008c500000, 0x000000008c500000| Untracked 
| 198|0x000000008c600000, 0x000000008c600000, 0x000000008c700000|  0%| F|  |TAMS 0x000000008c600000, 0x000000008c600000| Untracked 
| 199|0x000000008c700000, 0x000000008c700000, 0x000000008c800000|  0%| F|  |TAMS 0x000000008c700000, 0x000000008c700000| Untracked 
| 200|0x000000008c800000, 0x000000008c800000, 0x000000008c900000|  0%| F|  |TAMS 0x000000008c800000, 0x000000008c800000| Untracked 
| 201|0x000000008c900000, 0x000000008c900000, 0x000000008ca00000|  0%| F|  |TAMS 0x000000008c900000, 0x000000008c900000| Untracked 
| 202|0x000000008ca00000, 0x000000008ca00000, 0x000000008cb00000|  0%| F|  |TAMS 0x000000008ca00000, 0x000000008ca00000| Untracked 
| 203|0x000000008cb00000, 0x000000008cb00000, 0x000000008cc00000|  0%| F|  |TAMS 0x000000008cb00000, 0x000000008cb00000| Untracked 
| 204|0x000000008cc00000, 0x000000008cc00000, 0x000000008cd00000|  0%| F|  |TAMS 0x000000008cc00000, 0x000000008cc00000| Untracked 
| 205|0x000000008cd00000, 0x000000008cd00000, 0x000000008ce00000|  0%| F|  |TAMS 0x000000008cd00000, 0x000000008cd00000| Untracked 
| 206|0x000000008ce00000, 0x000000008ce00000, 0x000000008cf00000|  0%| F|  |TAMS 0x000000008ce00000, 0x000000008ce00000| Untracked 
| 207|0x000000008cf00000, 0x000000008cf00000, 0x000000008d000000|  0%| F|  |TAMS 0x000000008cf00000, 0x000000008cf00000| Untracked 
| 208|0x000000008d000000, 0x000000008d000000, 0x000000008d100000|  0%| F|  |TAMS 0x000000008d000000, 0x000000008d000000| Untracked 
| 209|0x000000008d100000, 0x000000008d100000, 0x000000008d200000|  0%| F|  |TAMS 0x000000008d100000, 0x000000008d100000| Untracked 
| 210|0x000000008d200000, 0x000000008d200000, 0x000000008d300000|  0%| F|  |TAMS 0x000000008d200000, 0x000000008d200000| Untracked 
| 211|0x000000008d300000, 0x000000008d300000, 0x000000008d400000|  0%| F|  |TAMS 0x000000008d300000, 0x000000008d300000| Untracked 
| 212|0x000000008d400000, 0x000000008d400000, 0x000000008d500000|  0%| F|  |TAMS 0x000000008d400000, 0x000000008d400000| Untracked 
| 213|0x000000008d500000, 0x000000008d500000, 0x000000008d600000|  0%| F|  |TAMS 0x000000008d500000, 0x000000008d500000| Untracked 
| 214|0x000000008d600000, 0x000000008d600000, 0x000000008d700000|  0%| F|  |TAMS 0x000000008d600000, 0x000000008d600000| Untracked 
| 215|0x000000008d700000, 0x000000008d700000, 0x000000008d800000|  0%| F|  |TAMS 0x000000008d700000, 0x000000008d700000| Untracked 
| 216|0x000000008d800000, 0x000000008d800000, 0x000000008d900000|  0%| F|  |TAMS 0x000000008d800000, 0x000000008d800000| Untracked 
| 217|0x000000008d900000, 0x000000008d900000, 0x000000008da00000|  0%| F|  |TAMS 0x000000008d900000, 0x000000008d900000| Untracked 
| 218|0x000000008da00000, 0x000000008da00000, 0x000000008db00000|  0%| F|  |TAMS 0x000000008da00000, 0x000000008da00000| Untracked 
| 219|0x000000008db00000, 0x000000008db00000, 0x000000008dc00000|  0%| F|  |TAMS 0x000000008db00000, 0x000000008db00000| Untracked 
| 220|0x000000008dc00000, 0x000000008dc00000, 0x000000008dd00000|  0%| F|  |TAMS 0x000000008dc00000, 0x000000008dc00000| Untracked 
| 221|0x000000008dd00000, 0x000000008dd00000, 0x000000008de00000|  0%| F|  |TAMS 0x000000008dd00000, 0x000000008dd00000| Untracked 
| 222|0x000000008de00000, 0x000000008de00000, 0x000000008df00000|  0%| F|  |TAMS 0x000000008de00000, 0x000000008de00000| Untracked 
| 223|0x000000008df00000, 0x000000008df00000, 0x000000008e000000|  0%| F|  |TAMS 0x000000008df00000, 0x000000008df00000| Untracked 
| 224|0x000000008e000000, 0x000000008e000000, 0x000000008e100000|  0%| F|  |TAMS 0x000000008e000000, 0x000000008e000000| Untracked 
| 225|0x000000008e100000, 0x000000008e100000, 0x000000008e200000|  0%| F|  |TAMS 0x000000008e100000, 0x000000008e100000| Untracked 
| 226|0x000000008e200000, 0x000000008e200000, 0x000000008e300000|  0%| F|  |TAMS 0x000000008e200000, 0x000000008e200000| Untracked 
| 227|0x000000008e300000, 0x000000008e300000, 0x000000008e400000|  0%| F|  |TAMS 0x000000008e300000, 0x000000008e300000| Untracked 
| 228|0x000000008e400000, 0x000000008e400000, 0x000000008e500000|  0%| F|  |TAMS 0x000000008e400000, 0x000000008e400000| Untracked 
| 229|0x000000008e500000, 0x000000008e500000, 0x000000008e600000|  0%| F|  |TAMS 0x000000008e500000, 0x000000008e500000| Untracked 
| 230|0x000000008e600000, 0x000000008e600000, 0x000000008e700000|  0%| F|  |TAMS 0x000000008e600000, 0x000000008e600000| Untracked 
| 231|0x000000008e700000, 0x000000008e700000, 0x000000008e800000|  0%| F|  |TAMS 0x000000008e700000, 0x000000008e700000| Untracked 
| 232|0x000000008e800000, 0x000000008e800000, 0x000000008e900000|  0%| F|  |TAMS 0x000000008e800000, 0x000000008e800000| Untracked 
| 233|0x000000008e900000, 0x000000008e900000, 0x000000008ea00000|  0%| F|  |TAMS 0x000000008e900000, 0x000000008e900000| Untracked 
| 234|0x000000008ea00000, 0x000000008ea00000, 0x000000008eb00000|  0%| F|  |TAMS 0x000000008ea00000, 0x000000008ea00000| Untracked 
| 235|0x000000008eb00000, 0x000000008eb00000, 0x000000008ec00000|  0%| F|  |TAMS 0x000000008eb00000, 0x000000008eb00000| Untracked 
| 236|0x000000008ec00000, 0x000000008ec00000, 0x000000008ed00000|  0%| F|  |TAMS 0x000000008ec00000, 0x000000008ec00000| Untracked 
| 237|0x000000008ed00000, 0x000000008ed00000, 0x000000008ee00000|  0%| F|  |TAMS 0x000000008ed00000, 0x000000008ed00000| Untracked 
| 238|0x000000008ee00000, 0x000000008ee00000, 0x000000008ef00000|  0%| F|  |TAMS 0x000000008ee00000, 0x000000008ee00000| Untracked 
| 239|0x000000008ef00000, 0x000000008ef00000, 0x000000008f000000|  0%| F|  |TAMS 0x000000008ef00000, 0x000000008ef00000| Untracked 
| 240|0x000000008f000000, 0x000000008f000000, 0x000000008f100000|  0%| F|  |TAMS 0x000000008f000000, 0x000000008f000000| Untracked 
| 241|0x000000008f100000, 0x000000008f100000, 0x000000008f200000|  0%| F|  |TAMS 0x000000008f100000, 0x000000008f100000| Untracked 
| 242|0x000000008f200000, 0x000000008f200000, 0x000000008f300000|  0%| F|  |TAMS 0x000000008f200000, 0x000000008f200000| Untracked 
| 243|0x000000008f300000, 0x000000008f300000, 0x000000008f400000|  0%| F|  |TAMS 0x000000008f300000, 0x000000008f300000| Untracked 
| 244|0x000000008f400000, 0x000000008f400000, 0x000000008f500000|  0%| F|  |TAMS 0x000000008f400000, 0x000000008f400000| Untracked 
| 245|0x000000008f500000, 0x000000008f500000, 0x000000008f600000|  0%| F|  |TAMS 0x000000008f500000, 0x000000008f500000| Untracked 
| 246|0x000000008f600000, 0x000000008f600000, 0x000000008f700000|  0%| F|  |TAMS 0x000000008f600000, 0x000000008f600000| Untracked 
| 247|0x000000008f700000, 0x000000008f7eab78, 0x000000008f800000| 91%| S|CS|TAMS 0x000000008f700000, 0x000000008f700000| Complete 
| 248|0x000000008f800000, 0x000000008f800000, 0x000000008f900000|  0%| F|  |TAMS 0x000000008f800000, 0x000000008f800000| Untracked 
| 249|0x000000008f900000, 0x000000008f900000, 0x000000008fa00000|  0%| F|  |TAMS 0x000000008f900000, 0x000000008f900000| Untracked 
| 250|0x000000008fa00000, 0x000000008fa00000, 0x000000008fb00000|  0%| F|  |TAMS 0x000000008fa00000, 0x000000008fa00000| Untracked 
| 251|0x000000008fb00000, 0x000000008fb00000, 0x000000008fc00000|  0%| F|  |TAMS 0x000000008fb00000, 0x000000008fb00000| Untracked 
| 252|0x000000008fc00000, 0x000000008fc00000, 0x000000008fd00000|  0%| F|  |TAMS 0x000000008fc00000, 0x000000008fc00000| Untracked 
| 253|0x000000008fd00000, 0x000000008fd00000, 0x000000008fe00000|  0%| F|  |TAMS 0x000000008fd00000, 0x000000008fd00000| Untracked 
| 254|0x000000008fe00000, 0x000000008fe00000, 0x000000008ff00000|  0%| F|  |TAMS 0x000000008fe00000, 0x000000008fe00000| Untracked 
| 255|0x000000008ff00000, 0x000000008ff00000, 0x0000000090000000|  0%| F|  |TAMS 0x000000008ff00000, 0x000000008ff00000| Untracked 
| 256|0x0000000090000000, 0x0000000090000000, 0x0000000090100000|  0%| F|  |TAMS 0x0000000090000000, 0x0000000090000000| Untracked 
| 257|0x0000000090100000, 0x0000000090100000, 0x0000000090200000|  0%| F|  |TAMS 0x0000000090100000, 0x0000000090100000| Untracked 
| 258|0x0000000090200000, 0x0000000090200000, 0x0000000090300000|  0%| F|  |TAMS 0x0000000090200000, 0x0000000090200000| Untracked 
| 259|0x0000000090300000, 0x0000000090300000, 0x0000000090400000|  0%| F|  |TAMS 0x0000000090300000, 0x0000000090300000| Untracked 
| 260|0x0000000090400000, 0x0000000090400000, 0x0000000090500000|  0%| F|  |TAMS 0x0000000090400000, 0x0000000090400000| Untracked 

Card table byte_map: [0x000001b879630000,0x000001b879a30000] _byte_map_base: 0x000001b879230000

Marking Bits (Prev, Next): (CMBitMap*) 0x000001b861af34b8, (CMBitMap*) 0x000001b861af34f0
 Prev Bits: [0x000001b879e30000, 0x000001b87be30000)
 Next Bits: [0x000001b87be30000, 0x000001b87de30000)

Polling page: 0x000001b85fa40000

Metaspace:

Usage:
  Non-class:     69.21 MB capacity,    67.95 MB ( 98%) used,     1.03 MB (  1%) free+waste,   238.00 KB ( <1%) overhead. 
      Class:     10.95 MB capacity,    10.03 MB ( 92%) used,   829.13 KB (  7%) free+waste,   112.63 KB (  1%) overhead. 
       Both:     80.16 MB capacity,    77.98 MB ( 97%) used,     1.84 MB (  2%) free+waste,   350.63 KB ( <1%) overhead. 

Virtual space:
  Non-class space:       70.00 MB reserved,      69.26 MB ( 99%) committed 
      Class space:      504.00 MB reserved,      11.07 MB (  2%) committed 
             Both:      574.00 MB reserved,      80.33 MB ( 14%) committed 

Chunk freelists:
   Non-Class:  44.00 KB
       Class:  22.00 KB
        Both:  66.00 KB

MaxMetaspaceSize: 512.00 MB
CompressedClassSpaceSize: 504.00 MB
Initial GC threshold: 20.80 MB
Current GC threshold: 104.93 MB
CDS: off

CodeHeap 'non-profiled nmethods': size=120064Kb used=5792Kb max_used=5792Kb free=114271Kb
 bounds [0x000001b871cf0000, 0x000001b8722a0000, 0x000001b879230000]
CodeHeap 'profiled nmethods': size=120000Kb used=19815Kb max_used=19815Kb free=100184Kb
 bounds [0x000001b86a7c0000, 0x000001b86bb20000, 0x000001b871cf0000]
CodeHeap 'non-nmethods': size=5696Kb used=2370Kb max_used=2418Kb free=3325Kb
 bounds [0x000001b86a230000, 0x000001b86a4a0000, 0x000001b86a7c0000]
 total_blobs=10006 nmethods=9111 adapters=807
 compilation: enabled
              stopped_count=0, restarted_count=0
 full_count=0

Compilation events (20 events):
Event: 500.570 Thread 0x000001b800d25000 9159       4       com.google.common.collect.MapMakerInternalMap$StrongKeyWeakValueSegment::self (5 bytes)
Event: 500.573 Thread 0x000001b800d2a800 9161       2       java.lang.ClassLoader::preDefineClass (116 bytes)
Event: 500.578 Thread 0x000001b800d25000 nmethod 9159 0x000001b872290a90 code [0x000001b872290c20, 0x000001b872290c78]
Event: 500.578 Thread 0x000001b800d25000 9160       4       jdk.internal.loader.URLClassPath$JarLoader$2::getBytes (48 bytes)
Event: 500.593 Thread 0x000001b800d2a800 nmethod 9161 0x000001b86bb14310 code [0x000001b86bb145c0, 0x000001b86bb14e78]
Event: 500.593 Thread 0x000001b800d2a800 9162       3       java.security.CodeSource::getCertificates (98 bytes)
Event: 500.603 Thread 0x000001b800d2a800 nmethod 9162 0x000001b86bb15310 code [0x000001b86bb15580, 0x000001b86bb16248]
Event: 500.723 Thread 0x000001b800d2a800 9163       3       java.lang.ClassLoader::postDefineClass (39 bytes)
Event: 500.724 Thread 0x000001b800d2a800 nmethod 9163 0x000001b86bb16510 code [0x000001b86bb16700, 0x000001b86bb16a18]
Event: 500.761 Thread 0x000001b800d2a800 9164       3       jdk.internal.loader.URLClassPath$JarLoader$2::getCodeSigners (8 bytes)
Event: 500.761 Thread 0x000001b800d2a800 nmethod 9164 0x000001b86bb16b90 code [0x000001b86bb16d40, 0x000001b86bb16f08]
Event: 500.761 Thread 0x000001b800d2a800 9165       3       java.security.CodeSource::<init> (52 bytes)
Event: 500.769 Thread 0x000001b800d2a800 nmethod 9165 0x000001b86bb17010 code [0x000001b86bb17200, 0x000001b86bb17778]
Event: 500.777 Thread 0x000001b800d2a800 9166  s    3       java.util.jar.JarFile::getInputStream (72 bytes)
Event: 500.778 Thread 0x000001b800d2a800 nmethod 9166 0x000001b86bb17890 code [0x000001b86bb17ac0, 0x000001b86bb180d8]
Event: 501.031 Thread 0x000001b800d25000 nmethod 9160 0x000001b872290d90 code [0x000001b872291260, 0x000001b872296380]
Event: 501.048 Thread 0x000001b800d2a800 9167       3       java.security.SecureClassLoader$CodeSourceKey::equals (56 bytes)
Event: 501.049 Thread 0x000001b800d2a800 nmethod 9167 0x000001b86bb18290 code [0x000001b86bb184a0, 0x000001b86bb18a78]
Event: 501.093 Thread 0x000001b800d2a800 9168       3       java.security.CodeSource::matchCerts (254 bytes)
Event: 501.094 Thread 0x000001b800d2a800 nmethod 9168 0x000001b86bb18c90 code [0x000001b86bb18ee0, 0x000001b86bb19998]

GC Heap History (20 events):
Event: 403.500 GC heap after
{Heap after GC invocations=33 (full 0):
 garbage-first heap   total 222208K, used 50246K [0x0000000080000000, 0x0000000100000000)
  region size 1024K, 2 young (2048K), 2 survivors (2048K)
 Metaspace       used 70432K, capacity 72566K, committed 72788K, reserved 579584K
  class space    used 9134K, capacity 9992K, committed 10060K, reserved 516096K
}
Event: 408.252 GC heap before
{Heap before GC invocations=33 (full 0):
 garbage-first heap   total 222208K, used 59462K [0x0000000080000000, 0x0000000100000000)
  region size 1024K, 11 young (11264K), 2 survivors (2048K)
 Metaspace       used 71001K, capacity 73160K, committed 73428K, reserved 579584K
  class space    used 9232K, capacity 10125K, committed 10188K, reserved 516096K
}
Event: 408.475 GC heap after
{Heap after GC invocations=34 (full 0):
 garbage-first heap   total 222208K, used 50890K [0x0000000080000000, 0x0000000100000000)
  region size 1024K, 1 young (1024K), 1 survivors (1024K)
 Metaspace       used 71001K, capacity 73160K, committed 73428K, reserved 579584K
  class space    used 9232K, capacity 10125K, committed 10188K, reserved 516096K
}
Event: 410.231 GC heap before
{Heap before GC invocations=34 (full 0):
 garbage-first heap   total 222208K, used 60106K [0x0000000080000000, 0x0000000100000000)
  region size 1024K, 10 young (10240K), 1 survivors (1024K)
 Metaspace       used 71060K, capacity 73165K, committed 73428K, reserved 579584K
  class space    used 9232K, capacity 10125K, committed 10188K, reserved 516096K
}
Event: 410.243 GC heap after
{Heap after GC invocations=35 (full 0):
 garbage-first heap   total 222208K, used 51200K [0x0000000080000000, 0x0000000100000000)
  region size 1024K, 2 young (2048K), 2 survivors (2048K)
 Metaspace       used 71060K, capacity 73165K, committed 73428K, reserved 579584K
  class space    used 9232K, capacity 10125K, committed 10188K, reserved 516096K
}
Event: 421.751 GC heap before
{Heap before GC invocations=35 (full 0):
 garbage-first heap   total 222208K, used 65536K [0x0000000080000000, 0x0000000100000000)
  region size 1024K, 14 young (14336K), 2 survivors (2048K)
 Metaspace       used 71447K, capacity 73648K, committed 73812K, reserved 581632K
  class space    used 9291K, capacity 10200K, committed 10316K, reserved 516096K
}
Event: 422.023 GC heap after
{Heap after GC invocations=36 (full 0):
 garbage-first heap   total 222208K, used 55482K [0x0000000080000000, 0x0000000100000000)
  region size 1024K, 2 young (2048K), 2 survivors (2048K)
 Metaspace       used 71447K, capacity 73648K, committed 73812K, reserved 581632K
  class space    used 9291K, capacity 10200K, committed 10316K, reserved 516096K
}
Event: 427.603 GC heap before
{Heap before GC invocations=36 (full 0):
 garbage-first heap   total 222208K, used 65722K [0x0000000080000000, 0x0000000100000000)
  region size 1024K, 12 young (12288K), 2 survivors (2048K)
 Metaspace       used 72720K, capacity 74934K, committed 75220K, reserved 581632K
  class space    used 9443K, capacity 10329K, committed 10444K, reserved 516096K
}
Event: 427.977 GC heap after
{Heap after GC invocations=37 (full 0):
 garbage-first heap   total 222208K, used 55856K [0x0000000080000000, 0x0000000100000000)
  region size 1024K, 1 young (1024K), 1 survivors (1024K)
 Metaspace       used 72720K, capacity 74934K, committed 75220K, reserved 581632K
  class space    used 9443K, capacity 10329K, committed 10444K, reserved 516096K
}
Event: 433.646 GC heap before
{Heap before GC invocations=37 (full 0):
 garbage-first heap   total 222208K, used 65072K [0x0000000080000000, 0x0000000100000000)
  region size 1024K, 10 young (10240K), 1 survivors (1024K)
 Metaspace       used 73829K, capacity 75956K, committed 76116K, reserved 583680K
  class space    used 9576K, capacity 10495K, committed 10572K, reserved 516096K
}
Event: 433.711 GC heap after
{Heap after GC invocations=38 (full 0):
 garbage-first heap   total 267264K, used 56238K [0x0000000080000000, 0x0000000100000000)
  region size 1024K, 1 young (1024K), 1 survivors (1024K)
 Metaspace       used 73829K, capacity 75956K, committed 76116K, reserved 583680K
  class space    used 9576K, capacity 10495K, committed 10572K, reserved 516096K
}
Event: 448.343 GC heap before
{Heap before GC invocations=38 (full 0):
 garbage-first heap   total 267264K, used 70574K [0x0000000080000000, 0x0000000100000000)
  region size 1024K, 13 young (13312K), 1 survivors (1024K)
 Metaspace       used 74964K, capacity 77140K, committed 77268K, reserved 583680K
  class space    used 9724K, capacity 10655K, committed 10700K, reserved 516096K
}
Event: 449.767 GC heap after
{Heap after GC invocations=39 (full 0):
 garbage-first heap   total 267264K, used 60886K [0x0000000080000000, 0x0000000100000000)
  region size 1024K, 2 young (2048K), 2 survivors (2048K)
 Metaspace       used 74964K, capacity 77140K, committed 77268K, reserved 583680K
  class space    used 9724K, capacity 10655K, committed 10700K, reserved 516096K
}
Event: 465.429 GC heap before
{Heap before GC invocations=39 (full 0):
 garbage-first heap   total 267264K, used 72150K [0x0000000080000000, 0x0000000100000000)
  region size 1024K, 13 young (13312K), 2 survivors (2048K)
 Metaspace       used 76683K, capacity 78967K, committed 79188K, reserved 585728K
  class space    used 9888K, capacity 10816K, committed 10828K, reserved 516096K
}
Event: 465.732 GC heap after
{Heap after GC invocations=40 (full 0):
 garbage-first heap   total 267264K, used 61177K [0x0000000080000000, 0x0000000100000000)
  region size 1024K, 1 young (1024K), 1 survivors (1024K)
 Metaspace       used 76683K, capacity 78967K, committed 79188K, reserved 585728K
  class space    used 9888K, capacity 10816K, committed 10828K, reserved 516096K
}
Event: 486.367 GC heap before
{Heap before GC invocations=40 (full 0):
 garbage-first heap   total 267264K, used 73465K [0x0000000080000000, 0x0000000100000000)
  region size 1024K, 13 young (13312K), 1 survivors (1024K)
 Metaspace       used 78206K, capacity 80494K, committed 80724K, reserved 587776K
  class space    used 10048K, capacity 10982K, committed 11084K, reserved 516096K
}
Event: 487.742 GC heap after
{Heap after GC invocations=41 (full 0):
 garbage-first heap   total 267264K, used 62337K [0x0000000080000000, 0x0000000100000000)
  region size 1024K, 2 young (2048K), 2 survivors (2048K)
 Metaspace       used 78206K, capacity 80494K, committed 80724K, reserved 587776K
  class space    used 10048K, capacity 10982K, committed 11084K, reserved 516096K
}
Event: 496.485 GC heap before
{Heap before GC invocations=41 (full 0):
 garbage-first heap   total 267264K, used 77697K [0x0000000080000000, 0x0000000100000000)
  region size 1024K, 13 young (13312K), 2 survivors (2048K)
 Metaspace       used 79271K, capacity 81550K, committed 81876K, reserved 587776K
  class space    used 10172K, capacity 11078K, committed 11212K, reserved 516096K
}
Event: 497.016 GC heap after
{Heap after GC invocations=42 (full 0):
 garbage-first heap   total 267264K, used 68975K [0x0000000080000000, 0x0000000100000000)
  region size 1024K, 2 young (2048K), 2 survivors (2048K)
 Metaspace       used 79271K, capacity 81550K, committed 81876K, reserved 587776K
  class space    used 10172K, capacity 11078K, committed 11212K, reserved 516096K
}
Event: 501.631 GC heap before
{Heap before GC invocations=42 (full 0):
 garbage-first heap   total 267264K, used 82287K [0x0000000080000000, 0x0000000100000000)
  region size 1024K, 13 young (13312K), 2 survivors (2048K)
 Metaspace       used 79851K, capacity 82086K, committed 82260K, reserved 587776K
  class space    used 10268K, capacity 11210K, committed 11340K, reserved 516096K
}

Deoptimization events (20 events):
Event: 497.037 Thread 0x000001b802542000 DEOPT PACKING pc=0x000001b86ab34911 sp=0x00000041b4cf31e0
Event: 497.037 Thread 0x000001b802542000 DEOPT UNPACKING pc=0x000001b86a27a95e sp=0x00000041b4cf2658 mode 0
Event: 497.038 Thread 0x000001b802542000 DEOPT PACKING pc=0x000001b86ab34911 sp=0x00000041b4cf31e0
Event: 497.038 Thread 0x000001b802542000 DEOPT UNPACKING pc=0x000001b86a27a95e sp=0x00000041b4cf2658 mode 0
Event: 497.040 Thread 0x000001b802542000 DEOPT PACKING pc=0x000001b86ab34911 sp=0x00000041b4cf31e0
Event: 497.041 Thread 0x000001b802542000 DEOPT UNPACKING pc=0x000001b86a27a95e sp=0x00000041b4cf2658 mode 0
Event: 497.046 Thread 0x000001b802542000 DEOPT PACKING pc=0x000001b86bad5a22 sp=0x00000041b4cf2f00
Event: 497.046 Thread 0x000001b802542000 DEOPT UNPACKING pc=0x000001b86a27a95e sp=0x00000041b4cf2378 mode 0
Event: 497.047 Thread 0x000001b802542000 DEOPT PACKING pc=0x000001b86bad5a22 sp=0x00000041b4cf2f00
Event: 497.047 Thread 0x000001b802542000 DEOPT UNPACKING pc=0x000001b86a27a95e sp=0x00000041b4cf2378 mode 0
Event: 497.048 Thread 0x000001b802542000 DEOPT PACKING pc=0x000001b86bad5a22 sp=0x00000041b4cf2f00
Event: 497.048 Thread 0x000001b802542000 DEOPT UNPACKING pc=0x000001b86a27a95e sp=0x00000041b4cf2378 mode 0
Event: 497.463 Thread 0x000001b802542000 Uncommon trap: trap_request=0xffffff4d fr.pc=0x000001b871f8d8b4 relative=0x00000000000004b4
Event: 497.463 Thread 0x000001b802542000 Uncommon trap: reason=unstable_if action=reinterpret pc=0x000001b871f8d8b4 method=java.util.jar.JarFile.maybeInstantiateVerifier()V @ 4 c2
Event: 497.463 Thread 0x000001b802542000 DEOPT PACKING pc=0x000001b871f8d8b4 sp=0x00000041b4cf3b90
Event: 497.463 Thread 0x000001b802542000 DEOPT UNPACKING pc=0x000001b86a27a1af sp=0x00000041b4cf3ae0 mode 2
Event: 497.523 Thread 0x000001b802542000 Uncommon trap: trap_request=0xffffff4d fr.pc=0x000001b872082ebc relative=0x000000000000009c
Event: 497.523 Thread 0x000001b802542000 Uncommon trap: reason=unstable_if action=reinterpret pc=0x000001b872082ebc method=java.security.CodeSource.matchCerts(Ljava/security/CodeSource;Z)Z @ 11 c2
Event: 497.523 Thread 0x000001b802542000 DEOPT PACKING pc=0x000001b872082ebc sp=0x00000041b4cf05b0
Event: 497.523 Thread 0x000001b802542000 DEOPT UNPACKING pc=0x000001b86a27a1af sp=0x00000041b4cf0548 mode 2

Classes redefined (0 events):
No events

Internal exceptions (20 events):
Event: 420.330 Thread 0x000001b802542000 Exception <a 'java/security/PrivilegedActionException'{0x000000008d190a90}> (0x000000008d190a90) thrown at [./src/hotspot/share/prims/jvm.cpp, line 1306]
Event: 420.330 Thread 0x000001b802542000 Exception <a 'java/security/PrivilegedActionException'{0x000000008d192280}> (0x000000008d192280) thrown at [./src/hotspot/share/prims/jvm.cpp, line 1306]
Event: 420.330 Thread 0x000001b802542000 Exception <a 'java/security/PrivilegedActionException'{0x000000008d1953d8}> (0x000000008d1953d8) thrown at [./src/hotspot/share/prims/jvm.cpp, line 1306]
Event: 420.330 Thread 0x000001b802542000 Exception <a 'java/security/PrivilegedActionException'{0x000000008d196940}> (0x000000008d196940) thrown at [./src/hotspot/share/prims/jvm.cpp, line 1306]
Event: 420.591 Thread 0x000001b802542000 Exception <a 'java/security/PrivilegedActionException'{0x000000008d073428}> (0x000000008d073428) thrown at [./src/hotspot/share/prims/jvm.cpp, line 1306]
Event: 420.591 Thread 0x000001b802542000 Exception <a 'java/security/PrivilegedActionException'{0x000000008d074990}> (0x000000008d074990) thrown at [./src/hotspot/share/prims/jvm.cpp, line 1306]
Event: 420.591 Thread 0x000001b802542000 Exception <a 'java/security/PrivilegedActionException'{0x000000008d08bbb0}> (0x000000008d08bbb0) thrown at [./src/hotspot/share/prims/jvm.cpp, line 1306]
Event: 420.591 Thread 0x000001b802542000 Exception <a 'java/security/PrivilegedActionException'{0x000000008d08d118}> (0x000000008d08d118) thrown at [./src/hotspot/share/prims/jvm.cpp, line 1306]
Event: 420.592 Thread 0x000001b802542000 Exception <a 'java/security/PrivilegedActionException'{0x000000008d090340}> (0x000000008d090340) thrown at [./src/hotspot/share/prims/jvm.cpp, line 1306]
Event: 420.592 Thread 0x000001b802542000 Exception <a 'java/security/PrivilegedActionException'{0x000000008d0918a8}> (0x000000008d0918a8) thrown at [./src/hotspot/share/prims/jvm.cpp, line 1306]
Event: 420.593 Thread 0x000001b802542000 Exception <a 'java/security/PrivilegedActionException'{0x000000008d094a20}> (0x000000008d094a20) thrown at [./src/hotspot/share/prims/jvm.cpp, line 1306]
Event: 420.593 Thread 0x000001b802542000 Exception <a 'java/security/PrivilegedActionException'{0x000000008d095f88}> (0x000000008d095f88) thrown at [./src/hotspot/share/prims/jvm.cpp, line 1306]
Event: 420.593 Thread 0x000001b802542000 Exception <a 'java/security/PrivilegedActionException'{0x000000008d099138}> (0x000000008d099138) thrown at [./src/hotspot/share/prims/jvm.cpp, line 1306]
Event: 420.593 Thread 0x000001b802542000 Exception <a 'java/security/PrivilegedActionException'{0x000000008d09a6a0}> (0x000000008d09a6a0) thrown at [./src/hotspot/share/prims/jvm.cpp, line 1306]
Event: 420.594 Thread 0x000001b802542000 Exception <a 'java/security/PrivilegedActionException'{0x000000008d09d8c8}> (0x000000008d09d8c8) thrown at [./src/hotspot/share/prims/jvm.cpp, line 1306]
Event: 420.594 Thread 0x000001b802542000 Exception <a 'java/security/PrivilegedActionException'{0x000000008d09f0e0}> (0x000000008d09f0e0) thrown at [./src/hotspot/share/prims/jvm.cpp, line 1306]
Event: 431.228 Thread 0x000001b802542000 Exception <a 'java/io/IOException'{0x000000008d18e7b8}> (0x000000008d18e7b8) thrown at [./src/hotspot/share/prims/jni.cpp, line 617]
Event: 482.478 Thread 0x000001b802542000 Implicit null exception at 0x000001b871dfbb8b to 0x000001b871dfbc68
Event: 494.091 Thread 0x000001b802542000 Implicit null exception at 0x000001b871e9b9ac to 0x000001b871e9bada
Event: 498.880 Thread 0x000001b802542000 Exception <a 'sun/nio/fs/WindowsException'{0x000000008fed35b8}> (0x000000008fed35b8) thrown at [./src/hotspot/share/prims/jni.cpp, line 617]

Events (20 events):
Event: 501.201 loading class com/google/common/util/concurrent/internal/InternalFutureFailureAccess done
Event: 501.359 loading class com/google/common/util/concurrent/AbstractFuture$AtomicHelper
Event: 501.359 loading class com/google/common/util/concurrent/AbstractFuture$AtomicHelper done
Event: 501.367 loading class com/google/common/util/concurrent/AbstractFuture$UnsafeAtomicHelper
Event: 501.367 loading class com/google/common/util/concurrent/AbstractFuture$UnsafeAtomicHelper done
Event: 501.382 loading class com/google/common/util/concurrent/AbstractFuture$SafeAtomicHelper
Event: 501.382 loading class com/google/common/util/concurrent/AbstractFuture$SafeAtomicHelper done
Event: 501.404 loading class com/google/common/util/concurrent/AbstractFuture$SynchronizedHelper
Event: 501.404 loading class com/google/common/util/concurrent/AbstractFuture$SynchronizedHelper done
Event: 501.484 loading class com/google/common/util/concurrent/AbstractFuture$UnsafeAtomicHelper$1
Event: 501.484 loading class com/google/common/util/concurrent/AbstractFuture$UnsafeAtomicHelper$1 done
Event: 501.556 loading class com/google/common/util/concurrent/AbstractFuture$Listener
Event: 501.556 loading class com/google/common/util/concurrent/AbstractFuture$Listener done
Event: 501.567 loading class com/google/common/util/concurrent/AbstractFuture$Waiter
Event: 501.567 loading class com/google/common/util/concurrent/AbstractFuture$Waiter done
Event: 501.590 loading class com/google/common/base/Stopwatch
Event: 501.590 loading class com/google/common/base/Stopwatch done
Event: 501.614 loading class com/google/common/cache/LocalCache$StrongEntry
Event: 501.614 loading class com/google/common/cache/LocalCache$StrongEntry done
Event: 501.614 Executing VM operation: G1CollectForAllocation


Dynamic libraries:
0x00007ff68b490000 - 0x00007ff68b49d000 	C:\Program Files\Microsoft\jdk-11.0.18.10-hotspot\bin\java.exe
0x00007ff991830000 - 0x00007ff991a28000 	C:\WINDOWS\SYSTEM32\ntdll.dll
0x00007ff991210000 - 0x00007ff9912cf000 	C:\WINDOWS\System32\KERNEL32.DLL
0x00007ff98f3f0000 - 0x00007ff98f6e6000 	C:\WINDOWS\System32\KERNELBASE.dll
0x00007ff98f160000 - 0x00007ff98f260000 	C:\WINDOWS\System32\ucrtbase.dll
0x00007ff985880000 - 0x00007ff985897000 	C:\Program Files\Microsoft\jdk-11.0.18.10-hotspot\bin\jli.dll
0x00007ff9902e0000 - 0x00007ff99047d000 	C:\WINDOWS\System32\USER32.dll
0x00007ff98f810000 - 0x00007ff98f832000 	C:\WINDOWS\System32\win32u.dll
0x00007ff990490000 - 0x00007ff9904bc000 	C:\WINDOWS\System32\GDI32.dll
0x00007ff98f040000 - 0x00007ff98f155000 	C:\WINDOWS\System32\gdi32full.dll
0x00007ff98efa0000 - 0x00007ff98f03d000 	C:\WINDOWS\System32\msvcp_win.dll
0x00007ff970490000 - 0x00007ff97072a000 	C:\WINDOWS\WinSxS\amd64_microsoft.windows.common-controls_6595b64144ccf1df_6.0.19041.1110_none_60b5254171f9507e\COMCTL32.dll
0x00007ff990570000 - 0x00007ff99060e000 	C:\WINDOWS\System32\msvcrt.dll
0x00007ff9854f0000 - 0x00007ff985505000 	C:\Program Files\Microsoft\jdk-11.0.18.10-hotspot\bin\VCRUNTIME140.dll
0x00007ff990610000 - 0x00007ff990640000 	C:\WINDOWS\System32\IMM32.DLL
0x00007ff9545e0000 - 0x00007ff95467b000 	C:\Program Files\Microsoft\jdk-11.0.18.10-hotspot\bin\msvcp140.dll
0x00007ff91aa60000 - 0x00007ff91b5f2000 	C:\Program Files\Microsoft\jdk-11.0.18.10-hotspot\bin\server\jvm.dll
0x00007ff9912d0000 - 0x00007ff99137f000 	C:\WINDOWS\System32\ADVAPI32.dll
0x00007ff990f00000 - 0x00007ff990f9c000 	C:\WINDOWS\System32\sechost.dll
0x00007ff98faf0000 - 0x00007ff98fc16000 	C:\WINDOWS\System32\RPCRT4.dll
0x00007ff991050000 - 0x00007ff991058000 	C:\WINDOWS\System32\PSAPI.DLL
0x00007ff9838d0000 - 0x00007ff9838f7000 	C:\WINDOWS\SYSTEM32\WINMM.dll
0x00007ff984270000 - 0x00007ff98427a000 	C:\WINDOWS\SYSTEM32\VERSION.dll
0x00007ff9724c0000 - 0x00007ff9724c9000 	C:\WINDOWS\SYSTEM32\WSOCK32.dll
0x00007ff990140000 - 0x00007ff9901ab000 	C:\WINDOWS\System32\WS2_32.dll
0x00007ff98d990000 - 0x00007ff98d9a2000 	C:\WINDOWS\SYSTEM32\kernel.appcore.dll
0x00007ff986740000 - 0x00007ff986750000 	C:\Program Files\Microsoft\jdk-11.0.18.10-hotspot\bin\verify.dll
0x00007ff986880000 - 0x00007ff986a64000 	C:\WINDOWS\SYSTEM32\DBGHELP.DLL
0x00007ff972480000 - 0x00007ff9724b4000 	C:\WINDOWS\SYSTEM32\dbgcore.DLL
0x00007ff98ef10000 - 0x00007ff98ef92000 	C:\WINDOWS\System32\bcryptPrimitives.dll
0x00007ff976e10000 - 0x00007ff976e38000 	C:\Program Files\Microsoft\jdk-11.0.18.10-hotspot\bin\java.dll
0x00007ff985d70000 - 0x00007ff985d7a000 	C:\Program Files\Microsoft\jdk-11.0.18.10-hotspot\bin\jimage.dll
0x00007ff976df0000 - 0x00007ff976e08000 	C:\Program Files\Microsoft\jdk-11.0.18.10-hotspot\bin\zip.dll
0x00007ff9907b0000 - 0x00007ff990ef4000 	C:\WINDOWS\System32\SHELL32.dll
0x00007ff98c9e0000 - 0x00007ff98d173000 	C:\WINDOWS\SYSTEM32\windows.storage.dll
0x00007ff98fcb0000 - 0x00007ff990004000 	C:\WINDOWS\System32\combase.dll
0x00007ff98e890000 - 0x00007ff98e8be000 	C:\WINDOWS\SYSTEM32\Wldp.dll
0x00007ff990fa0000 - 0x00007ff99104d000 	C:\WINDOWS\System32\SHCORE.dll
0x00007ff98f8f0000 - 0x00007ff98f945000 	C:\WINDOWS\System32\shlwapi.dll
0x00007ff98ee50000 - 0x00007ff98ee6f000 	C:\WINDOWS\SYSTEM32\profapi.dll
0x00007ff96ae10000 - 0x00007ff96ae29000 	C:\Program Files\Microsoft\jdk-11.0.18.10-hotspot\bin\net.dll
0x00007ff982c30000 - 0x00007ff982d3a000 	C:\WINDOWS\SYSTEM32\WINHTTP.dll
0x00007ff98e5f0000 - 0x00007ff98e65a000 	C:\WINDOWS\system32\mswsock.dll
0x00007ff95c860000 - 0x00007ff95c873000 	C:\Program Files\Microsoft\jdk-11.0.18.10-hotspot\bin\nio.dll
0x00007ff9593b0000 - 0x00007ff9593d7000 	C:\Users\hp\.gradle\native\e1d6ef7f7dcc3fd88c89a11ec53ec762bb8ba0a96d01ffa2cd45eb1d1d8dd5c5\windows-amd64\native-platform.dll
0x00007ff9540c0000 - 0x00007ff954204000 	C:\Users\hp\.gradle\native\0d407fdbe67a94daf76414ababcb853783967236a71b16ec16e742cd7a986fd3\windows-amd64\native-platform-file-events.dll
0x00007ff97eec0000 - 0x00007ff97eec9000 	C:\Program Files\Microsoft\jdk-11.0.18.10-hotspot\bin\management.dll
0x00007ff97dd10000 - 0x00007ff97dd1b000 	C:\Program Files\Microsoft\jdk-11.0.18.10-hotspot\bin\management_ext.dll
0x00007ff98e7f0000 - 0x00007ff98e808000 	C:\WINDOWS\SYSTEM32\CRYPTSP.dll
0x00007ff98df10000 - 0x00007ff98df44000 	C:\WINDOWS\system32\rsaenh.dll
0x00007ff98f3c0000 - 0x00007ff98f3e7000 	C:\WINDOWS\System32\bcrypt.dll
0x00007ff98ee10000 - 0x00007ff98ee3e000 	C:\WINDOWS\SYSTEM32\USERENV.dll
0x00007ff98e7e0000 - 0x00007ff98e7ec000 	C:\WINDOWS\SYSTEM32\CRYPTBASE.dll
0x00007ff98e2e0000 - 0x00007ff98e31c000 	C:\WINDOWS\SYSTEM32\IPHLPAPI.DLL
0x00007ff990480000 - 0x00007ff990488000 	C:\WINDOWS\System32\NSI.dll
0x00007ff9831e0000 - 0x00007ff9831f7000 	C:\WINDOWS\SYSTEM32\dhcpcsvc6.DLL
0x00007ff984280000 - 0x00007ff98429d000 	C:\WINDOWS\SYSTEM32\dhcpcsvc.DLL
0x00007ff98e320000 - 0x00007ff98e3eb000 	C:\WINDOWS\SYSTEM32\DNSAPI.dll

dbghelp: loaded successfully - version: 4.0.5 - missing functions: none
symbol engine: initialized successfully - sym options: 0x614 - pdb path: .;C:\Program Files\Microsoft\jdk-11.0.18.10-hotspot\bin;C:\WINDOWS\SYSTEM32;C:\WINDOWS\WinSxS\amd64_microsoft.windows.common-controls_6595b64144ccf1df_6.0.19041.1110_none_60b5254171f9507e;C:\Program Files\Microsoft\jdk-11.0.18.10-hotspot\bin\server;C:\Users\hp\.gradle\native\e1d6ef7f7dcc3fd88c89a11ec53ec762bb8ba0a96d01ffa2cd45eb1d1d8dd5c5\windows-amd64;C:\Users\hp\.gradle\native\0d407fdbe67a94daf76414ababcb853783967236a71b16ec16e742cd7a986fd3\windows-amd64

VM Arguments:
jvm_args: -XX:MaxMetaspaceSize=512m --add-opens=java.base/java.util=ALL-UNNAMED --add-opens=java.base/java.lang=ALL-UNNAMED --add-opens=java.base/java.lang.invoke=ALL-UNNAMED --add-opens=java.base/java.util=ALL-UNNAMED --add-opens=java.prefs/java.util.prefs=ALL-UNNAMED --add-opens=java.prefs/java.util.prefs=ALL-UNNAMED --add-opens=java.base/java.nio.charset=ALL-UNNAMED --add-opens=java.base/java.net=ALL-UNNAMED --add-opens=java.base/java.util.concurrent.atomic=ALL-UNNAMED -Xmx2048m -Dfile.encoding=windows-1252 -Duser.country=US -Duser.language=en -Duser.variant 
java_command: org.gradle.launcher.daemon.bootstrap.GradleDaemon 7.5.1
java_class_path (initial): C:\Users\hp\.gradle\wrapper\dists\gradle-7.5.1-all\1ehga6e77gqps5uk2kc5kf1vc\gradle-7.5.1\lib\gradle-launcher-7.5.1.jar
Launcher Type: SUN_STANDARD

[Global flags]
     intx CICompilerCount                          = 3                                         {product} {ergonomic}
   size_t CompressedClassSpaceSize                 = 528482304                                 {product} {ergonomic}
     uint ConcGCThreads                            = 1                                         {product} {ergonomic}
     uint G1ConcRefinementThreads                  = 4                                         {product} {ergonomic}
   size_t G1HeapRegionSize                         = 1048576                                   {product} {ergonomic}
    uintx GCDrainStackTargetSize                   = 64                                        {product} {ergonomic}
   size_t InitialHeapSize                          = 134217728                                 {product} {ergonomic}
   size_t MarkStackSize                            = 4194304                                   {product} {ergonomic}
   size_t MaxHeapSize                              = 2147483648                                {product} {command line}
   size_t MaxMetaspaceSize                         = 536870912                                 {product} {command line}
   size_t MaxNewSize                               = 1287651328                                {product} {ergonomic}
   size_t MinHeapDeltaBytes                        = 1048576                                   {product} {ergonomic}
    uintx NonNMethodCodeHeapSize                   = 5830732                                {pd product} {ergonomic}
    uintx NonProfiledCodeHeapSize                  = 122913754                              {pd product} {ergonomic}
    uintx ProfiledCodeHeapSize                     = 122913754                              {pd product} {ergonomic}
    uintx ReservedCodeCacheSize                    = 251658240                              {pd product} {ergonomic}
     bool SegmentedCodeCache                       = true                                      {product} {ergonomic}
     bool UseCompressedClassPointers               = true                                 {lp64_product} {ergonomic}
     bool UseCompressedOops                        = true                                 {lp64_product} {ergonomic}
     bool UseG1GC                                  = true                                      {product} {ergonomic}
     bool UseLargePagesIndividualAllocation        = false                                  {pd product} {ergonomic}

Logging:
Log output configuration:
 #0: stdout all=warning uptime,level,tags
 #1: stderr all=off uptime,level,tags

Environment Variables:
JAVA_HOME=C:\Program Files\Microsoft\jdk-11.0.18.10-hotspot
CLASSPATH=D:\LoginSignupPage\LoginSignup\android\\gradle\wrapper\gradle-wrapper.jar
PATH=D:\LoginSignupPage\LoginSignup\android\node_modules\.bin;D:\LoginSignupPage\LoginSignup\node_modules\.bin;D:\LoginSignupPage\node_modules\.bin;D:\node_modules\.bin;C:\Program Files\nodejs;D:\LoginSignupPage\LoginSignup\node_modules\.bin;D:\LoginSignupPage\LoginSignup\node_modules\.bin;D:\LoginSignupPage\node_modules\.bin;D:\node_modules\.bin;C:\Program Files\nodejs\node_modules\npm\node_modules\@npmcli\run-script\lib\node-gyp-bin;D:\LoginSignupPage\LoginSignup\node_modules\.bin;D:\LoginSignupPage\node_modules\.bin;D:\node_modules\.bin;C:\Program Files\nodejs;D:\LoginSignupPage\LoginSignup\node_modules\.bin;D:\LoginSignupPage\node_modules\.bin;D:\node_modules\.bin;C:\Program Files\nodejs\node_modules\npm\node_modules\@npmcli\run-script\lib\node-gyp-bin;C:\Program Files\Microsoft\jdk-11.0.18.10-hotspot\bin;C:\WINDOWS\system32;C:\WINDOWS;C:\WINDOWS\System32\Wbem;C:\WINDOWS\System32\WindowsPowerShell\v1.0\;C:\WINDOWS\System32\OpenSSH\;C:\Program Files\Git\cmd;C:\Program Files\Git\mingw64\bin;C:\Program Files\Git\usr\bin;C:\Users\hp\Downloads\jre-8u192-windows-x64\jre1.8.0_192\bin;C:\Users\hp\Downloads\gradle-7.6-bin\gradle-7.6\bin;C:\Users\hp\Downloads\jre-8u192-windows-x64\jre1.8.0_192\bin;C:\Program Files\nodejs\;C:\ProgramData\chocolatey\bin;C:\Users\hp\AppData\Local\Microsoft\WindowsApps;C:\Users\hp\AppData\Local\Programs\Microsoft VS Code\bin;C:\Program Files\JetBrains\IntelliJ IDEA Community Edition 2022.3.1\bin;;C:\Users\hp\AppData\Roaming\npm;C:\Users\hp\AppData\Local\Android\Sdk\platform-tools;
USERNAME=hp
LANG=en_US.UTF-8
OS=Windows_NT
PROCESSOR_IDENTIFIER=Intel64 Family 6 Model 78 Stepping 3, GenuineIntel
TMP=C:\Users\hp\AppData\Local\Temp
TEMP=C:\Users\hp\AppData\Local\Temp



---------------  S Y S T E M  ---------------

OS: Windows 10 , 64 bit Build 19041 (10.0.19041.2913)
OS uptime: 2 days 18:42 hours

CPU:total 4 (initial active 4) (2 cores per cpu, 2 threads per core) family 6 model 78 stepping 3 microcode 0xea, cmov, cx8, fxsr, mmx, sse, sse2, sse3, ssse3, sse4.1, sse4.2, popcnt, avx, avx2, aes, clmul, erms, rtm, 3dnowpref, lzcnt, ht, tsc, tscinvbit, bmi1, bmi2, adx, fma

Memory: 4k page, system-wide physical 8071M (21M free)
TotalPageFile size 20340M (AvailPageFile size 112M)
current process WorkingSet (physical memory assigned to process): 129M, peak: 200M
current process commit charge ("private bytes"): 512M, peak: 773M

vm_info: OpenJDK 64-Bit Server VM (11.0.18+10-LTS) for windows-amd64 JRE (11.0.18+10-LTS), built on Jan 18 2023 15:56:47 by "MicrosoftCorporation" with MS VC++ 15.9 (VS2017)

END.
