#
# There is insufficient memory for the Java Runtime Environment to continue.
# Native memory allocation (mmap) failed to map 90177536 bytes for Failed to commit area from 0x000000008e600000 to 0x0000000093c00000 of length 90177536.
# Possible reasons:
#   The system is out of physical RAM or swap space
#   The process is running with CompressedOops enabled, and the Java Heap may be blocking the growth of the native heap
# Possible solutions:
#   Reduce memory load on the system
#   Increase physical memory or swap space
#   Check if swap backing store is full
#   Decrease Java heap size (-Xmx/-Xms)
#   Decrease number of Java threads
#   Decrease Java thread stack sizes (-Xss)
#   Set larger code cache with -XX:ReservedCodeCacheSize=
#   JVM is running with Unscaled Compressed Oops mode in which the Java heap is
#     placed in the first 4GB address space. The Java Heap base address is the
#     maximum limit for the native heap growth. Please use -XX:HeapBaseMinAddress
#     to set the Java Heap base and to place the Java Heap above 4GB virtual address.
# This output file may be truncated or incomplete.
#
#  Out of Memory Error (./src/hotspot/os/windows/os_windows.cpp:3386), pid=2692, tid=3724
#
# JRE version: OpenJDK Runtime Environment Microsoft-7208460 (11.0.18+10) (build 11.0.18+10-LTS)
# Java VM: OpenJDK 64-Bit Server VM Microsoft-7208460 (11.0.18+10-LTS, mixed mode, tiered, compressed oops, g1 gc, windows-amd64)
# No core dump will be written. Minidumps are not enabled by default on client versions of Windows
#

---------------  S U M M A R Y ------------

Command Line: -XX:MaxMetaspaceSize=512m --add-opens=java.base/java.util=ALL-UNNAMED --add-opens=java.base/java.lang=ALL-UNNAMED --add-opens=java.base/java.lang.invoke=ALL-UNNAMED --add-opens=java.base/java.util=ALL-UNNAMED --add-opens=java.prefs/java.util.prefs=ALL-UNNAMED --add-opens=java.prefs/java.util.prefs=ALL-UNNAMED --add-opens=java.base/java.nio.charset=ALL-UNNAMED --add-opens=java.base/java.net=ALL-UNNAMED --add-opens=java.base/java.util.concurrent.atomic=ALL-UNNAMED -Xmx2048m -Dfile.encoding=windows-1252 -Duser.country=US -Duser.language=en -Duser.variant org.gradle.launcher.daemon.bootstrap.GradleDaemon 7.5.1

Host: Intel(R) Core(TM) i5-6300U CPU @ 2.40GHz, 4 cores, 7G,  Windows 10 , 64 bit Build 19041 (10.0.19041.2913)
Time: Mon Jun  5 12:29:11 2023 India Standard Time elapsed time: 522.199844 seconds (0d 0h 8m 42s)

---------------  T H R E A D  ---------------

Current thread (0x0000026f7ee26800):  VMThread "VM Thread" [stack: 0x000000b2ac700000,0x000000b2ac800000] [id=3724]

Stack: [0x000000b2ac700000,0x000000b2ac800000]
[error occurred during error reporting (printing stack bounds), id 0xc0000005, EXCEPTION_ACCESS_VIOLATION (0xc0000005) at pc=0x0000026f086a112d]

Native frames: (J=compiled Java code, j=interpreted, Vv=VM code, C=native code)
V  [jvm.dll+0x62bf8a]
V  [jvm.dll+0x7b8fb9]
V  [jvm.dll+0x7ba6a8]
V  [jvm.dll+0x7bace5]
V  [jvm.dll+0x7bac9b]
V  [jvm.dll+0x62b317]
V  [jvm.dll+0x62ba28]
C  [ntdll.dll+0xa23df]
C  [ntdll.dll+0x514a4]
C  [ntdll.dll+0xa0f0e]
C  0x0000026f086a112d

VM_Operation (0x000000b2ad9f5250): G1CollectForAllocation, mode: safepoint, requested by thread 0x0000026f7f84b800


---------------  P R O C E S S  ---------------

Threads class SMR info:
_java_thread_list=0x0000026f1f583a00, length=85, elements={
0x0000026f77d70800, 0x0000026f7ee3b000, 0x0000026f7ee3c000, 0x0000026f7ee48000,
0x0000026f7ee49800, 0x0000026f7ee4a800, 0x0000026f7ee52000, 0x0000026f7ee53800,
0x0000026f7ee8c800, 0x0000026f7f8f4800, 0x0000026f1a9bd800, 0x0000026f19fa3000,
0x0000026f1970e000, 0x0000026f7fb4b000, 0x0000026f7fb4c000, 0x0000026f7f84b000,
0x0000026f7f84b800, 0x0000026f1a288800, 0x0000026f1a289000, 0x0000026f1a6db000,
0x0000026f19abb000, 0x0000026f19aba000, 0x0000026f19ab9800, 0x0000026f19ab8800,
0x0000026f19ab7800, 0x0000026f19ab5000, 0x0000026f19ab7000, 0x0000026f19abc000,
0x0000026f1ad50800, 0x0000026f1ad56000, 0x0000026f1ad55800, 0x0000026f1ad57000,
0x0000026f1ad51800, 0x0000026f1ad58800, 0x0000026f1ad58000, 0x0000026f1ad53000,
0x0000026f1ad54000, 0x0000026f1ad5a800, 0x0000026f1ad54800, 0x0000026f1ad5d800,
0x0000026f1ad5f000, 0x0000026f1ad5c000, 0x0000026f1ad5e800, 0x0000026f1ad5b000,
0x0000026f1ad5d000, 0x0000026f19ab6000, 0x0000026f1b245800, 0x0000026f1b246800,
0x0000026f1b242000, 0x0000026f1b249000, 0x0000026f1b243000, 0x0000026f1b249800,
0x0000026f1b244000, 0x0000026f1b247000, 0x0000026f1b248000, 0x0000026f1b244800,
0x0000026f1b24d800, 0x0000026f1b250000, 0x0000026f1b24b000, 0x0000026f1b24e800,
0x0000026f1b24f800, 0x0000026f1b24c000, 0x0000026f1b24a800, 0x0000026f1b24d000,
0x0000026f1b251000, 0x0000026f1b98c000, 0x0000026f1b98f000, 0x0000026f1b990000,
0x0000026f1b98e800, 0x0000026f1b98a800, 0x0000026f1b98c800, 0x0000026f1b991000,
0x0000026f1b98d800, 0x0000026f1b98b000, 0x0000026f1b995000, 0x0000026f1b996800,
0x0000026f1b997800, 0x0000026f1b991800, 0x0000026f1b998000, 0x0000026f1b992800,
0x0000026f1b999000, 0x0000026f1b993000, 0x0000026f1d88d000, 0x0000026f1d88b000,
0x0000026f1d88d800
}

Java Threads: ( => current thread )
  0x0000026f77d70800 JavaThread "main" [_thread_blocked, id=8688, stack(0x000000b2ac100000,0x000000b2ac200000)]
  0x0000026f7ee3b000 JavaThread "Reference Handler" daemon [_thread_blocked, id=14820, stack(0x000000b2ac800000,0x000000b2ac900000)]
  0x0000026f7ee3c000 JavaThread "Finalizer" daemon [_thread_blocked, id=16388, stack(0x000000b2ac900000,0x000000b2aca00000)]
  0x0000026f7ee48000 JavaThread "Signal Dispatcher" daemon [_thread_blocked, id=16420, stack(0x000000b2aca00000,0x000000b2acb00000)]
  0x0000026f7ee49800 JavaThread "Attach Listener" daemon [_thread_blocked, id=16436, stack(0x000000b2acb00000,0x000000b2acc00000)]
  0x0000026f7ee4a800 JavaThread "Service Thread" daemon [_thread_blocked, id=16448, stack(0x000000b2acc00000,0x000000b2acd00000)]
  0x0000026f7ee52000 JavaThread "C2 CompilerThread0" daemon [_thread_blocked, id=16460, stack(0x000000b2acd00000,0x000000b2ace00000)]
  0x0000026f7ee53800 JavaThread "C1 CompilerThread0" daemon [_thread_blocked, id=16472, stack(0x000000b2ace00000,0x000000b2acf00000)]
  0x0000026f7ee8c800 JavaThread "Sweeper thread" daemon [_thread_blocked, id=16484, stack(0x000000b2acf00000,0x000000b2ad000000)]
  0x0000026f7f8f4800 JavaThread "Common-Cleaner" daemon [_thread_blocked, id=16652, stack(0x000000b2ad000000,0x000000b2ad100000)]
  0x0000026f1a9bd800 JavaThread "Daemon health stats" [_thread_blocked, id=16284, stack(0x000000b2ad400000,0x000000b2ad500000)]
  0x0000026f19fa3000 JavaThread "Incoming local TCP Connector on port 58863" [_thread_in_native, id=16240, stack(0x000000b2ad500000,0x000000b2ad600000)]
  0x0000026f1970e000 JavaThread "Daemon periodic checks" [_thread_blocked, id=14528, stack(0x000000b2ad600000,0x000000b2ad700000)]
  0x0000026f7fb4b000 JavaThread "Daemon" [_thread_blocked, id=476, stack(0x000000b2ac000000,0x000000b2ac100000)]
  0x0000026f7fb4c000 JavaThread "Handler for socket connection from /127.0.0.1:58863 to /127.0.0.1:58902" [_thread_in_native, id=8252, stack(0x000000b2ad700000,0x000000b2ad800000)]
  0x0000026f7f84b000 JavaThread "Cancel handler" [_thread_blocked, id=8532, stack(0x000000b2ad800000,0x000000b2ad900000)]
  0x0000026f7f84b800 JavaThread "Daemon worker" [_thread_blocked, id=3632, stack(0x000000b2ad900000,0x000000b2ada00000)]
  0x0000026f1a288800 JavaThread "Asynchronous log dispatcher for DefaultDaemonConnection: socket connection from /127.0.0.1:58863 to /127.0.0.1:58902" [_thread_blocked, id=1548, stack(0x000000b2ada00000,0x000000b2adb00000)]
  0x0000026f1a289000 JavaThread "Stdin handler" [_thread_blocked, id=14392, stack(0x000000b2adb00000,0x000000b2adc00000)]
  0x0000026f1a6db000 JavaThread "Daemon client event forwarder" [_thread_blocked, id=16308, stack(0x000000b2adc00000,0x000000b2add00000)]
  0x0000026f19abb000 JavaThread "Cache worker for journal cache (C:\Users\hp\.gradle\caches\journal-1)" [_thread_blocked, id=16304, stack(0x000000b2adf00000,0x000000b2ae000000)]
  0x0000026f19aba000 JavaThread "File lock request listener" [_thread_in_native, id=7232, stack(0x000000b2ae000000,0x000000b2ae100000)]
  0x0000026f19ab9800 JavaThread "Cache worker for file hash cache (C:\Users\hp\.gradle\caches\7.5.1\fileHashes)" [_thread_blocked, id=10788, stack(0x000000b2ae200000,0x000000b2ae300000)]
  0x0000026f19ab8800 JavaThread "File watcher server" daemon [_thread_in_native, id=14760, stack(0x000000b2ae400000,0x000000b2ae500000)]
  0x0000026f19ab7800 JavaThread "File watcher consumer" daemon [_thread_blocked, id=16132, stack(0x000000b2ae600000,0x000000b2ae700000)]
  0x0000026f19ab5000 JavaThread "Cache worker for checksums cache (D:\LoginSignupPage\LoginSignup\android\.gradle\7.5.1\checksums)" [_thread_blocked, id=7328, stack(0x000000b2ae700000,0x000000b2ae800000)]
  0x0000026f19ab7000 JavaThread "Cache worker for cache directory md-rule (C:\Users\hp\.gradle\caches\7.5.1\md-rule)" [_thread_blocked, id=11928, stack(0x000000b2ae800000,0x000000b2ae900000)]
  0x0000026f19abc000 JavaThread "Cache worker for file content cache (C:\Users\hp\.gradle\caches\7.5.1\fileContent)" [_thread_blocked, id=3828, stack(0x000000b2ae900000,0x000000b2aea00000)]
  0x0000026f1ad50800 JavaThread "Cache worker for file hash cache (D:\LoginSignupPage\LoginSignup\android\.gradle\7.5.1\fileHashes)" [_thread_blocked, id=16844, stack(0x000000b2aea00000,0x000000b2aeb00000)]
  0x0000026f1ad56000 JavaThread "Cache worker for cache directory md-supplier (C:\Users\hp\.gradle\caches\7.5.1\md-supplier)" [_thread_blocked, id=4188, stack(0x000000b2aeb00000,0x000000b2aec00000)]
  0x0000026f1ad55800 JavaThread "Cache worker for execution history cache (C:\Users\hp\.gradle\caches\7.5.1\executionHistory)" [_thread_blocked, id=17376, stack(0x000000b2aec00000,0x000000b2aed00000)]
  0x0000026f1ad57000 JavaThread "jar transforms" [_thread_blocked, id=11836, stack(0x000000b2abe00000,0x000000b2abf00000)]
  0x0000026f1ad51800 JavaThread "jar transforms Thread 2" [_thread_blocked, id=1484, stack(0x000000b2abf00000,0x000000b2ac000000)]
  0x0000026f1ad58800 JavaThread "jar transforms Thread 3" [_thread_blocked, id=2420, stack(0x000000b2aed00000,0x000000b2aee00000)]
  0x0000026f1ad58000 JavaThread "jar transforms Thread 4" [_thread_blocked, id=12024, stack(0x000000b2aee00000,0x000000b2aef00000)]
  0x0000026f1ad53000 JavaThread "Cache worker for kotlin-dsl (C:\Users\hp\.gradle\caches\7.5.1\kotlin-dsl)" [_thread_blocked, id=17488, stack(0x000000b2ae100000,0x000000b2ae200000)]
  0x0000026f1ad54000 JavaThread "Cache worker for dependencies-accessors (D:\LoginSignupPage\LoginSignup\android\.gradle\7.5.1\dependencies-accessors)" [_thread_blocked, id=18068, stack(0x000000b2ae500000,0x000000b2ae600000)]
  0x0000026f1ad5a800 JavaThread "Cache worker for Build Output Cleanup Cache (D:\LoginSignupPage\LoginSignup\node_modules\react-native-gradle-plugin\.gradle\buildOutputCleanup)" [_thread_blocked, id=18240, stack(0x000000b2aef00000,0x000000b2af000000)]
  0x0000026f1ad54800 JavaThread "Unconstrained build operations" [_thread_blocked, id=17576, stack(0x000000b2af000000,0x000000b2af100000)]
  0x0000026f1ad5d800 JavaThread "Unconstrained build operations Thread 2" [_thread_blocked, id=17588, stack(0x000000b2af100000,0x000000b2af200000)]
  0x0000026f1ad5f000 JavaThread "Unconstrained build operations Thread 3" [_thread_blocked, id=11744, stack(0x000000b2af200000,0x000000b2af300000)]
  0x0000026f1ad5c000 JavaThread "Unconstrained build operations Thread 4" [_thread_blocked, id=10292, stack(0x000000b2af300000,0x000000b2af400000)]
  0x0000026f1ad5e800 JavaThread "Unconstrained build operations Thread 5" [_thread_blocked, id=1664, stack(0x000000b2af400000,0x000000b2af500000)]
  0x0000026f1ad5b000 JavaThread "Unconstrained build operations Thread 6" [_thread_blocked, id=17552, stack(0x000000b2af500000,0x000000b2af600000)]
  0x0000026f1ad5d000 JavaThread "Unconstrained build operations Thread 7" [_thread_blocked, id=3168, stack(0x000000b2af600000,0x000000b2af700000)]
  0x0000026f19ab6000 JavaThread "Unconstrained build operations Thread 8" [_thread_blocked, id=17916, stack(0x000000b2af700000,0x000000b2af800000)]
  0x0000026f1b245800 JavaThread "Unconstrained build operations Thread 9" [_thread_blocked, id=16908, stack(0x000000b2af800000,0x000000b2af900000)]
  0x0000026f1b246800 JavaThread "Unconstrained build operations Thread 10" [_thread_blocked, id=13528, stack(0x000000b2af900000,0x000000b2afa00000)]
  0x0000026f1b242000 JavaThread "Unconstrained build operations Thread 11" [_thread_blocked, id=14548, stack(0x000000b2afa00000,0x000000b2afb00000)]
  0x0000026f1b249000 JavaThread "Unconstrained build operations Thread 12" [_thread_blocked, id=4148, stack(0x000000b2afb00000,0x000000b2afc00000)]
  0x0000026f1b243000 JavaThread "Unconstrained build operations Thread 13" [_thread_blocked, id=13824, stack(0x000000b2afc00000,0x000000b2afd00000)]
  0x0000026f1b249800 JavaThread "Unconstrained build operations Thread 14" [_thread_blocked, id=16980, stack(0x000000b2afd00000,0x000000b2afe00000)]
  0x0000026f1b244000 JavaThread "Unconstrained build operations Thread 15" [_thread_blocked, id=7188, stack(0x000000b2afe00000,0x000000b2aff00000)]
  0x0000026f1b247000 JavaThread "Unconstrained build operations Thread 16" [_thread_blocked, id=16532, stack(0x000000b2aff00000,0x000000b2b0000000)]
  0x0000026f1b248000 JavaThread "Unconstrained build operations Thread 17" [_thread_blocked, id=16864, stack(0x000000b2b0000000,0x000000b2b0100000)]
  0x0000026f1b244800 JavaThread "Unconstrained build operations Thread 18" [_thread_blocked, id=15664, stack(0x000000b2b0100000,0x000000b2b0200000)]
  0x0000026f1b24d800 JavaThread "Unconstrained build operations Thread 19" [_thread_blocked, id=15812, stack(0x000000b2b0200000,0x000000b2b0300000)]
  0x0000026f1b250000 JavaThread "Unconstrained build operations Thread 20" [_thread_blocked, id=11124, stack(0x000000b2b0300000,0x000000b2b0400000)]
  0x0000026f1b24b000 JavaThread "Unconstrained build operations Thread 21" [_thread_blocked, id=14944, stack(0x000000b2b0400000,0x000000b2b0500000)]
  0x0000026f1b24e800 JavaThread "Unconstrained build operations Thread 22" [_thread_blocked, id=13484, stack(0x000000b2b0500000,0x000000b2b0600000)]
  0x0000026f1b24f800 JavaThread "Unconstrained build operations Thread 23" [_thread_blocked, id=12348, stack(0x000000b2b0600000,0x000000b2b0700000)]
  0x0000026f1b24c000 JavaThread "Unconstrained build operations Thread 24" [_thread_blocked, id=17272, stack(0x000000b2b0700000,0x000000b2b0800000)]
  0x0000026f1b24a800 JavaThread "Unconstrained build operations Thread 25" [_thread_blocked, id=18072, stack(0x000000b2b0800000,0x000000b2b0900000)]
  0x0000026f1b24d000 JavaThread "Unconstrained build operations Thread 26" [_thread_blocked, id=17836, stack(0x000000b2b0900000,0x000000b2b0a00000)]
  0x0000026f1b251000 JavaThread "Unconstrained build operations Thread 27" [_thread_blocked, id=16732, stack(0x000000b2b0a00000,0x000000b2b0b00000)]
  0x0000026f1b98c000 JavaThread "Unconstrained build operations Thread 28" [_thread_blocked, id=9792, stack(0x000000b2b0b00000,0x000000b2b0c00000)]
  0x0000026f1b98f000 JavaThread "Unconstrained build operations Thread 29" [_thread_blocked, id=18112, stack(0x000000b2b0c00000,0x000000b2b0d00000)]
  0x0000026f1b990000 JavaThread "Unconstrained build operations Thread 30" [_thread_blocked, id=17424, stack(0x000000b2b0d00000,0x000000b2b0e00000)]
  0x0000026f1b98e800 JavaThread "Unconstrained build operations Thread 31" [_thread_blocked, id=11972, stack(0x000000b2b0e00000,0x000000b2b0f00000)]
  0x0000026f1b98a800 JavaThread "Unconstrained build operations Thread 32" [_thread_blocked, id=17604, stack(0x000000b2b0f00000,0x000000b2b1000000)]
  0x0000026f1b98c800 JavaThread "Unconstrained build operations Thread 33" [_thread_blocked, id=3448, stack(0x000000b2b1000000,0x000000b2b1100000)]
  0x0000026f1b991000 JavaThread "build event listener" [_thread_blocked, id=17172, stack(0x000000b2b1100000,0x000000b2b1200000)]
  0x0000026f1b98d800 JavaThread "Memory manager" [_thread_blocked, id=14004, stack(0x000000b2b1200000,0x000000b2b1300000)]
  0x0000026f1b98b000 JavaThread "Cache worker for Build Output Cleanup Cache (D:\LoginSignupPage\LoginSignup\android\.gradle\buildOutputCleanup)" [_thread_blocked, id=18284, stack(0x000000b2b1400000,0x000000b2b1500000)]
  0x0000026f1b995000 JavaThread "Execution worker" [_thread_blocked, id=5732, stack(0x000000b2b1700000,0x000000b2b1800000)]
  0x0000026f1b996800 JavaThread "Execution worker Thread 2" [_thread_blocked, id=9552, stack(0x000000b2b1800000,0x000000b2b1900000)]
  0x0000026f1b997800 JavaThread "Execution worker Thread 3" [_thread_blocked, id=7652, stack(0x000000b2b1900000,0x000000b2b1a00000)]
  0x0000026f1b991800 JavaThread "Cache worker for execution history cache (D:\LoginSignupPage\LoginSignup\node_modules\react-native-gradle-plugin\.gradle\7.5.1\executionHistory)" [_thread_blocked, id=17004, stack(0x000000b2b1a00000,0x000000b2b1b00000)]
  0x0000026f1b998000 JavaThread "Unconstrained build operations Thread 34" [_thread_blocked, id=2380, stack(0x000000b2b1b00000,0x000000b2b1c00000)]
  0x0000026f1b992800 JavaThread "Unconstrained build operations Thread 35" [_thread_blocked, id=17156, stack(0x000000b2b1c00000,0x000000b2b1d00000)]
  0x0000026f1b999000 JavaThread "Unconstrained build operations Thread 36" [_thread_blocked, id=18348, stack(0x000000b2b1d00000,0x000000b2b1e00000)]
  0x0000026f1b993000 JavaThread "Unconstrained build operations Thread 37" [_thread_blocked, id=18424, stack(0x000000b2b1e00000,0x000000b2b1f00000)]
  0x0000026f1d88d000 JavaThread "Unconstrained build operations Thread 38" [_thread_blocked, id=14080, stack(0x000000b2b1f00000,0x000000b2b2000000)]
  0x0000026f1d88b000 JavaThread "Unconstrained build operations Thread 39" [_thread_blocked, id=18360, stack(0x000000b2b2000000,0x000000b2b2100000)]
  0x0000026f1d88d800 JavaThread "Unconstrained build operations Thread 40" [_thread_blocked, id=17464, stack(0x000000b2b2100000,0x000000b2b2200000)]

Other Threads:
=>0x0000026f7ee26800 VMThread "VM Thread" [stack: 0x000000b2ac700000,0x000000b2ac800000] [id=3724]
  0x0000026f7f93a000 WatcherThread [stack: 0x000000b2ad100000,0x000000b2ad200000] [id=16680]
  0x0000026f77d82000 GCTaskThread "GC Thread#0" [stack: 0x000000b2ac200000,0x000000b2ac300000] [id=8864]
  0x0000026f19756800 GCTaskThread "GC Thread#1" [stack: 0x000000b2ad200000,0x000000b2ad300000] [id=17096]
  0x0000026f7fadf800 GCTaskThread "GC Thread#2" [stack: 0x000000b2ad300000,0x000000b2ad400000] [id=17100]
  0x0000026f19d47800 GCTaskThread "GC Thread#3" [stack: 0x000000b2add00000,0x000000b2ade00000] [id=10324]
  0x0000026f77db4800 ConcurrentGCThread "G1 Main Marker" [stack: 0x000000b2ac300000,0x000000b2ac400000] [id=3468]
  0x0000026f77db7800 ConcurrentGCThread "G1 Conc#0" [stack: 0x000000b2ac400000,0x000000b2ac500000] [id=7600]
  0x0000026f7eca0800 ConcurrentGCThread "G1 Refine#0" [stack: 0x000000b2ac500000,0x000000b2ac600000] [id=12380]
  0x0000026f19b1a800 ConcurrentGCThread "G1 Refine#1" [stack: 0x000000b2ade00000,0x000000b2adf00000] [id=9404]
  0x0000026f2004b800 ConcurrentGCThread "G1 Refine#2" [stack: 0x000000b2b1300000,0x000000b2b1400000] [id=14492]
  0x0000026f7eca1000 ConcurrentGCThread "G1 Young RemSet Sampling" [stack: 0x000000b2ac600000,0x000000b2ac700000] [id=16056]

Threads with active compile tasks:

VM state:at safepoint (normal execution)

VM Mutex/Monitor currently owned by a thread:  ([mutex/lock_event])
[0x0000026f77d6d030] Threads_lock - owner thread: 0x0000026f7ee26800
[0x0000026f77d6d4b0] Heap_lock - owner thread: 0x0000026f7f84b800

Heap address: 0x0000000080000000, size: 2048 MB, Compressed Oops mode: 32-bit
Narrow klass base: 0x0000000000000000, Narrow klass shift: 3
Compressed class space size: 528482304 Address: 0x0000000100000000

Heap:
 garbage-first heap   total 323584K, used 75831K [0x0000000080000000, 0x0000000100000000)
  region size 1024K, 1 young (1024K), 1 survivors (1024K)
 Metaspace       used 84076K, capacity 86409K, committed 86664K, reserved 591872K
  class space    used 10822K, capacity 11789K, committed 11904K, reserved 516096K
Heap Regions: E=young(eden), S=young(survivor), O=old, HS=humongous(starts), HC=humongous(continues), CS=collection set, F=free, A=archive, TAMS=top-at-mark-start (previous, next)
|   0|0x0000000080000000, 0x0000000080100000, 0x0000000080100000|100%|HS|  |TAMS 0x0000000080100000, 0x0000000080000000| Complete 
|   1|0x0000000080100000, 0x0000000080200000, 0x0000000080200000|100%|HC|  |TAMS 0x0000000080200000, 0x0000000080100000| Complete 
|   2|0x0000000080200000, 0x0000000080300000, 0x0000000080300000|100%|HC|  |TAMS 0x0000000080300000, 0x0000000080200000| Complete 
|   3|0x0000000080300000, 0x0000000080400000, 0x0000000080400000|100%| O|  |TAMS 0x0000000080400000, 0x0000000080300000| Untracked 
|   4|0x0000000080400000, 0x0000000080500000, 0x0000000080500000|100%| O|  |TAMS 0x0000000080500000, 0x0000000080400000| Untracked 
|   5|0x0000000080500000, 0x0000000080600000, 0x0000000080600000|100%| O|  |TAMS 0x0000000080600000, 0x0000000080500000| Untracked 
|   6|0x0000000080600000, 0x0000000080700000, 0x0000000080700000|100%| O|  |TAMS 0x0000000080700000, 0x0000000080600000| Untracked 
|   7|0x0000000080700000, 0x0000000080800000, 0x0000000080800000|100%| O|  |TAMS 0x0000000080800000, 0x0000000080700000| Untracked 
|   8|0x0000000080800000, 0x0000000080900000, 0x0000000080900000|100%| O|  |TAMS 0x0000000080900000, 0x0000000080800000| Untracked 
|   9|0x0000000080900000, 0x0000000080a00000, 0x0000000080a00000|100%| O|  |TAMS 0x0000000080a00000, 0x0000000080900000| Untracked 
|  10|0x0000000080a00000, 0x0000000080b00000, 0x0000000080b00000|100%| O|  |TAMS 0x0000000080b00000, 0x0000000080a00000| Untracked 
|  11|0x0000000080b00000, 0x0000000080c00000, 0x0000000080c00000|100%| O|  |TAMS 0x0000000080c00000, 0x0000000080b00000| Untracked 
|  12|0x0000000080c00000, 0x0000000080d00000, 0x0000000080d00000|100%| O|  |TAMS 0x0000000080d00000, 0x0000000080c00000| Untracked 
|  13|0x0000000080d00000, 0x0000000080e00000, 0x0000000080e00000|100%| O|  |TAMS 0x0000000080e00000, 0x0000000080d00000| Untracked 
|  14|0x0000000080e00000, 0x0000000080f00000, 0x0000000080f00000|100%| O|  |TAMS 0x0000000080f00000, 0x0000000080e00000| Untracked 
|  15|0x0000000080f00000, 0x0000000081000000, 0x0000000081000000|100%| O|  |TAMS 0x0000000081000000, 0x0000000080f00000| Untracked 
|  16|0x0000000081000000, 0x0000000081100000, 0x0000000081100000|100%| O|  |TAMS 0x0000000081100000, 0x0000000081000000| Untracked 
|  17|0x0000000081100000, 0x0000000081200000, 0x0000000081200000|100%| O|  |TAMS 0x0000000081200000, 0x0000000081100000| Untracked 
|  18|0x0000000081200000, 0x0000000081300000, 0x0000000081300000|100%| O|  |TAMS 0x0000000081300000, 0x0000000081200000| Untracked 
|  19|0x0000000081300000, 0x0000000081400000, 0x0000000081400000|100%| O|  |TAMS 0x0000000081400000, 0x0000000081300000| Untracked 
|  20|0x0000000081400000, 0x0000000081500000, 0x0000000081500000|100%| O|  |TAMS 0x0000000081500000, 0x0000000081400000| Untracked 
|  21|0x0000000081500000, 0x0000000081600000, 0x0000000081600000|100%| O|  |TAMS 0x0000000081600000, 0x0000000081500000| Untracked 
|  22|0x0000000081600000, 0x0000000081700000, 0x0000000081700000|100%| O|  |TAMS 0x0000000081700000, 0x0000000081600000| Untracked 
|  23|0x0000000081700000, 0x0000000081800000, 0x0000000081800000|100%| O|  |TAMS 0x0000000081800000, 0x0000000081700000| Untracked 
|  24|0x0000000081800000, 0x0000000081900000, 0x0000000081900000|100%| O|  |TAMS 0x0000000081900000, 0x0000000081800000| Untracked 
|  25|0x0000000081900000, 0x0000000081a00000, 0x0000000081a00000|100%| O|  |TAMS 0x0000000081a00000, 0x0000000081900000| Untracked 
|  26|0x0000000081a00000, 0x0000000081b00000, 0x0000000081b00000|100%| O|  |TAMS 0x0000000081b00000, 0x0000000081a00000| Untracked 
|  27|0x0000000081b00000, 0x0000000081c00000, 0x0000000081c00000|100%| O|  |TAMS 0x0000000081c00000, 0x0000000081b00000| Untracked 
|  28|0x0000000081c00000, 0x0000000081d00000, 0x0000000081d00000|100%| O|  |TAMS 0x0000000081d00000, 0x0000000081c00000| Untracked 
|  29|0x0000000081d00000, 0x0000000081e00000, 0x0000000081e00000|100%| O|  |TAMS 0x0000000081e00000, 0x0000000081d00000| Untracked 
|  30|0x0000000081e00000, 0x0000000081f00000, 0x0000000081f00000|100%|HS|  |TAMS 0x0000000081f00000, 0x0000000081e00000| Complete 
|  31|0x0000000081f00000, 0x0000000082000000, 0x0000000082000000|100%|HS|  |TAMS 0x0000000082000000, 0x0000000081f00000| Complete 
|  32|0x0000000082000000, 0x0000000082100000, 0x0000000082100000|100%|HC|  |TAMS 0x0000000082100000, 0x0000000082000000| Complete 
|  33|0x0000000082100000, 0x0000000082200000, 0x0000000082200000|100%|HC|  |TAMS 0x0000000082200000, 0x0000000082100000| Complete 
|  34|0x0000000082200000, 0x0000000082300000, 0x0000000082300000|100%| O|  |TAMS 0x0000000082300000, 0x0000000082200000| Untracked 
|  35|0x0000000082300000, 0x0000000082400000, 0x0000000082400000|100%| O|  |TAMS 0x0000000082400000, 0x0000000082300000| Untracked 
|  36|0x0000000082400000, 0x0000000082500000, 0x0000000082500000|100%| O|  |TAMS 0x0000000082500000, 0x0000000082400000| Untracked 
|  37|0x0000000082500000, 0x0000000082600000, 0x0000000082600000|100%| O|  |TAMS 0x0000000082600000, 0x0000000082500000| Untracked 
|  38|0x0000000082600000, 0x0000000082700000, 0x0000000082700000|100%| O|  |TAMS 0x00000000826d2200, 0x0000000082600000| Untracked 
|  39|0x0000000082700000, 0x0000000082800000, 0x0000000082800000|100%| O|  |TAMS 0x0000000082700000, 0x0000000082700000| Untracked 
|  40|0x0000000082800000, 0x0000000082900000, 0x0000000082900000|100%| O|  |TAMS 0x0000000082800000, 0x0000000082800000| Untracked 
|  41|0x0000000082900000, 0x0000000082a00000, 0x0000000082a00000|100%| O|  |TAMS 0x0000000082900000, 0x0000000082900000| Untracked 
|  42|0x0000000082a00000, 0x0000000082b00000, 0x0000000082b00000|100%| O|  |TAMS 0x0000000082a00000, 0x0000000082a00000| Untracked 
|  43|0x0000000082b00000, 0x0000000082c00000, 0x0000000082c00000|100%| O|  |TAMS 0x0000000082b00000, 0x0000000082b00000| Untracked 
|  44|0x0000000082c00000, 0x0000000082d00000, 0x0000000082d00000|100%| O|  |TAMS 0x0000000082c00000, 0x0000000082c00000| Untracked 
|  45|0x0000000082d00000, 0x0000000082e00000, 0x0000000082e00000|100%| O|  |TAMS 0x0000000082d00000, 0x0000000082d00000| Untracked 
|  46|0x0000000082e00000, 0x0000000082f00000, 0x0000000082f00000|100%| O|  |TAMS 0x0000000082e00000, 0x0000000082e00000| Untracked 
|  47|0x0000000082f00000, 0x0000000083000000, 0x0000000083000000|100%| O|  |TAMS 0x0000000082f00000, 0x0000000082f00000| Untracked 
|  48|0x0000000083000000, 0x0000000083100000, 0x0000000083100000|100%| O|  |TAMS 0x0000000083000000, 0x0000000083000000| Untracked 
|  49|0x0000000083100000, 0x0000000083200000, 0x0000000083200000|100%| O|  |TAMS 0x0000000083100000, 0x0000000083100000| Untracked 
|  50|0x0000000083200000, 0x0000000083300000, 0x0000000083300000|100%| O|  |TAMS 0x0000000083200000, 0x0000000083200000| Untracked 
|  51|0x0000000083300000, 0x0000000083400000, 0x0000000083400000|100%|HS|  |TAMS 0x0000000083300000, 0x0000000083300000| Complete 
|  52|0x0000000083400000, 0x0000000083500000, 0x0000000083500000|100%|HS|  |TAMS 0x0000000083400000, 0x0000000083400000| Complete 
|  53|0x0000000083500000, 0x0000000083600000, 0x0000000083600000|100%| O|  |TAMS 0x0000000083500000, 0x0000000083500000| Untracked 
|  54|0x0000000083600000, 0x0000000083700000, 0x0000000083700000|100%| O|  |TAMS 0x0000000083600000, 0x0000000083600000| Untracked 
|  55|0x0000000083700000, 0x0000000083800000, 0x0000000083800000|100%| O|  |TAMS 0x0000000083700000, 0x0000000083700000| Untracked 
|  56|0x0000000083800000, 0x0000000083900000, 0x0000000083900000|100%| O|  |TAMS 0x0000000083800000, 0x0000000083800000| Untracked 
|  57|0x0000000083900000, 0x0000000083a00000, 0x0000000083a00000|100%|HS|  |TAMS 0x0000000083900000, 0x0000000083900000| Complete 
|  58|0x0000000083a00000, 0x0000000083b00000, 0x0000000083b00000|100%|HC|  |TAMS 0x0000000083a00000, 0x0000000083a00000| Complete 
|  59|0x0000000083b00000, 0x0000000083c00000, 0x0000000083c00000|100%| O|  |TAMS 0x0000000083b00000, 0x0000000083b00000| Untracked 
|  60|0x0000000083c00000, 0x0000000083d00000, 0x0000000083d00000|100%| O|  |TAMS 0x0000000083c00000, 0x0000000083c00000| Untracked 
|  61|0x0000000083d00000, 0x0000000083e00000, 0x0000000083e00000|100%|HS|  |TAMS 0x0000000083d00000, 0x0000000083d00000| Complete 
|  62|0x0000000083e00000, 0x0000000083f00000, 0x0000000083f00000|100%| O|  |TAMS 0x0000000083e00000, 0x0000000083e00000| Untracked 
|  63|0x0000000083f00000, 0x0000000084000000, 0x0000000084000000|100%|HS|  |TAMS 0x0000000083f00000, 0x0000000083f00000| Complete 
|  64|0x0000000084000000, 0x0000000084100000, 0x0000000084100000|100%|HS|  |TAMS 0x0000000084000000, 0x0000000084000000| Complete 
|  65|0x0000000084100000, 0x0000000084200000, 0x0000000084200000|100%|HS|  |TAMS 0x0000000084100000, 0x0000000084100000| Complete 
|  66|0x0000000084200000, 0x0000000084300000, 0x0000000084300000|100%| O|  |TAMS 0x0000000084200000, 0x0000000084200000| Untracked 
|  67|0x0000000084300000, 0x0000000084400000, 0x0000000084400000|100%| O|  |TAMS 0x0000000084300000, 0x0000000084300000| Untracked 
|  68|0x0000000084400000, 0x0000000084500000, 0x0000000084500000|100%| O|  |TAMS 0x0000000084400000, 0x0000000084400000| Untracked 
|  69|0x0000000084500000, 0x0000000084600000, 0x0000000084600000|100%| O|  |TAMS 0x0000000084500000, 0x0000000084500000| Untracked 
|  70|0x0000000084600000, 0x0000000084700000, 0x0000000084700000|100%| O|  |TAMS 0x0000000084600000, 0x0000000084600000| Untracked 
|  71|0x0000000084700000, 0x0000000084800000, 0x0000000084800000|100%| O|  |TAMS 0x0000000084700000, 0x0000000084700000| Untracked 
|  72|0x0000000084800000, 0x0000000084900000, 0x0000000084900000|100%| O|  |TAMS 0x0000000084800000, 0x0000000084800000| Untracked 
|  73|0x0000000084900000, 0x00000000849acc00, 0x0000000084a00000| 67%| O|  |TAMS 0x0000000084900000, 0x0000000084900000| Untracked 
|  74|0x0000000084a00000, 0x0000000084a00000, 0x0000000084b00000|  0%| F|  |TAMS 0x0000000084a00000, 0x0000000084a00000| Untracked 
|  75|0x0000000084b00000, 0x0000000084b00000, 0x0000000084c00000|  0%| F|  |TAMS 0x0000000084b00000, 0x0000000084b00000| Untracked 
|  76|0x0000000084c00000, 0x0000000084c00000, 0x0000000084d00000|  0%| F|  |TAMS 0x0000000084c00000, 0x0000000084c00000| Untracked 
|  77|0x0000000084d00000, 0x0000000084d00000, 0x0000000084e00000|  0%| F|  |TAMS 0x0000000084d00000, 0x0000000084d00000| Untracked 
|  78|0x0000000084e00000, 0x0000000084e00000, 0x0000000084f00000|  0%| F|  |TAMS 0x0000000084e00000, 0x0000000084e00000| Untracked 
|  79|0x0000000084f00000, 0x0000000084f00000, 0x0000000085000000|  0%| F|  |TAMS 0x0000000084f00000, 0x0000000084f00000| Untracked 
|  80|0x0000000085000000, 0x0000000085000000, 0x0000000085100000|  0%| F|  |TAMS 0x0000000085000000, 0x0000000085000000| Untracked 
|  81|0x0000000085100000, 0x0000000085100000, 0x0000000085200000|  0%| F|  |TAMS 0x0000000085100000, 0x0000000085100000| Untracked 
|  82|0x0000000085200000, 0x0000000085200000, 0x0000000085300000|  0%| F|  |TAMS 0x0000000085200000, 0x0000000085200000| Untracked 
|  83|0x0000000085300000, 0x0000000085300000, 0x0000000085400000|  0%| F|  |TAMS 0x0000000085300000, 0x0000000085300000| Untracked 
|  84|0x0000000085400000, 0x0000000085400000, 0x0000000085500000|  0%| F|  |TAMS 0x0000000085400000, 0x0000000085400000| Untracked 
|  85|0x0000000085500000, 0x0000000085500000, 0x0000000085600000|  0%| F|  |TAMS 0x0000000085500000, 0x0000000085500000| Untracked 
|  86|0x0000000085600000, 0x0000000085600000, 0x0000000085700000|  0%| F|  |TAMS 0x0000000085600000, 0x0000000085600000| Untracked 
|  87|0x0000000085700000, 0x0000000085700000, 0x0000000085800000|  0%| F|  |TAMS 0x0000000085700000, 0x0000000085700000| Untracked 
|  88|0x0000000085800000, 0x0000000085800000, 0x0000000085900000|  0%| F|  |TAMS 0x0000000085800000, 0x0000000085800000| Untracked 
|  89|0x0000000085900000, 0x0000000085900000, 0x0000000085a00000|  0%| F|  |TAMS 0x0000000085900000, 0x0000000085900000| Untracked 
|  90|0x0000000085a00000, 0x0000000085a00000, 0x0000000085b00000|  0%| F|  |TAMS 0x0000000085a00000, 0x0000000085a00000| Untracked 
|  91|0x0000000085b00000, 0x0000000085b00000, 0x0000000085c00000|  0%| F|  |TAMS 0x0000000085b00000, 0x0000000085b00000| Untracked 
|  92|0x0000000085c00000, 0x0000000085c00000, 0x0000000085d00000|  0%| F|  |TAMS 0x0000000085c00000, 0x0000000085c00000| Untracked 
|  93|0x0000000085d00000, 0x0000000085d00000, 0x0000000085e00000|  0%| F|  |TAMS 0x0000000085d00000, 0x0000000085d00000| Untracked 
|  94|0x0000000085e00000, 0x0000000085e00000, 0x0000000085f00000|  0%| F|  |TAMS 0x0000000085e00000, 0x0000000085e00000| Untracked 
|  95|0x0000000085f00000, 0x0000000085f00000, 0x0000000086000000|  0%| F|  |TAMS 0x0000000085f00000, 0x0000000085f00000| Untracked 
|  96|0x0000000086000000, 0x0000000086000000, 0x0000000086100000|  0%| F|  |TAMS 0x0000000086000000, 0x0000000086000000| Untracked 
|  97|0x0000000086100000, 0x0000000086100000, 0x0000000086200000|  0%| F|  |TAMS 0x0000000086100000, 0x0000000086100000| Untracked 
|  98|0x0000000086200000, 0x0000000086200000, 0x0000000086300000|  0%| F|  |TAMS 0x0000000086200000, 0x0000000086200000| Untracked 
|  99|0x0000000086300000, 0x0000000086300000, 0x0000000086400000|  0%| F|  |TAMS 0x0000000086300000, 0x0000000086300000| Untracked 
| 100|0x0000000086400000, 0x0000000086400000, 0x0000000086500000|  0%| F|  |TAMS 0x0000000086400000, 0x0000000086400000| Untracked 
| 101|0x0000000086500000, 0x0000000086500000, 0x0000000086600000|  0%| F|  |TAMS 0x0000000086500000, 0x0000000086500000| Untracked 
| 102|0x0000000086600000, 0x0000000086600000, 0x0000000086700000|  0%| F|  |TAMS 0x0000000086600000, 0x0000000086600000| Untracked 
| 103|0x0000000086700000, 0x0000000086700000, 0x0000000086800000|  0%| F|  |TAMS 0x0000000086700000, 0x0000000086700000| Untracked 
| 104|0x0000000086800000, 0x0000000086800000, 0x0000000086900000|  0%| F|  |TAMS 0x0000000086800000, 0x0000000086800000| Untracked 
| 105|0x0000000086900000, 0x0000000086900000, 0x0000000086a00000|  0%| F|  |TAMS 0x0000000086900000, 0x0000000086900000| Untracked 
| 106|0x0000000086a00000, 0x0000000086a00000, 0x0000000086b00000|  0%| F|  |TAMS 0x0000000086a00000, 0x0000000086a00000| Untracked 
| 107|0x0000000086b00000, 0x0000000086b00000, 0x0000000086c00000|  0%| F|  |TAMS 0x0000000086b00000, 0x0000000086b00000| Untracked 
| 108|0x0000000086c00000, 0x0000000086c00000, 0x0000000086d00000|  0%| F|  |TAMS 0x0000000086c00000, 0x0000000086c00000| Untracked 
| 109|0x0000000086d00000, 0x0000000086d00000, 0x0000000086e00000|  0%| F|  |TAMS 0x0000000086d00000, 0x0000000086d00000| Untracked 
| 110|0x0000000086e00000, 0x0000000086e00000, 0x0000000086f00000|  0%| F|  |TAMS 0x0000000086e00000, 0x0000000086e00000| Untracked 
| 111|0x0000000086f00000, 0x0000000086f00000, 0x0000000087000000|  0%| F|  |TAMS 0x0000000086f00000, 0x0000000086f00000| Untracked 
| 112|0x0000000087000000, 0x0000000087000000, 0x0000000087100000|  0%| F|  |TAMS 0x0000000087000000, 0x0000000087000000| Untracked 
| 113|0x0000000087100000, 0x0000000087100000, 0x0000000087200000|  0%| F|  |TAMS 0x0000000087100000, 0x0000000087100000| Untracked 
| 114|0x0000000087200000, 0x0000000087200000, 0x0000000087300000|  0%| F|  |TAMS 0x0000000087200000, 0x0000000087200000| Untracked 
| 115|0x0000000087300000, 0x0000000087300000, 0x0000000087400000|  0%| F|  |TAMS 0x0000000087300000, 0x0000000087300000| Untracked 
| 116|0x0000000087400000, 0x0000000087400000, 0x0000000087500000|  0%| F|  |TAMS 0x0000000087400000, 0x0000000087400000| Untracked 
| 117|0x0000000087500000, 0x0000000087500000, 0x0000000087600000|  0%| F|  |TAMS 0x0000000087500000, 0x0000000087500000| Untracked 
| 118|0x0000000087600000, 0x0000000087600000, 0x0000000087700000|  0%| F|  |TAMS 0x0000000087600000, 0x0000000087600000| Untracked 
| 119|0x0000000087700000, 0x0000000087700000, 0x0000000087800000|  0%| F|  |TAMS 0x0000000087700000, 0x0000000087700000| Untracked 
| 120|0x0000000087800000, 0x0000000087800000, 0x0000000087900000|  0%| F|  |TAMS 0x0000000087800000, 0x0000000087800000| Untracked 
| 121|0x0000000087900000, 0x0000000087900000, 0x0000000087a00000|  0%| F|  |TAMS 0x0000000087900000, 0x0000000087900000| Untracked 
| 122|0x0000000087a00000, 0x0000000087a00000, 0x0000000087b00000|  0%| F|  |TAMS 0x0000000087a00000, 0x0000000087a00000| Untracked 
| 123|0x0000000087b00000, 0x0000000087b00000, 0x0000000087c00000|  0%| F|  |TAMS 0x0000000087b00000, 0x0000000087b00000| Untracked 
| 124|0x0000000087c00000, 0x0000000087c00000, 0x0000000087d00000|  0%| F|  |TAMS 0x0000000087c00000, 0x0000000087c00000| Untracked 
| 125|0x0000000087d00000, 0x0000000087d00000, 0x0000000087e00000|  0%| F|  |TAMS 0x0000000087d00000, 0x0000000087d00000| Untracked 
| 126|0x0000000087e00000, 0x0000000087e00000, 0x0000000087f00000|  0%| F|  |TAMS 0x0000000087e00000, 0x0000000087e00000| Untracked 
| 127|0x0000000087f00000, 0x0000000087f00000, 0x0000000088000000|  0%| F|  |TAMS 0x0000000087f00000, 0x0000000087f00000| Untracked 
| 128|0x0000000088000000, 0x0000000088000000, 0x0000000088100000|  0%| F|  |TAMS 0x0000000088000000, 0x0000000088000000| Untracked 
| 129|0x0000000088100000, 0x0000000088100000, 0x0000000088200000|  0%| F|  |TAMS 0x0000000088100000, 0x0000000088100000| Untracked 
| 130|0x0000000088200000, 0x0000000088200000, 0x0000000088300000|  0%| F|  |TAMS 0x0000000088200000, 0x0000000088200000| Untracked 
| 131|0x0000000088300000, 0x0000000088300000, 0x0000000088400000|  0%| F|  |TAMS 0x0000000088300000, 0x0000000088300000| Untracked 
| 132|0x0000000088400000, 0x0000000088400000, 0x0000000088500000|  0%| F|  |TAMS 0x0000000088400000, 0x0000000088400000| Untracked 
| 133|0x0000000088500000, 0x0000000088500000, 0x0000000088600000|  0%| F|  |TAMS 0x0000000088500000, 0x0000000088500000| Untracked 
| 134|0x0000000088600000, 0x0000000088600000, 0x0000000088700000|  0%| F|  |TAMS 0x0000000088600000, 0x0000000088600000| Untracked 
| 135|0x0000000088700000, 0x0000000088700000, 0x0000000088800000|  0%| F|  |TAMS 0x0000000088700000, 0x0000000088700000| Untracked 
| 136|0x0000000088800000, 0x0000000088800000, 0x0000000088900000|  0%| F|  |TAMS 0x0000000088800000, 0x0000000088800000| Untracked 
| 137|0x0000000088900000, 0x0000000088900000, 0x0000000088a00000|  0%| F|  |TAMS 0x0000000088900000, 0x0000000088900000| Untracked 
| 138|0x0000000088a00000, 0x0000000088a00000, 0x0000000088b00000|  0%| F|  |TAMS 0x0000000088a00000, 0x0000000088a00000| Untracked 
| 139|0x0000000088b00000, 0x0000000088b00000, 0x0000000088c00000|  0%| F|  |TAMS 0x0000000088b00000, 0x0000000088b00000| Untracked 
| 140|0x0000000088c00000, 0x0000000088c00000, 0x0000000088d00000|  0%| F|  |TAMS 0x0000000088c00000, 0x0000000088c00000| Untracked 
| 141|0x0000000088d00000, 0x0000000088d00000, 0x0000000088e00000|  0%| F|  |TAMS 0x0000000088d00000, 0x0000000088d00000| Untracked 
| 142|0x0000000088e00000, 0x0000000088e00000, 0x0000000088f00000|  0%| F|  |TAMS 0x0000000088e00000, 0x0000000088e00000| Untracked 
| 143|0x0000000088f00000, 0x0000000088f00000, 0x0000000089000000|  0%| F|  |TAMS 0x0000000088f00000, 0x0000000088f00000| Untracked 
| 144|0x0000000089000000, 0x0000000089000000, 0x0000000089100000|  0%| F|  |TAMS 0x0000000089000000, 0x0000000089000000| Untracked 
| 145|0x0000000089100000, 0x0000000089100000, 0x0000000089200000|  0%| F|  |TAMS 0x0000000089100000, 0x0000000089100000| Untracked 
| 146|0x0000000089200000, 0x0000000089200000, 0x0000000089300000|  0%| F|  |TAMS 0x0000000089200000, 0x0000000089200000| Untracked 
| 147|0x0000000089300000, 0x0000000089300000, 0x0000000089400000|  0%| F|  |TAMS 0x0000000089300000, 0x0000000089300000| Untracked 
| 148|0x0000000089400000, 0x0000000089400000, 0x0000000089500000|  0%| F|  |TAMS 0x0000000089400000, 0x0000000089400000| Untracked 
| 149|0x0000000089500000, 0x0000000089500000, 0x0000000089600000|  0%| F|  |TAMS 0x0000000089500000, 0x0000000089500000| Untracked 
| 150|0x0000000089600000, 0x0000000089600000, 0x0000000089700000|  0%| F|  |TAMS 0x0000000089600000, 0x0000000089600000| Untracked 
| 151|0x0000000089700000, 0x0000000089700000, 0x0000000089800000|  0%| F|  |TAMS 0x0000000089700000, 0x0000000089700000| Untracked 
| 152|0x0000000089800000, 0x0000000089800000, 0x0000000089900000|  0%| F|  |TAMS 0x0000000089800000, 0x0000000089800000| Untracked 
| 153|0x0000000089900000, 0x0000000089900000, 0x0000000089a00000|  0%| F|  |TAMS 0x0000000089900000, 0x0000000089900000| Untracked 
| 154|0x0000000089a00000, 0x0000000089a00000, 0x0000000089b00000|  0%| F|  |TAMS 0x0000000089a00000, 0x0000000089a00000| Untracked 
| 155|0x0000000089b00000, 0x0000000089b00000, 0x0000000089c00000|  0%| F|  |TAMS 0x0000000089b00000, 0x0000000089b00000| Untracked 
| 156|0x0000000089c00000, 0x0000000089c00000, 0x0000000089d00000|  0%| F|  |TAMS 0x0000000089c00000, 0x0000000089c00000| Untracked 
| 157|0x0000000089d00000, 0x0000000089d00000, 0x0000000089e00000|  0%| F|  |TAMS 0x0000000089d00000, 0x0000000089d00000| Untracked 
| 158|0x0000000089e00000, 0x0000000089e00000, 0x0000000089f00000|  0%| F|  |TAMS 0x0000000089e00000, 0x0000000089e00000| Untracked 
| 159|0x0000000089f00000, 0x0000000089f00000, 0x000000008a000000|  0%| F|  |TAMS 0x0000000089f00000, 0x0000000089f00000| Untracked 
| 160|0x000000008a000000, 0x000000008a000000, 0x000000008a100000|  0%| F|  |TAMS 0x000000008a000000, 0x000000008a000000| Untracked 
| 161|0x000000008a100000, 0x000000008a100000, 0x000000008a200000|  0%| F|  |TAMS 0x000000008a100000, 0x000000008a100000| Untracked 
| 162|0x000000008a200000, 0x000000008a200000, 0x000000008a300000|  0%| F|  |TAMS 0x000000008a200000, 0x000000008a200000| Untracked 
| 163|0x000000008a300000, 0x000000008a300000, 0x000000008a400000|  0%| F|  |TAMS 0x000000008a300000, 0x000000008a300000| Untracked 
| 164|0x000000008a400000, 0x000000008a400000, 0x000000008a500000|  0%| F|  |TAMS 0x000000008a400000, 0x000000008a400000| Untracked 
| 165|0x000000008a500000, 0x000000008a500000, 0x000000008a600000|  0%| F|  |TAMS 0x000000008a500000, 0x000000008a500000| Untracked 
| 166|0x000000008a600000, 0x000000008a600000, 0x000000008a700000|  0%| F|  |TAMS 0x000000008a600000, 0x000000008a600000| Untracked 
| 167|0x000000008a700000, 0x000000008a700000, 0x000000008a800000|  0%| F|  |TAMS 0x000000008a700000, 0x000000008a700000| Untracked 
| 168|0x000000008a800000, 0x000000008a800000, 0x000000008a900000|  0%| F|  |TAMS 0x000000008a800000, 0x000000008a800000| Untracked 
| 169|0x000000008a900000, 0x000000008a900000, 0x000000008aa00000|  0%| F|  |TAMS 0x000000008a900000, 0x000000008a900000| Untracked 
| 170|0x000000008aa00000, 0x000000008aa00000, 0x000000008ab00000|  0%| F|  |TAMS 0x000000008aa00000, 0x000000008aa00000| Untracked 
| 171|0x000000008ab00000, 0x000000008ab00000, 0x000000008ac00000|  0%| F|  |TAMS 0x000000008ab00000, 0x000000008ab00000| Untracked 
| 172|0x000000008ac00000, 0x000000008ac00000, 0x000000008ad00000|  0%| F|  |TAMS 0x000000008ac00000, 0x000000008ac00000| Untracked 
| 173|0x000000008ad00000, 0x000000008ad00000, 0x000000008ae00000|  0%| F|  |TAMS 0x000000008ad00000, 0x000000008ad00000| Untracked 
| 174|0x000000008ae00000, 0x000000008ae00000, 0x000000008af00000|  0%| F|  |TAMS 0x000000008ae00000, 0x000000008ae00000| Untracked 
| 175|0x000000008af00000, 0x000000008af00000, 0x000000008b000000|  0%| F|  |TAMS 0x000000008af00000, 0x000000008af00000| Untracked 
| 176|0x000000008b000000, 0x000000008b000000, 0x000000008b100000|  0%| F|  |TAMS 0x000000008b000000, 0x000000008b000000| Untracked 
| 177|0x000000008b100000, 0x000000008b100000, 0x000000008b200000|  0%| F|  |TAMS 0x000000008b100000, 0x000000008b100000| Untracked 
| 178|0x000000008b200000, 0x000000008b200000, 0x000000008b300000|  0%| F|  |TAMS 0x000000008b200000, 0x000000008b200000| Untracked 
| 179|0x000000008b300000, 0x000000008b300000, 0x000000008b400000|  0%| F|  |TAMS 0x000000008b300000, 0x000000008b300000| Untracked 
| 180|0x000000008b400000, 0x000000008b400000, 0x000000008b500000|  0%| F|  |TAMS 0x000000008b400000, 0x000000008b400000| Untracked 
| 181|0x000000008b500000, 0x000000008b500000, 0x000000008b600000|  0%| F|  |TAMS 0x000000008b500000, 0x000000008b500000| Untracked 
| 182|0x000000008b600000, 0x000000008b600000, 0x000000008b700000|  0%| F|  |TAMS 0x000000008b600000, 0x000000008b600000| Untracked 
| 183|0x000000008b700000, 0x000000008b700000, 0x000000008b800000|  0%| F|  |TAMS 0x000000008b700000, 0x000000008b700000| Untracked 
| 184|0x000000008b800000, 0x000000008b800000, 0x000000008b900000|  0%| F|  |TAMS 0x000000008b800000, 0x000000008b800000| Untracked 
| 185|0x000000008b900000, 0x000000008b900000, 0x000000008ba00000|  0%| F|  |TAMS 0x000000008b900000, 0x000000008b900000| Untracked 
| 186|0x000000008ba00000, 0x000000008ba00000, 0x000000008bb00000|  0%| F|  |TAMS 0x000000008ba00000, 0x000000008ba00000| Untracked 
| 187|0x000000008bb00000, 0x000000008bb00000, 0x000000008bc00000|  0%| F|  |TAMS 0x000000008bb00000, 0x000000008bb00000| Untracked 
| 188|0x000000008bc00000, 0x000000008bc00000, 0x000000008bd00000|  0%| F|  |TAMS 0x000000008bc00000, 0x000000008bc00000| Untracked 
| 189|0x000000008bd00000, 0x000000008bd00000, 0x000000008be00000|  0%| F|  |TAMS 0x000000008bd00000, 0x000000008bd00000| Untracked 
| 190|0x000000008be00000, 0x000000008be00000, 0x000000008bf00000|  0%| F|  |TAMS 0x000000008be00000, 0x000000008be00000| Untracked 
| 191|0x000000008bf00000, 0x000000008bf00000, 0x000000008c000000|  0%| F|  |TAMS 0x000000008bf00000, 0x000000008bf00000| Untracked 
| 192|0x000000008c000000, 0x000000008c000000, 0x000000008c100000|  0%| F|  |TAMS 0x000000008c000000, 0x000000008c000000| Untracked 
| 193|0x000000008c100000, 0x000000008c100000, 0x000000008c200000|  0%| F|  |TAMS 0x000000008c100000, 0x000000008c100000| Untracked 
| 194|0x000000008c200000, 0x000000008c200000, 0x000000008c300000|  0%| F|  |TAMS 0x000000008c200000, 0x000000008c200000| Untracked 
| 195|0x000000008c300000, 0x000000008c300000, 0x000000008c400000|  0%| F|  |TAMS 0x000000008c300000, 0x000000008c300000| Untracked 
| 196|0x000000008c400000, 0x000000008c400000, 0x000000008c500000|  0%| F|  |TAMS 0x000000008c400000, 0x000000008c400000| Untracked 
| 197|0x000000008c500000, 0x000000008c500000, 0x000000008c600000|  0%| F|  |TAMS 0x000000008c500000, 0x000000008c500000| Untracked 
| 198|0x000000008c600000, 0x000000008c600000, 0x000000008c700000|  0%| F|  |TAMS 0x000000008c600000, 0x000000008c600000| Untracked 
| 199|0x000000008c700000, 0x000000008c700000, 0x000000008c800000|  0%| F|  |TAMS 0x000000008c700000, 0x000000008c700000| Untracked 
| 200|0x000000008c800000, 0x000000008c800000, 0x000000008c900000|  0%| F|  |TAMS 0x000000008c800000, 0x000000008c800000| Untracked 
| 201|0x000000008c900000, 0x000000008c900000, 0x000000008ca00000|  0%| F|  |TAMS 0x000000008c900000, 0x000000008c900000| Untracked 
| 202|0x000000008ca00000, 0x000000008ca00000, 0x000000008cb00000|  0%| F|  |TAMS 0x000000008ca00000, 0x000000008ca00000| Untracked 
| 203|0x000000008cb00000, 0x000000008cb00000, 0x000000008cc00000|  0%| F|  |TAMS 0x000000008cb00000, 0x000000008cb00000| Untracked 
| 204|0x000000008cc00000, 0x000000008cc00000, 0x000000008cd00000|  0%| F|  |TAMS 0x000000008cc00000, 0x000000008cc00000| Untracked 
| 205|0x000000008cd00000, 0x000000008cd00000, 0x000000008ce00000|  0%| F|  |TAMS 0x000000008cd00000, 0x000000008cd00000| Untracked 
| 206|0x000000008ce00000, 0x000000008ce00000, 0x000000008cf00000|  0%| F|  |TAMS 0x000000008ce00000, 0x000000008ce00000| Untracked 
| 207|0x000000008cf00000, 0x000000008cf00000, 0x000000008d000000|  0%| F|  |TAMS 0x000000008cf00000, 0x000000008cf00000| Untracked 
| 208|0x000000008d000000, 0x000000008d000000, 0x000000008d100000|  0%| F|  |TAMS 0x000000008d000000, 0x000000008d000000| Untracked 
| 209|0x000000008d100000, 0x000000008d100000, 0x000000008d200000|  0%| F|  |TAMS 0x000000008d100000, 0x000000008d100000| Untracked 
| 210|0x000000008d200000, 0x000000008d200000, 0x000000008d300000|  0%| F|  |TAMS 0x000000008d200000, 0x000000008d200000| Untracked 
| 211|0x000000008d300000, 0x000000008d300000, 0x000000008d400000|  0%| F|  |TAMS 0x000000008d300000, 0x000000008d300000| Untracked 
| 212|0x000000008d400000, 0x000000008d400000, 0x000000008d500000|  0%| F|  |TAMS 0x000000008d400000, 0x000000008d400000| Untracked 
| 213|0x000000008d500000, 0x000000008d500000, 0x000000008d600000|  0%| F|  |TAMS 0x000000008d500000, 0x000000008d500000| Untracked 
| 214|0x000000008d600000, 0x000000008d600000, 0x000000008d700000|  0%| F|  |TAMS 0x000000008d600000, 0x000000008d600000| Untracked 
| 215|0x000000008d700000, 0x000000008d700000, 0x000000008d800000|  0%| F|  |TAMS 0x000000008d700000, 0x000000008d700000| Untracked 
| 216|0x000000008d800000, 0x000000008d800000, 0x000000008d900000|  0%| F|  |TAMS 0x000000008d800000, 0x000000008d800000| Untracked 
| 217|0x000000008d900000, 0x000000008d900000, 0x000000008da00000|  0%| F|  |TAMS 0x000000008d900000, 0x000000008d900000| Untracked 
| 218|0x000000008da00000, 0x000000008da00000, 0x000000008db00000|  0%| F|  |TAMS 0x000000008da00000, 0x000000008da00000| Untracked 
| 219|0x000000008db00000, 0x000000008db00000, 0x000000008dc00000|  0%| F|  |TAMS 0x000000008db00000, 0x000000008db00000| Untracked 
| 220|0x000000008dc00000, 0x000000008dc61328, 0x000000008dd00000| 37%| S|CS|TAMS 0x000000008dc00000, 0x000000008dc00000| Complete 
| 221|0x000000008dd00000, 0x000000008dd00000, 0x000000008de00000|  0%| F|  |TAMS 0x000000008dd00000, 0x000000008dd00000| Untracked 
| 222|0x000000008de00000, 0x000000008de00000, 0x000000008df00000|  0%| F|  |TAMS 0x000000008de00000, 0x000000008de00000| Untracked 
| 223|0x000000008df00000, 0x000000008df00000, 0x000000008e000000|  0%| F|  |TAMS 0x000000008df00000, 0x000000008df00000| Untracked 
| 224|0x000000008e000000, 0x000000008e000000, 0x000000008e100000|  0%| F|  |TAMS 0x000000008e000000, 0x000000008e000000| Untracked 
| 225|0x000000008e100000, 0x000000008e100000, 0x000000008e200000|  0%| F|  |TAMS 0x000000008e100000, 0x000000008e100000| Untracked 
| 226|0x000000008e200000, 0x000000008e200000, 0x000000008e300000|  0%| F|  |TAMS 0x000000008e200000, 0x000000008e200000| Untracked 
| 227|0x000000008e300000, 0x000000008e300000, 0x000000008e400000|  0%| F|  |TAMS 0x000000008e300000, 0x000000008e300000| Untracked 
| 228|0x000000008e400000, 0x000000008e400000, 0x000000008e500000|  0%| F|  |TAMS 0x000000008e400000, 0x000000008e400000| Untracked 
| 229|0x000000008e500000, 0x000000008e500000, 0x000000008e600000|  0%| F|  |TAMS 0x000000008e500000, 0x000000008e500000| Untracked 

Card table byte_map: [0x0000026f7a050000,0x0000026f7a450000] _byte_map_base: 0x0000026f79c50000

Marking Bits (Prev, Next): (CMBitMap*) 0x0000026f77dabba0, (CMBitMap*) 0x0000026f77dabb68
 Prev Bits: [0x0000026f7c850000, 0x0000026f7e850000)
 Next Bits: [0x0000026f7a850000, 0x0000026f7c850000)

Polling page: 0x0000026f77bb0000

Metaspace:

Usage:
  Non-class:     72.87 MB capacity,    71.54 MB ( 98%) used,     1.09 MB (  1%) free+waste,   246.25 KB ( <1%) overhead. 
      Class:     11.51 MB capacity,    10.57 MB ( 92%) used,   850.86 KB (  7%) free+waste,   115.69 KB ( <1%) overhead. 
       Both:     84.38 MB capacity,    82.11 MB ( 97%) used,     1.92 MB (  2%) free+waste,   361.94 KB ( <1%) overhead. 

Virtual space:
  Non-class space:       74.00 MB reserved,      73.01 MB ( 99%) committed 
      Class space:      504.00 MB reserved,      11.63 MB (  2%) committed 
             Both:      578.00 MB reserved,      84.63 MB ( 15%) committed 

Chunk freelists:
   Non-Class:  12.00 KB
       Class:  19.00 KB
        Both:  31.00 KB

MaxMetaspaceSize: 512.00 MB
CompressedClassSpaceSize: 504.00 MB
Initial GC threshold: 20.80 MB
Current GC threshold: 98.55 MB
CDS: off

CodeHeap 'non-profiled nmethods': size=120064Kb used=5992Kb max_used=5992Kb free=114071Kb
 bounds [0x0000026f10160000, 0x0000026f10740000, 0x0000026f176a0000]
CodeHeap 'profiled nmethods': size=120000Kb used=21143Kb max_used=21143Kb free=98856Kb
 bounds [0x0000026f08c30000, 0x0000026f0a0e0000, 0x0000026f10160000]
CodeHeap 'non-nmethods': size=5696Kb used=2379Kb max_used=2420Kb free=3316Kb
 bounds [0x0000026f086a0000, 0x0000026f08910000, 0x0000026f08c30000]
 total_blobs=10435 nmethods=9529 adapters=818
 compilation: enabled
              stopped_count=0, restarted_count=0
 full_count=0

Compilation events (20 events):
Event: 519.435 Thread 0x0000026f7ee53800 9590       3       java.lang.Character::isLowerCase (28 bytes)
Event: 519.435 Thread 0x0000026f7ee53800 nmethod 9590 0x0000026f0a0d5090 code [0x0000026f0a0d5280, 0x0000026f0a0d55f8]
Event: 519.444 Thread 0x0000026f7ee52000 9591       4       groovy.lang.MetaClassImpl::filterPropertyMethod (305 bytes)
Event: 519.587 Thread 0x0000026f7ee53800 9592       3       groovy.lang.MetaClassImpl$Index::getNullable (9 bytes)
Event: 519.588 Thread 0x0000026f7ee53800 nmethod 9592 0x0000026f0a0d5710 code [0x0000026f0a0d58e0, 0x0000026f0a0d5ae8]
Event: 519.730 Thread 0x0000026f7ee52000 nmethod 9591 0x0000026f1072ab90 code [0x0000026f1072aea0, 0x0000026f1072d2a0]
Event: 520.790 Thread 0x0000026f7ee52000 9593       4       java.lang.Class::getMethod (59 bytes)
Event: 521.016 Thread 0x0000026f7ee52000 nmethod 9593 0x0000026f1072e510 code [0x0000026f1072e860, 0x0000026f10731ad8]
Event: 521.138 Thread 0x0000026f7ee52000 9594       4       java.lang.Class::getMethod (59 bytes)
Event: 521.331 Thread 0x0000026f7ee52000 nmethod 9594 0x0000026f10733110 code [0x0000026f10733460, 0x0000026f10736738]
Event: 521.331 Thread 0x0000026f7ee52000 9595       4       jdk.internal.reflect.ReflectionFactory::copyMethod (10 bytes)
Event: 521.338 Thread 0x0000026f7ee52000 nmethod 9595 0x0000026f10737c90 code [0x0000026f10737e40, 0x0000026f10738178]
Event: 521.338 Thread 0x0000026f7ee52000 9596       4       java.lang.Class::getMethod0 (31 bytes)
Event: 521.344 Thread 0x0000026f7ee52000 nmethod 9596 0x0000026f10738310 code [0x0000026f107384c0, 0x0000026f10738708]
Event: 521.392 Thread 0x0000026f7ee53800 9597       3       java.lang.ReflectiveOperationException::<init> (6 bytes)
Event: 521.392 Thread 0x0000026f7ee53800 nmethod 9597 0x0000026f0a0d5b90 code [0x0000026f0a0d5d60, 0x0000026f0a0d5ee8]
Event: 521.447 Thread 0x0000026f7ee52000 9598       4       java.util.ComparableTimSort::binarySort (223 bytes)
Event: 521.527 Thread 0x0000026f7ee52000 nmethod 9598 0x0000026f10738890 code [0x0000026f10738a60, 0x0000026f10739388]
Event: 521.527 Thread 0x0000026f7ee52000 9599   !   4       org.codehaus.groovy.reflection.stdclasses.CachedSAMClass::hasUsableImplementation (72 bytes)
Event: 521.535 Thread 0x0000026f7ee52000 nmethod 9599 0x0000026f10739710 code [0x0000026f10739900, 0x0000026f10739de8]

GC Heap History (20 events):
Event: 445.869 GC heap after
{Heap after GC invocations=37 (full 0):
 garbage-first heap   total 235520K, used 62170K [0x0000000080000000, 0x0000000100000000)
  region size 1024K, 2 young (2048K), 2 survivors (2048K)
 Metaspace       used 74187K, capacity 76373K, committed 76680K, reserved 583680K
  class space    used 9612K, capacity 10527K, committed 10624K, reserved 516096K
}
Event: 452.003 GC heap before
{Heap before GC invocations=37 (full 0):
 garbage-first heap   total 235520K, used 73434K [0x0000000080000000, 0x0000000100000000)
  region size 1024K, 13 young (13312K), 2 survivors (2048K)
 Metaspace       used 75682K, capacity 77848K, committed 78088K, reserved 583680K
  class space    used 9793K, capacity 10720K, committed 10752K, reserved 516096K
}
Event: 452.119 GC heap after
{Heap after GC invocations=38 (full 0):
 garbage-first heap   total 235520K, used 63198K [0x0000000080000000, 0x0000000100000000)
  region size 1024K, 1 young (1024K), 1 survivors (1024K)
 Metaspace       used 75682K, capacity 77848K, committed 78088K, reserved 583680K
  class space    used 9793K, capacity 10720K, committed 10752K, reserved 516096K
}
Event: 460.149 GC heap before
{Heap before GC invocations=38 (full 0):
 garbage-first heap   total 235520K, used 75486K [0x0000000080000000, 0x0000000100000000)
  region size 1024K, 13 young (13312K), 1 survivors (1024K)
 Metaspace       used 77423K, capacity 79692K, committed 79880K, reserved 585728K
  class space    used 9970K, capacity 10885K, committed 11008K, reserved 516096K
}
Event: 460.236 GC heap after
{Heap after GC invocations=39 (full 0):
 garbage-first heap   total 235520K, used 63259K [0x0000000080000000, 0x0000000100000000)
  region size 1024K, 1 young (1024K), 1 survivors (1024K)
 Metaspace       used 77423K, capacity 79692K, committed 79880K, reserved 585728K
  class space    used 9970K, capacity 10885K, committed 11008K, reserved 516096K
}
Event: 471.262 GC heap before
{Heap before GC invocations=39 (full 0):
 garbage-first heap   total 235520K, used 82715K [0x0000000080000000, 0x0000000100000000)
  region size 1024K, 16 young (16384K), 1 survivors (1024K)
 Metaspace       used 79325K, capacity 81583K, committed 81800K, reserved 587776K
  class space    used 10175K, capacity 11110K, committed 11136K, reserved 516096K
}
Event: 471.653 GC heap after
{Heap after GC invocations=40 (full 0):
 garbage-first heap   total 235520K, used 69956K [0x0000000080000000, 0x0000000100000000)
  region size 1024K, 2 young (2048K), 2 survivors (2048K)
 Metaspace       used 79325K, capacity 81583K, committed 81800K, reserved 587776K
  class space    used 10175K, capacity 11110K, committed 11136K, reserved 516096K
}
Event: 474.046 GC heap before
{Heap before GC invocations=40 (full 0):
 garbage-first heap   total 235520K, used 80196K [0x0000000080000000, 0x0000000100000000)
  region size 1024K, 11 young (11264K), 2 survivors (2048K)
 Metaspace       used 79535K, capacity 81767K, committed 81928K, reserved 587776K
  class space    used 10205K, capacity 11146K, committed 11264K, reserved 516096K
}
Event: 474.188 GC heap after
{Heap after GC invocations=41 (full 0):
 garbage-first heap   total 235520K, used 71721K [0x0000000080000000, 0x0000000100000000)
  region size 1024K, 1 young (1024K), 1 survivors (1024K)
 Metaspace       used 79535K, capacity 81767K, committed 81928K, reserved 587776K
  class space    used 10205K, capacity 11146K, committed 11264K, reserved 516096K
}
Event: 479.822 GC heap before
{Heap before GC invocations=41 (full 0):
 garbage-first heap   total 235520K, used 81961K [0x0000000080000000, 0x0000000100000000)
  region size 1024K, 11 young (11264K), 1 survivors (1024K)
 Metaspace       used 80650K, capacity 82925K, committed 83080K, reserved 589824K
  class space    used 10348K, capacity 11275K, committed 11392K, reserved 516096K
}
Event: 479.838 GC heap after
{Heap after GC invocations=42 (full 0):
 garbage-first heap   total 235520K, used 72080K [0x0000000080000000, 0x0000000100000000)
  region size 1024K, 2 young (2048K), 2 survivors (2048K)
 Metaspace       used 80650K, capacity 82925K, committed 83080K, reserved 589824K
  class space    used 10348K, capacity 11275K, committed 11392K, reserved 516096K
}
Event: 483.002 GC heap before
{Heap before GC invocations=42 (full 0):
 garbage-first heap   total 235520K, used 82320K [0x0000000080000000, 0x0000000100000000)
  region size 1024K, 12 young (12288K), 2 survivors (2048K)
 Metaspace       used 81457K, capacity 83738K, committed 83848K, reserved 589824K
  class space    used 10448K, capacity 11374K, committed 11392K, reserved 516096K
}
Event: 483.105 GC heap after
{Heap after GC invocations=43 (full 0):
 garbage-first heap   total 235520K, used 72912K [0x0000000080000000, 0x0000000100000000)
  region size 1024K, 2 young (2048K), 2 survivors (2048K)
 Metaspace       used 81457K, capacity 83738K, committed 83848K, reserved 589824K
  class space    used 10448K, capacity 11374K, committed 11392K, reserved 516096K
}
Event: 488.593 GC heap before
{Heap before GC invocations=43 (full 0):
 garbage-first heap   total 235520K, used 83152K [0x0000000080000000, 0x0000000100000000)
  region size 1024K, 13 young (13312K), 2 survivors (2048K)
 Metaspace       used 82362K, capacity 84667K, committed 84744K, reserved 589824K
  class space    used 10548K, capacity 11470K, committed 11520K, reserved 516096K
}
Event: 488.723 GC heap after
{Heap after GC invocations=44 (full 0):
 garbage-first heap   total 235520K, used 73626K [0x0000000080000000, 0x0000000100000000)
  region size 1024K, 2 young (2048K), 2 survivors (2048K)
 Metaspace       used 82362K, capacity 84667K, committed 84744K, reserved 589824K
  class space    used 10548K, capacity 11470K, committed 11520K, reserved 516096K
}
Event: 498.041 GC heap before
{Heap before GC invocations=44 (full 0):
 garbage-first heap   total 235520K, used 87962K [0x0000000080000000, 0x0000000100000000)
  region size 1024K, 15 young (15360K), 2 survivors (2048K)
 Metaspace       used 83401K, capacity 85661K, committed 85896K, reserved 591872K
  class space    used 10692K, capacity 11604K, committed 11648K, reserved 516096K
}
Event: 498.175 GC heap after
{Heap after GC invocations=45 (full 0):
 garbage-first heap   total 235520K, used 75027K [0x0000000080000000, 0x0000000100000000)
  region size 1024K, 2 young (2048K), 2 survivors (2048K)
 Metaspace       used 83401K, capacity 85661K, committed 85896K, reserved 591872K
  class space    used 10692K, capacity 11604K, committed 11648K, reserved 516096K
}
Event: 519.954 GC heap before
{Heap before GC invocations=45 (full 0):
 garbage-first heap   total 235520K, used 89363K [0x0000000080000000, 0x0000000100000000)
  region size 1024K, 16 young (16384K), 2 survivors (2048K)
 Metaspace       used 84076K, capacity 86409K, committed 86664K, reserved 591872K
  class space    used 10822K, capacity 11789K, committed 11904K, reserved 516096K
}
Event: 520.738 GC heap after
{Heap after GC invocations=46 (full 0):
 garbage-first heap   total 235520K, used 75665K [0x0000000080000000, 0x0000000100000000)
  region size 1024K, 2 young (2048K), 2 survivors (2048K)
 Metaspace       used 84076K, capacity 86409K, committed 86664K, reserved 591872K
  class space    used 10822K, capacity 11789K, committed 11904K, reserved 516096K
}
Event: 521.556 GC heap before
{Heap before GC invocations=46 (full 0):
 garbage-first heap   total 235520K, used 84881K [0x0000000080000000, 0x0000000100000000)
  region size 1024K, 11 young (11264K), 2 survivors (2048K)
 Metaspace       used 84076K, capacity 86409K, committed 86664K, reserved 591872K
  class space    used 10822K, capacity 11789K, committed 11904K, reserved 516096K
}

Deoptimization events (20 events):
Event: 497.847 Thread 0x0000026f7f84b800 Uncommon trap: trap_request=0xffffff4d fr.pc=0x0000026f1018dd34 relative=0x00000000000001f4
Event: 497.847 Thread 0x0000026f7f84b800 Uncommon trap: reason=unstable_if action=reinterpret pc=0x0000026f1018dd34 method=java.lang.AbstractStringBuilder.isLatin1()Z @ 10 c2
Event: 497.847 Thread 0x0000026f7f84b800 DEOPT PACKING pc=0x0000026f1018dd34 sp=0x000000b2ad9f6280
Event: 497.847 Thread 0x0000026f7f84b800 DEOPT UNPACKING pc=0x0000026f086ea1af sp=0x000000b2ad9f61c0 mode 2
Event: 497.882 Thread 0x0000026f7f84b800 Uncommon trap: trap_request=0xffffff4d fr.pc=0x0000026f106ab048 relative=0x0000000000001fe8
Event: 497.882 Thread 0x0000026f7f84b800 Uncommon trap: reason=unstable_if action=reinterpret pc=0x0000026f106ab048 method=java.util.regex.Pattern.closure(Ljava/util/regex/Pattern$Node;)Ljava/util/regex/Pattern$Node; @ 79 c2
Event: 497.882 Thread 0x0000026f7f84b800 DEOPT PACKING pc=0x0000026f106ab048 sp=0x000000b2ad9f5df0
Event: 497.882 Thread 0x0000026f7f84b800 DEOPT UNPACKING pc=0x0000026f086ea1af sp=0x000000b2ad9f5da0 mode 2
Event: 508.781 Thread 0x0000026f7f84b800 Uncommon trap: trap_request=0xffffff4d fr.pc=0x0000026f1048e614 relative=0x0000000000000254
Event: 508.781 Thread 0x0000026f7f84b800 Uncommon trap: reason=unstable_if action=reinterpret pc=0x0000026f1048e614 method=jdk.internal.org.objectweb.asm.Type.getType([CI)Ljdk/internal/org/objectweb/asm/Type; @ 3 c2
Event: 508.932 Thread 0x0000026f7f84b800 DEOPT PACKING pc=0x0000026f1048e614 sp=0x000000b2ad9f73e0
Event: 508.985 Thread 0x0000026f7f84b800 DEOPT UNPACKING pc=0x0000026f086ea1af sp=0x000000b2ad9f73a8 mode 2
Event: 518.183 Thread 0x0000026f7f84b800 Uncommon trap: trap_request=0xffffff4d fr.pc=0x0000026f1030acec relative=0x000000000000032c
Event: 518.184 Thread 0x0000026f7f84b800 Uncommon trap: reason=unstable_if action=reinterpret pc=0x0000026f1030acec method=java.util.StringJoiner.add(Ljava/lang/CharSequence;)Ljava/util/StringJoiner; @ 33 c2
Event: 518.184 Thread 0x0000026f7f84b800 DEOPT PACKING pc=0x0000026f1030acec sp=0x000000b2ad9f55a0
Event: 518.196 Thread 0x0000026f7f84b800 DEOPT UNPACKING pc=0x0000026f086ea1af sp=0x000000b2ad9f5550 mode 2
Event: 521.020 Thread 0x0000026f7f84b800 Uncommon trap: trap_request=0xfffffff4 fr.pc=0x0000026f10731920 relative=0x00000000000030c0
Event: 521.020 Thread 0x0000026f7f84b800 Uncommon trap: reason=null_check action=make_not_entrant pc=0x0000026f10731920 method=java.lang.PublicMethods$MethodList.getMostSpecific()Ljava/lang/reflect/Method; @ 41 c2
Event: 521.020 Thread 0x0000026f7f84b800 DEOPT PACKING pc=0x0000026f10731920 sp=0x000000b2ad9f4690
Event: 521.033 Thread 0x0000026f7f84b800 DEOPT UNPACKING pc=0x0000026f086ea1af sp=0x000000b2ad9f4590 mode 2

Classes redefined (0 events):
No events

Internal exceptions (20 events):
Event: 465.946 Thread 0x0000026f7f84b800 Implicit null exception at 0x0000026f102f880b to 0x0000026f102f88e8
Event: 469.080 Thread 0x0000026f7f84b800 Implicit null exception at 0x0000026f102f1f2c to 0x0000026f102f204e
Event: 473.622 Thread 0x0000026f7f84b800 Exception <a 'sun/nio/fs/WindowsException'{0x000000008dd69c78}> (0x000000008dd69c78) thrown at [./src/hotspot/share/prims/jni.cpp, line 617]
Event: 493.999 Thread 0x0000026f7f84b800 Implicit null exception at 0x0000026f10515d66 to 0x0000026f10515e30
Event: 510.307 Thread 0x0000026f7f84b800 Exception <a 'java/lang/NoSuchMethodError'{0x000000008e071888}: 'java.lang.Object java.lang.invoke.DirectMethodHandle$Holder.invokeStatic(java.lang.Object, java.lang.Object, java.lang.Object, java.lang.Object, java.lang.Object, java.lang.Object, int)'> (0x000000008e071888) thrown at [./src/hotspot/share/interpreter/linkResolver.cpp, line 773]
Event: 510.413 Thread 0x0000026f7f84b800 Exception <a 'java/lang/NoSuchMethodError'{0x000000008e076a68}: 'java.lang.Object java.lang.invoke.DirectMethodHandle$Holder.invokeSpecial(java.lang.Object, java.lang.Object, java.lang.Object, java.lang.Object, java.lang.Object, java.lang.Object, java.lang.Object, int)'> (0x000000008e076a68) thrown at [./src/hotspot/share/interpreter/linkResolver.cpp, line 773]
Event: 510.441 Thread 0x0000026f7f84b800 Exception <a 'java/lang/NoSuchMethodError'{0x000000008e07b658}: 'java.lang.Object java.lang.invoke.Invokers$Holder.linkToTargetMethod(java.lang.Object, java.lang.Object, java.lang.Object, java.lang.Object, java.lang.Object, int, java.lang.Object)'> (0x000000008e07b658) thrown at [./src/hotspot/share/interpreter/linkResolver.cpp, line 773]
Event: 517.409 Thread 0x0000026f7f84b800 Exception <a 'java/lang/ClassNotFoundException'{0x000000008dc15ab0}: com/android/build/gradle/internal/dsl/BaseAppModuleExtension_DecoratedBeanInfo> (0x000000008dc15ab0) thrown at [./src/hotspot/share/classfile/systemDictionary.cpp, line 230]
Event: 517.435 Thread 0x0000026f7f84b800 Exception <a 'java/lang/ClassNotFoundException'{0x000000008dc30a48}: com/android/build/gradle/internal/dsl/BaseAppModuleExtensionBeanInfo> (0x000000008dc30a48) thrown at [./src/hotspot/share/classfile/systemDictionary.cpp, line 230]
Event: 517.442 Thread 0x0000026f7f84b800 Exception <a 'java/lang/ClassNotFoundException'{0x000000008dc4b7a8}: com/android/build/gradle/AppExtensionBeanInfo> (0x000000008dc4b7a8) thrown at [./src/hotspot/share/classfile/systemDictionary.cpp, line 230]
Event: 517.457 Thread 0x0000026f7f84b800 Exception <a 'java/lang/ClassNotFoundException'{0x000000008dc64168}: com/android/build/gradle/AbstractAppExtensionBeanInfo> (0x000000008dc64168) thrown at [./src/hotspot/share/classfile/systemDictionary.cpp, line 230]
Event: 517.471 Thread 0x0000026f7f84b800 Exception <a 'java/lang/ClassNotFoundException'{0x000000008dc7ba50}: com/android/build/gradle/TestedExtensionBeanInfo> (0x000000008dc7ba50) thrown at [./src/hotspot/share/classfile/systemDictionary.cpp, line 230]
Event: 517.487 Thread 0x0000026f7f84b800 Exception <a 'java/lang/ClassNotFoundException'{0x000000008dc93490}: com/android/build/gradle/BaseExtensionBeanInfo> (0x000000008dc93490) thrown at [./src/hotspot/share/classfile/systemDictionary.cpp, line 230]
Event: 517.640 Thread 0x0000026f7f84b800 Exception <a 'java/lang/ClassNotFoundException'{0x000000008dcaad40}: com/android/build/gradle/BaseExtensionCustomizer> (0x000000008dcaad40) thrown at [./src/hotspot/share/classfile/systemDictionary.cpp, line 230]
Event: 518.660 Thread 0x0000026f7f84b800 Exception <a 'java/lang/ClassNotFoundException'{0x000000008db1fae0}: com/android/build/gradle/TestedExtensionCustomizer> (0x000000008db1fae0) thrown at [./src/hotspot/share/classfile/systemDictionary.cpp, line 230]
Event: 518.675 Thread 0x0000026f7f84b800 Exception <a 'java/lang/ClassNotFoundException'{0x000000008db52a48}: com/android/build/gradle/AbstractAppExtensionCustomizer> (0x000000008db52a48) thrown at [./src/hotspot/share/classfile/systemDictionary.cpp, line 230]
Event: 518.764 Thread 0x0000026f7f84b800 Exception <a 'java/lang/ClassNotFoundException'{0x000000008db80758}: com/android/build/gradle/AppExtensionCustomizer> (0x000000008db80758) thrown at [./src/hotspot/share/classfile/systemDictionary.cpp, line 230]
Event: 518.802 Thread 0x0000026f7f84b800 Exception <a 'java/lang/ClassNotFoundException'{0x000000008dbb15a0}: com/android/build/gradle/internal/dsl/BaseAppModuleExtensionCustomizer> (0x000000008dbb15a0) thrown at [./src/hotspot/share/classfile/systemDictionary.cpp, line 230]
Event: 518.934 Thread 0x0000026f7f84b800 Exception <a 'java/lang/ClassNotFoundException'{0x000000008da9ee48}: com/android/build/gradle/internal/dsl/BaseAppModuleExtension_DecoratedCustomizer> (0x000000008da9ee48) thrown at [./src/hotspot/share/classfile/systemDictionary.cpp, line 230]
Event: 521.020 Thread 0x0000026f7f84b800 Implicit null exception at 0x0000026f1072f5e9 to 0x0000026f107318e0

Events (20 events):
Event: 518.752 loading class com/android/build/gradle/AppExtensionCustomizer done
Event: 518.763 loading class com/android/build/gradle/AppExtensionCustomizer
Event: 518.763 loading class com/android/build/gradle/AppExtensionCustomizer done
Event: 518.782 loading class com/android/build/gradle/internal/dsl/BaseAppModuleExtensionCustomizer
Event: 518.782 loading class com/android/build/gradle/internal/dsl/BaseAppModuleExtensionCustomizer done
Event: 518.802 loading class com/android/build/gradle/internal/dsl/BaseAppModuleExtensionCustomizer
Event: 518.802 loading class com/android/build/gradle/internal/dsl/BaseAppModuleExtensionCustomizer done
Event: 518.933 loading class com/android/build/gradle/internal/dsl/BaseAppModuleExtension_DecoratedCustomizer
Event: 518.933 loading class com/android/build/gradle/internal/dsl/BaseAppModuleExtension_DecoratedCustomizer done
Event: 518.934 loading class com/android/build/gradle/internal/dsl/BaseAppModuleExtension_DecoratedCustomizer
Event: 518.934 loading class com/android/build/gradle/internal/dsl/BaseAppModuleExtension_DecoratedCustomizer done
Event: 519.643 loading class groovy/runtime/metaclass/build_7el43iefri8i6kwjxgzbxt96t$_run_closure2$_closure4MetaClass
Event: 519.643 loading class groovy/runtime/metaclass/build_7el43iefri8i6kwjxgzbxt96t$_run_closure2$_closure4MetaClass done
Event: 519.731 loading class org/gradle/util/internal/ConfigureUtil
Event: 519.731 loading class org/gradle/util/internal/ConfigureUtil done
Event: 519.740 loading class groovy/runtime/metaclass/com/android/build/gradle/internal/dsl/DefaultConfig$AgpDecorated_DecoratedMetaClass
Event: 519.740 loading class groovy/runtime/metaclass/com/android/build/gradle/internal/dsl/DefaultConfig$AgpDecorated_DecoratedMetaClass done
Event: 519.918 Executing VM operation: G1CollectForAllocation
Event: 520.738 Executing VM operation: G1CollectForAllocation done
Event: 521.538 Executing VM operation: G1CollectForAllocation


Dynamic libraries:
0x00007ff68b490000 - 0x00007ff68b49d000 	C:\Program Files\Microsoft\jdk-11.0.18.10-hotspot\bin\java.exe
0x00007ff991830000 - 0x00007ff991a28000 	C:\WINDOWS\SYSTEM32\ntdll.dll
0x00007ff991210000 - 0x00007ff9912cf000 	C:\WINDOWS\System32\KERNEL32.DLL
0x00007ff98f3f0000 - 0x00007ff98f6e6000 	C:\WINDOWS\System32\KERNELBASE.dll
0x00007ff98f160000 - 0x00007ff98f260000 	C:\WINDOWS\System32\ucrtbase.dll
0x00007ff985880000 - 0x00007ff985897000 	C:\Program Files\Microsoft\jdk-11.0.18.10-hotspot\bin\jli.dll
0x00007ff9854f0000 - 0x00007ff985505000 	C:\Program Files\Microsoft\jdk-11.0.18.10-hotspot\bin\VCRUNTIME140.dll
0x00007ff9902e0000 - 0x00007ff99047d000 	C:\WINDOWS\System32\USER32.dll
0x00007ff98f810000 - 0x00007ff98f832000 	C:\WINDOWS\System32\win32u.dll
0x00007ff990490000 - 0x00007ff9904bc000 	C:\WINDOWS\System32\GDI32.dll
0x00007ff98f040000 - 0x00007ff98f155000 	C:\WINDOWS\System32\gdi32full.dll
0x00007ff98efa0000 - 0x00007ff98f03d000 	C:\WINDOWS\System32\msvcp_win.dll
0x00007ff970490000 - 0x00007ff97072a000 	C:\WINDOWS\WinSxS\amd64_microsoft.windows.common-controls_6595b64144ccf1df_6.0.19041.1110_none_60b5254171f9507e\COMCTL32.dll
0x00007ff990570000 - 0x00007ff99060e000 	C:\WINDOWS\System32\msvcrt.dll
0x00007ff990610000 - 0x00007ff990640000 	C:\WINDOWS\System32\IMM32.DLL
0x00007ff9545e0000 - 0x00007ff95467b000 	C:\Program Files\Microsoft\jdk-11.0.18.10-hotspot\bin\msvcp140.dll
0x00007ff91aa60000 - 0x00007ff91b5f2000 	C:\Program Files\Microsoft\jdk-11.0.18.10-hotspot\bin\server\jvm.dll
0x00007ff9912d0000 - 0x00007ff99137f000 	C:\WINDOWS\System32\ADVAPI32.dll
0x00007ff990f00000 - 0x00007ff990f9c000 	C:\WINDOWS\System32\sechost.dll
0x00007ff98faf0000 - 0x00007ff98fc16000 	C:\WINDOWS\System32\RPCRT4.dll
0x00007ff991050000 - 0x00007ff991058000 	C:\WINDOWS\System32\PSAPI.DLL
0x00007ff9838d0000 - 0x00007ff9838f7000 	C:\WINDOWS\SYSTEM32\WINMM.dll
0x00007ff984270000 - 0x00007ff98427a000 	C:\WINDOWS\SYSTEM32\VERSION.dll
0x00007ff9724c0000 - 0x00007ff9724c9000 	C:\WINDOWS\SYSTEM32\WSOCK32.dll
0x00007ff990140000 - 0x00007ff9901ab000 	C:\WINDOWS\System32\WS2_32.dll
0x00007ff98d990000 - 0x00007ff98d9a2000 	C:\WINDOWS\SYSTEM32\kernel.appcore.dll
0x00007ff986740000 - 0x00007ff986750000 	C:\Program Files\Microsoft\jdk-11.0.18.10-hotspot\bin\verify.dll
0x00007ff986880000 - 0x00007ff986a64000 	C:\WINDOWS\SYSTEM32\DBGHELP.DLL
0x00007ff972480000 - 0x00007ff9724b4000 	C:\WINDOWS\SYSTEM32\dbgcore.DLL
0x00007ff98ef10000 - 0x00007ff98ef92000 	C:\WINDOWS\System32\bcryptPrimitives.dll
0x00007ff976e10000 - 0x00007ff976e38000 	C:\Program Files\Microsoft\jdk-11.0.18.10-hotspot\bin\java.dll
0x00007ff985d70000 - 0x00007ff985d7a000 	C:\Program Files\Microsoft\jdk-11.0.18.10-hotspot\bin\jimage.dll
0x00007ff976df0000 - 0x00007ff976e08000 	C:\Program Files\Microsoft\jdk-11.0.18.10-hotspot\bin\zip.dll
0x00007ff9907b0000 - 0x00007ff990ef4000 	C:\WINDOWS\System32\SHELL32.dll
0x00007ff98c9e0000 - 0x00007ff98d173000 	C:\WINDOWS\SYSTEM32\windows.storage.dll
0x00007ff98fcb0000 - 0x00007ff990004000 	C:\WINDOWS\System32\combase.dll
0x00007ff98e890000 - 0x00007ff98e8be000 	C:\WINDOWS\SYSTEM32\Wldp.dll
0x00007ff990fa0000 - 0x00007ff99104d000 	C:\WINDOWS\System32\SHCORE.dll
0x00007ff98f8f0000 - 0x00007ff98f945000 	C:\WINDOWS\System32\shlwapi.dll
0x00007ff98ee50000 - 0x00007ff98ee6f000 	C:\WINDOWS\SYSTEM32\profapi.dll
0x00007ff96ae10000 - 0x00007ff96ae29000 	C:\Program Files\Microsoft\jdk-11.0.18.10-hotspot\bin\net.dll
0x00007ff982c30000 - 0x00007ff982d3a000 	C:\WINDOWS\SYSTEM32\WINHTTP.dll
0x00007ff98e5f0000 - 0x00007ff98e65a000 	C:\WINDOWS\system32\mswsock.dll
0x00007ff95c860000 - 0x00007ff95c873000 	C:\Program Files\Microsoft\jdk-11.0.18.10-hotspot\bin\nio.dll
0x00007ff9593b0000 - 0x00007ff9593d7000 	C:\Users\hp\.gradle\native\e1d6ef7f7dcc3fd88c89a11ec53ec762bb8ba0a96d01ffa2cd45eb1d1d8dd5c5\windows-amd64\native-platform.dll
0x00007ff9540c0000 - 0x00007ff954204000 	C:\Users\hp\.gradle\native\0d407fdbe67a94daf76414ababcb853783967236a71b16ec16e742cd7a986fd3\windows-amd64\native-platform-file-events.dll
0x00007ff97eec0000 - 0x00007ff97eec9000 	C:\Program Files\Microsoft\jdk-11.0.18.10-hotspot\bin\management.dll
0x00007ff97dd10000 - 0x00007ff97dd1b000 	C:\Program Files\Microsoft\jdk-11.0.18.10-hotspot\bin\management_ext.dll
0x00007ff98e7f0000 - 0x00007ff98e808000 	C:\WINDOWS\SYSTEM32\CRYPTSP.dll
0x00007ff98df10000 - 0x00007ff98df44000 	C:\WINDOWS\system32\rsaenh.dll
0x00007ff98f3c0000 - 0x00007ff98f3e7000 	C:\WINDOWS\System32\bcrypt.dll
0x00007ff98ee10000 - 0x00007ff98ee3e000 	C:\WINDOWS\SYSTEM32\USERENV.dll
0x00007ff98e7e0000 - 0x00007ff98e7ec000 	C:\WINDOWS\SYSTEM32\CRYPTBASE.dll
0x00007ff98e2e0000 - 0x00007ff98e31c000 	C:\WINDOWS\SYSTEM32\IPHLPAPI.DLL
0x00007ff990480000 - 0x00007ff990488000 	C:\WINDOWS\System32\NSI.dll
0x00007ff9831e0000 - 0x00007ff9831f7000 	C:\WINDOWS\SYSTEM32\dhcpcsvc6.DLL
0x00007ff984280000 - 0x00007ff98429d000 	C:\WINDOWS\SYSTEM32\dhcpcsvc.DLL
0x00007ff98e320000 - 0x00007ff98e3eb000 	C:\WINDOWS\SYSTEM32\DNSAPI.dll

dbghelp: loaded successfully - version: 4.0.5 - missing functions: none
symbol engine: initialized successfully - sym options: 0x614 - pdb path: .;C:\Program Files\Microsoft\jdk-11.0.18.10-hotspot\bin;C:\WINDOWS\SYSTEM32;C:\WINDOWS\WinSxS\amd64_microsoft.windows.common-controls_6595b64144ccf1df_6.0.19041.1110_none_60b5254171f9507e;C:\Program Files\Microsoft\jdk-11.0.18.10-hotspot\bin\server;C:\Users\hp\.gradle\native\e1d6ef7f7dcc3fd88c89a11ec53ec762bb8ba0a96d01ffa2cd45eb1d1d8dd5c5\windows-amd64;C:\Users\hp\.gradle\native\0d407fdbe67a94daf76414ababcb853783967236a71b16ec16e742cd7a986fd3\windows-amd64

VM Arguments:
jvm_args: -XX:MaxMetaspaceSize=512m --add-opens=java.base/java.util=ALL-UNNAMED --add-opens=java.base/java.lang=ALL-UNNAMED --add-opens=java.base/java.lang.invoke=ALL-UNNAMED --add-opens=java.base/java.util=ALL-UNNAMED --add-opens=java.prefs/java.util.prefs=ALL-UNNAMED --add-opens=java.prefs/java.util.prefs=ALL-UNNAMED --add-opens=java.base/java.nio.charset=ALL-UNNAMED --add-opens=java.base/java.net=ALL-UNNAMED --add-opens=java.base/java.util.concurrent.atomic=ALL-UNNAMED -Xmx2048m -Dfile.encoding=windows-1252 -Duser.country=US -Duser.language=en -Duser.variant 
java_command: org.gradle.launcher.daemon.bootstrap.GradleDaemon 7.5.1
java_class_path (initial): C:\Users\hp\.gradle\wrapper\dists\gradle-7.5.1-all\1ehga6e77gqps5uk2kc5kf1vc\gradle-7.5.1\lib\gradle-launcher-7.5.1.jar
Launcher Type: SUN_STANDARD

[Global flags]
     intx CICompilerCount                          = 3                                         {product} {ergonomic}
   size_t CompressedClassSpaceSize                 = 528482304                                 {product} {ergonomic}
     uint ConcGCThreads                            = 1                                         {product} {ergonomic}
     uint G1ConcRefinementThreads                  = 4                                         {product} {ergonomic}
   size_t G1HeapRegionSize                         = 1048576                                   {product} {ergonomic}
    uintx GCDrainStackTargetSize                   = 64                                        {product} {ergonomic}
   size_t InitialHeapSize                          = 134217728                                 {product} {ergonomic}
   size_t MarkStackSize                            = 4194304                                   {product} {ergonomic}
   size_t MaxHeapSize                              = 2147483648                                {product} {command line}
   size_t MaxMetaspaceSize                         = 536870912                                 {product} {command line}
   size_t MaxNewSize                               = 1287651328                                {product} {ergonomic}
   size_t MinHeapDeltaBytes                        = 1048576                                   {product} {ergonomic}
    uintx NonNMethodCodeHeapSize                   = 5830732                                {pd product} {ergonomic}
    uintx NonProfiledCodeHeapSize                  = 122913754                              {pd product} {ergonomic}
    uintx ProfiledCodeHeapSize                     = 122913754                              {pd product} {ergonomic}
    uintx ReservedCodeCacheSize                    = 251658240                              {pd product} {ergonomic}
     bool SegmentedCodeCache                       = true                                      {product} {ergonomic}
     bool UseCompressedClassPointers               = true                                 {lp64_product} {ergonomic}
     bool UseCompressedOops                        = true                                 {lp64_product} {ergonomic}
     bool UseG1GC                                  = true                                      {product} {ergonomic}
     bool UseLargePagesIndividualAllocation        = false                                  {pd product} {ergonomic}

Logging:
Log output configuration:
 #0: stdout all=warning uptime,level,tags
 #1: stderr all=off uptime,level,tags

Environment Variables:
JAVA_HOME=C:\Program Files\Microsoft\jdk-11.0.18.10-hotspot
CLASSPATH=D:\LoginSignupPage\LoginSignup\android\\gradle\wrapper\gradle-wrapper.jar
PATH=D:\LoginSignupPage\LoginSignup\android\node_modules\.bin;D:\LoginSignupPage\LoginSignup\node_modules\.bin;D:\LoginSignupPage\node_modules\.bin;D:\node_modules\.bin;C:\Program Files\nodejs;D:\LoginSignupPage\LoginSignup\node_modules\.bin;D:\LoginSignupPage\LoginSignup\node_modules\.bin;D:\LoginSignupPage\node_modules\.bin;D:\node_modules\.bin;C:\Program Files\nodejs\node_modules\npm\node_modules\@npmcli\run-script\lib\node-gyp-bin;D:\LoginSignupPage\LoginSignup\node_modules\.bin;D:\LoginSignupPage\node_modules\.bin;D:\node_modules\.bin;C:\Program Files\nodejs;D:\LoginSignupPage\LoginSignup\node_modules\.bin;D:\LoginSignupPage\node_modules\.bin;D:\node_modules\.bin;C:\Program Files\nodejs\node_modules\npm\node_modules\@npmcli\run-script\lib\node-gyp-bin;C:\Program Files\Microsoft\jdk-11.0.18.10-hotspot\bin;C:\WINDOWS\system32;C:\WINDOWS;C:\WINDOWS\System32\Wbem;C:\WINDOWS\System32\WindowsPowerShell\v1.0\;C:\WINDOWS\System32\OpenSSH\;C:\Program Files\Git\cmd;C:\Program Files\Git\mingw64\bin;C:\Program Files\Git\usr\bin;C:\Users\hp\Downloads\jre-8u192-windows-x64\jre1.8.0_192\bin;C:\Users\hp\Downloads\gradle-7.6-bin\gradle-7.6\bin;C:\Users\hp\Downloads\jre-8u192-windows-x64\jre1.8.0_192\bin;C:\Program Files\nodejs\;C:\ProgramData\chocolatey\bin;C:\Users\hp\AppData\Local\Microsoft\WindowsApps;C:\Users\hp\AppData\Local\Programs\Microsoft VS Code\bin;C:\Program Files\JetBrains\IntelliJ IDEA Community Edition 2022.3.1\bin;;C:\Users\hp\AppData\Roaming\npm;C:\Users\hp\AppData\Local\Android\Sdk\platform-tools;
USERNAME=hp
LANG=en_US.UTF-8
OS=Windows_NT
PROCESSOR_IDENTIFIER=Intel64 Family 6 Model 78 Stepping 3, GenuineIntel
TMP=C:\Users\hp\AppData\Local\Temp
TEMP=C:\Users\hp\AppData\Local\Temp



---------------  S Y S T E M  ---------------

OS: Windows 10 , 64 bit Build 19041 (10.0.19041.2913)
OS uptime: 2 days 18:42 hours

CPU:total 4 (initial active 4) (2 cores per cpu, 2 threads per core) family 6 model 78 stepping 3 microcode 0xea, cmov, cx8, fxsr, mmx, sse, sse2, sse3, ssse3, sse4.1, sse4.2, popcnt, avx, avx2, aes, clmul, erms, rtm, 3dnowpref, lzcnt, ht, tsc, tscinvbit, bmi1, bmi2, adx, fma

Memory: 4k page, system-wide physical 8071M (127M free)
TotalPageFile size 20399M (AvailPageFile size 77M)
current process WorkingSet (physical memory assigned to process): 93M, peak: 192M
current process commit charge ("private bytes"): 482M, peak: 568M

vm_info: OpenJDK 64-Bit Server VM (11.0.18+10-LTS) for windows-amd64 JRE (11.0.18+10-LTS), built on Jan 18 2023 15:56:47 by "MicrosoftCorporation" with MS VC++ 15.9 (VS2017)

END.
